
   0001 0000 0 0000 74 0002      0       00000001000 START       0  0 MEASY ASSEMBLER
   0000 1000 0 0140 40 8000      0 MREAD 00140008000 MRD         0  0
   0000 1001 0 5000 64 0000¤     0       00000000000 CAD         5F 5
   0000 1002 0 7000 12 0000¤     1       00000000000 STA   GET   0  7
   1002 1003 0 0000 66 4000      0 GET   00000004000 CAA         0  0
   0000 1004 0 5000 12 0000¤     0       00000000000 STA   T0    0  5
   0000 1005 0 0000 13 0004      0       00000000004 SRT         0  0
   0000 1006 0 5000 12 0000¤     2       00000000000 STA   T1    0  5
   0000 1007 0 5000 74 1004¤     0       00000000000 ADD   T0    0  5
   0000 1008 0 0000 28 5699      0       00000005699 BOF         0  0
   0000 1009 0 6000 20 0000¤     0       00000000000 BUN   TRY   0  6
   0000 1010 0 5000 64 1006¤     0 NXT   00000000000 CAD   T1    0  5
   0000 1011 0 5000 74 0000¤     0       00000000000 ADD         7F 5
   0000 1012 0 7000 28 0000¤     0       00000000000 BOF         3F 7
   0000 1013 0 0000 72 7003      0       00000000000 LDB   GET   0  7
   0000 1014 1 0000 64 0001      0       10000000001 CAD         0  0
   0000 1015 0 5000 72 1010¤     0       00000000000 LDB   T1    0  5
   0000 1016 1 0000 12 0000      0       10000000000 STA         0  0
   1012 1017 0 0000 64 7003      3       00000000000 CAD   GET   0  7
   0000 1018 0 5000 74 0000¤     0       00000000000 ADD         8F 5
   0000 1019 0 0000 28 7002      0       00000000000 BOF         1B 7
   0000 1020 1 0000 64 0001      0 FIX   10000000001 CAD         0  0
   0000 1021 0 5000 12 1007¤     0       00000000000 STA   T0    0  5
   0000 1022 0 5000 63 0000¤     0       00000000000 EXT         6F 5
   0000 1023 0 5000 76 1015¤     0       00000000000 ADA   T1    0  5
   0000 1024 0 0000 13 0009      0       00000000009 SRT         0  0
   0000 1025 0 6000 04 0000¤     0       00000000000 CNZ         1F 6
   0000 1026 0 0000 13 0001      0       00000000001 SRT         0  0
   0000 1027 0 5000 64 1021¤     3       00000000000 CAD   T0    0  5
   0000 1028 0 0000 14 0010      0       00000000010 SLT         0  0
   0000 1029 1 0000 02 0001      0       10000000001 STC         0  0
   1009 1030 0 5000 72 1027¤     0 TRY   00000000000 LDB   T0    0  5
   0000 1031 0 0000 22 6020      0       00000000000 DBB   FIX   0  6
   0000 1032 0 0000 20 7010      0       00000000000 BUN   NXT   0  7
   1025 1033 0 5000 02 0000¤     1       00000000000 STC   T2    0  5
   0000 1034 0 0000 14 0006      0       00000000006 SLT         0  0
   0000 1035 0 5000 63 0000¤     0       00000000000 EXT         9F 5
   0000 1036 0 5000 74 1033¤     0       00000000000 ADD   T2    0  5
   0000 1037 0 0000 13 0007      0       00000000007 SRT         0  0
   0000 1038 0 0000 20 6027      0       00000000000 BUN         3B 6
   0000 1039 0 0000 08 7555      0 HLT   00000007555 HLT         0  0
   1001 1040 0 9000 66 4000      5       09000004000 CAA         0  0
   1022 1041 0 1111 11 0000      6       01111110000             0  0
   1011 1042 0 9999 99 6000      7       09999996000             0  0
   1018 1043 0 9000 00 0002      8       09000000002             0  0
   1035 1044 0 1111 11 1110      9       01111111110             0  0
   1030 1045 0 0000 35 1039      0 T0    00000000000 BT5   HLT   0  0
   1023 1046 0 0000 36 1020      0 T1    00000000000 BT6   FIX   0  0
   1036 1047 0 0000 30 1000      0 T2    00000000000 CUB   MREAD 0  0
   0000 1048 0 0010 48 0000¤     0 BEGIN 00010000000 CRF   FI    0  0
   0000 1049 0 0030 58 0000¤     0       00030000000 CWF   FO    0  0
   0000 1050 0 0340 50 1000      0       00340001000 MOW         0  0
   0000 1051 0 0000 28 7050      0       00000000000 BOF         1- 7
   0000 1052 0 0000 35 0000¤     0       00000000000 BT5   PROC  0  0
   0000 1053 0 0000 36 8000      0       00000008000 BT6         0  0
   0000 1054 0 5000 20 1052¤     0       00000000000 BUN   PROC  0  5
   1054 1055 0 0010 44 6005      0 PROC  00010006005 CRD         0  0
   0000 1056 0 0000 26 1600      0 LOOK  00000001600 BF6         0  0
   0000 1057 0 0000 64 6012      0       00000006012 CAD         0  0
   0000 1058 0 5000 04 0000¤     0       00000000000 CNZ         1F 5
   0000 1059 0 0000 64 6011      0 ADDR  00000006011 CAD         0  0
   0000 1060 0 5000 04 0000¤     0       00000000000 CNZ         2F 5
   0000 1061 0 0000 72 6009      0       00000006009 LDB         0  0
   0000 1062 0 5000 22 0000¤     0       00000000000 DBB         3F 5
   0000 1063 0 0000 73 6012      0 FLAG  00000006012 OSD         0  0
   0000 1064 0 0000 38 0000¤     0       00000000000 CCB   STRT  0  0
   0000 1065 0 0000 30 0000¤     0       00000000000 CUB   LOCAT 0  0
   1058 1066 0 5000 74 0000¤     1       00000000000 ADD         4F 5
   0000 1067 0 5000 72 0000¤     0       00000000000 LDB         5F 5
   0000 1068 0 0000 30 0000¤     0       00000000000 CUB   TABLE 0  0
   1060 1069 0 0000 30 0000¤     2       00000000000 CUB   SYMBL 0  0
   1062 1070 1 0000 30 1064      3       10000000001 CUB   FLAG  0  0
   1066 1071 0 0000 00 0007      4       00000000007             0  0
   1067 1072 0 0000 30 0000¤     5       00000000000 CUB         4F 0
 
   0000 0000 0 0000 00 0000      0       00000000010 START FLAG  0  0
   0000 1073 0 0000 64 6010      0       00000006010 CAD         0  0
   0000 1074 0 7000 20 0000¤     0       00000000000 BUN         2F 7
   1072 1075 0 0000 12 1614      4       00000001614 STA         0  0
   0000 1076 0 0000 13 0002      0       00000000002 SRT         0  0
   0000 1077 0 0000 04 1614      0       00000001614 CNZ         0  0
   0000 1078 0 0000 20 5059      0       00000000000 BUN   ADDR  0  5
   0000 1079 0 0000 64 6012      3       00000006012 CAD         0  0
   0000 1080 0 0000 08 8421      0       00000008421 HLT         0  0
   0000 1081 0 0000 12 6012      0       00000006012 STA         0  0
   0000 1082 0 0000 20 5056      0       00000000000 BUN   LOOK  0  5
 
   0000 0000 0 0000 00 0000      0       00000000020 START FLAG  0  0
   0000 1083 0 0000 65 6010      0       00000006010 CSU         0  0
   1074 1084 0 0000 74 6021      2       00000006021 ADD         0  0
   0000 1085 0 0000 74 6013      0 EQ    00000006013 ADD         0  0
   0000 1086 0 0000 12 1613      0       00000001613 STA         0  0
   0000 1087 0 0000 20 5063      0       00000000000 BUN   FLAG  0  5
   0000 1088 0 0000 08 7557      0       00000007557 HLT         0  0
   0000 1089 0 0000 12 1613      0 CHAIN 00000001613 STA         0  0
   0000 1090 0 7000 64 0000¤     0       00000000000 CAD         1F 7
   0000 1091 0 0000 12 6019      0       00000006019 STA         0  0
   0000 1092 0 0000 64 6015      0       00000006015 CAD         0  0
   0000 1093 0 0000 13 0003      0       00000000003 SRT         0  0
   0000 1094 0 0000 64 6008      0       00000006008 CAD         0  0
   0000 1095 0 0000 14 0003      0       00000000003 SLT         0  0
   0000 1096 0 0000 02 1615      0       00000001615 STC         0  0
   0000 1097 0 0000 65 6021      0       00000006021 CSU         0  0
   0000 1098 1 0000 02 2900      0       10000002900 STC         0  0
   0000 1099 0 0000 12 1608      0       00000001608 STA         0  0
   0000 1100 0 0000 30 1065¤     0       00000000000 CUB   LOCAT 0  0
   1090 1101 0 0400 00 0000      1       00400000000             0  0
   0000 1102 0 0000 65 6012      0 START 00000006012 CSU         0  0
   0000 1103 0 0000 12 6012      0       00000006012 STA         0  0
   0000 1104 0 0000 20 5059      0       00000000000 BUN   ADDR  0  5
 
   0000 0000 0 0000 00 0000      0       00000000042 START FLAG  0  0
   0000 1105 0 0000 72 6010      0       00000006010 LDB         0  0
   0000 1106 1 0000 64 3900      0       10000003900 CAD         0  0
   0000 1107 0 0000 30 1085      0       00000000000 CUB   EQ    0  0
 
   0000 0000 0 0000 00 0000      0       00000000046 START FLAG  0  0
   0000 1109 0 0000 64 6010      0       00000006010 CAD         0  0
   0000 1110 0 7000 74 0000¤     0       00000000000 ADD         1F 7
   0000 1111 0 0000 12 7120      0       00000000000 STA         9& 7
   0000 1112 0 0000 72 7120      0       00000000000 LDB         8& 7
   0000 1113 1 0000 64 2900      0       10000002900 CAD         0  0
   0000 1114 0 0000 30 1089      0       00000000000 CUB   CHAIN 0  0
   1110 1115 0 0000 00 1050      1       00000001050             0  0
   1100 1116 0 0000 64 6017      0 LOCAT 00000006017 CAD         0  0
   0000 1117 0 7000 04 0000¤     0       00000000000 CNZ         1F 7
   0000 1118 0 0000 64 6018      0       00000006018 CAD         0  0
   0000 1119 0 7000 04 0000¤     0       00000000000 CNZ         2F 7
   0000 1120 0 0000 64 1613      0 FINIS 00000001613 CAD         0  0
   0000 1121 0 0000 13 0004      0       00000000004 SRT         0  0
   0000 1122 0 0000 64 1608      0       00000001608 CAD         0  0
   0000 1123 0 0000 30 0000¤     0       00000000000 CUB   FIN1  0  0
   1117 1124 0 7000 72 0000¤     1       00000000000 LDB         3F 7
   0000 1125 0 0000 30 1068¤     0       00000000000 CUB   TABLE 0  0
   1119 1126 0 0000 72 6018      2       00000006018 LDB         0  0
   0000 1127 1 0000 64 3950      0       10000003950 CAD         0  0
   0000 1128 0 0000 12 6022      0       00000006022 STA         0  0
   0000 1129 0 0000 64 6021      0       00000006021 CAD         0  0
   0000 1130 1 0000 02 3900      0       10000003900 STC         0  0
   0000 1131 1 0000 12 3950      0       10000003950 STA         0  0
   0000 1132 0 0000 20 7120      0       00000000000 BUN   FINIS 0  7
   1124 1133 0 0000 30 0000¤     3       00000000000 CUB   A4    0  0
   1069 1134 0 7000 72 0000¤     0 SYMBL 00000000000 LDB         1F 7
   1125 1135 0 0000 02 6023      0 TABLE 00000006023 STC         0  0
   0000 1136 0 0000 11 0000      0       00000000000 BA          0  0
   0000 1137 0 7000 74 0000¤     0       00000000000 ADD         3F 7
   0000 1138 0 0000 12 0000¤     0       00000000000 STA         9F 0
   0000 1139 0 7000 64 0000¤     0       00000000000 CAD         2F 7
   0000 1140 0 0000 60 6023      0       00000006023 MUL         0  0
   0000 1141 0 0000 02 7134      0       00000000000 STC   SYMBL 0  7
   0000 1142 0 0000 14 0003      0       00000000003 SLT         0  0
   0000 1143 0 0000 12 7134      0       00000000000 STA   SYMBL 0  7
   0000 1144 0 0000 72 7134      0       00000000000 LDB   SYMBL 0  7
   0000 1145 0 0000 30 0000¤     0       00000000000 CUB   SERCH 0  0
   1134 1146 0 0000 30 1085      1       00000000000 CUB   EQ    0  0
   1137 1147 0 0000 30 0004      3       00000000004 CUB         0  0
   1139 1148 0 1001 00 1001      2       01001001001             0  0
   1145 1149 1 0000 64 1900      0 SERCH 10000001900 CAD         0  0
   0000 1150 0 7000 04 0000¤     0       00000000000 CNZ         2F 7
   0000 1151 0 0000 64 6023      0       00000006023 CAD         0  0
   0000 1152 1 0000 02 1900      0       10000001900 STC         0  0
   1138 1153 0 0000 08 0000      9       00000000000 HLT         0  0
   0000 1154 0 0000 00 0999      3       00000000999             0  0
   1150 1155 0 0000 75 6023      2       00000006023 SUB         0  0
   0000 1156 0 7000 04 0000¤     0       00000000000 CNZ         2F 7
   0000 1157 1 0000 64 2900      0       10000002900 CAD         0  0
   0000 1158 0 0000 73 7151      0       00000000000 OSD         7- 7
   0000 1159 0 0000 28 7153      0       00000000000 BOF         9B 7
   0000 1160 0 0000 72 7153      0       00000000000 LDB         9B 7
   0000 1161 1 0000 29 9996      0       10000299996             0  0
   1156 1162 0 0000 22 7149      2       00000000000 DBB   SERCH 0  7
   0000 1163 0 0000 72 7154      0       00000000000 LDB         3B 7
   0000 1164 0 0000 20 7149      0       00000000000 BUN   SERCH 0  7
   1133 1165 0 0000 64 6019      0 A4    00000006019 CAD         0  0
   0000 1166 0 7000 74 0000¤     0       00000000000 ADD         3F 7
   0000 1167 0 0000 12 6019      0       00000006019 STA         0  0
   0000 1168 0 0000 30 1120      0       00000000000 CUB   FINIS 0  0
   0000 1169 0 0000 12 6022      0 A3    00000006022 STA         0  0
   0000 1170 0 0000 64 6021      0       00000006021 CAD         0  0
   0000 1171 1 0000 12 2900      0       10000002900 STA         0  0
   0000 1172 0 0000 30 1120      0       00000000000 CUB   FINIS 0  0
   1166 1173 0 0048 54 0303      3       00048540303             0  0
   1123 1174 0 7000 04 0000¤     0 FIN1  00000000000 CNZ         1F 7
   0000 1175 0 0000 64 1614      2       00000001614 CAD         0  0
   0000 1176 0 0000 13 0002      0       00000000002 SRT         0  0
   0000 1177 0 0000 64 1615      0       00000001615 CAD         0  0
   0000 1178 0 0000 13 0004      0       00000000004 SRT         0  0
   0000 1179 0 0000 64 6016      0       00000006016 CAD         0  0
   0000 1180 0 0000 01 0009      0       00000000009 CIRA        0  0
   0000 1181 0 0000 14 0010      0       00000000010 SLT         0  0
   0000 1182 0 0000 12 6020      0       00000006020 STA         0  0
   0000 1183 0 0000 30 0000¤     0       00000000000 CUB         2F 0
   1174 1184 0 0000 14 0001      1       00000000001 SLT         0  0
   0000 1185 0 0000 64 6008      0       00000006008 CAD         0  0
   0000 1186 0 0000 13 0001      0       00000000001 SRT         0  0
   0000 1187 0 0000 20 7175      0       00000000000 BUN         2B 7
   0000 1188 0 7000 72 0000¤     0 END   00000000000 LDB         8F 7
   0000 1189 0 7000 64 0000¤     0       00000000000 CAD         1F 7
   0000 1190 1 0000 02 0000      0       10000000000 STC         0  0
   0000 1191 0 0000 12 6021      0       00000006021 STA         0  0
   0000 1192 0 1030 54 6005      0       01030006005 CWR         0  0
   0000 1193 0 0140 50 8000      0       00140008000 MOW         0  0
   0000 1194 0 0040 42 0000      0       00040000000 MTS         0  0
   0000 1195 0 0000 08 1111      0       00000001111 HLT         0  0
   0000 1196 0 0340 40 1000      0       00340001000 MRD         0  0
   0000 1197 0 0000 28 7196      0       00000000000 BOF         1- 7
   0000 1198 0 0000 30 1045      0       00000000000 CUB   T0    0  0
   1189 1199 0 9999 99 9999      1       09999999999             0  0
   1183 1200 0 7000 72 1188¤     2       00000000000 LDB         8F 7
   0000 1201 1 0000 12 0001      0       10000000001 STA         0  0
   0000 1202 0 0000 64 6022      0       00000006022 CAD         0  0
   0000 1203 0 0000 13 0004      0       00000000004 SRT         0  0
   0000 1204 0 0000 66 6021      0       00000006021 CAA         0  0
   0000 1205 0 0000 14 0004      0       00000000004 SLT         0  0
   1200 1206 0 9000 12 4000      8       09000004000 STA         0  0
   0000 1207 0 0030 54 6005      0       00030006005 CWR         0  0
   0000 1208 0 0000 64 6021      0       00000006021 CAD         0  0
   0000 1209 0 7000 74 0000¤     0       00000000000 ADD         1F 7
   0000 1210 0 0000 02 6021      0       00000006021 STC         0  0
   0000 1211 0 0000 12 6022      0       00000006022 STA         0  0
   0000 1212 0 0000 12 6019      0       00000006019 STA         0  0
   0000 1213 0 0000 64 7206      0       00000000000 CAD         8B 7
   0000 1214 0 7000 74 0000¤     0       00000000000 ADD         2F 7
   0000 1215 0 0000 38 0000¤     0       00000000000 CCB         4F 0
   0000 1216 0 0000 30 0000¤     0       00000000000 CUB         5F 0
   1209 1217 0 0000 00 0001      1       00000000001             0  0
   1214 1218 0 9000 00 0002      2       09000000002             0  0
   1216 1219 0 0140 50 8000      5       00140008000 MOW         0  0
   0000 1220 0 7000 64 0000¤     0       00000000000 CAD         1F 7
   1215 1221 0 0000 02 1206      4       00000000000 STC         8B 0
   0000 1222 0 0000 12 6020      0       00000006020 STA         0  0
   0000 1223 0 0000 20 5055      0       00000000000 BUN   PROC  0  5
   1064 1224 0 0000 02 7231      0 STRT  00000000000 STC         7& 7
   0000 1225 0 0000 12 6021      0       00000006021 STA         0  0
   0000 1226 0 4030 54 6005      0       04030006005 CWR         0  0
   0000 1227 0 0000 64 1613      0       00000001613 CAD         0  0
   0000 1228 0 0000 12 6021      0       00000006021 STA         0  0
   0000 1229 0 0000 20 5055      0       00000000000 BUN   PROC  0  5
   1220 1230 0 9000 12 4000      1       09000004000 STA         0  0
   1048 1231 3 3333 33 3333      0 FI    33333333333             0  0
   0000 1232 3 3333 33 3333      0       33333333333             0  0
   0000 1233 3 3333 33 3333      0       33333333333             0  0
   0000 1234 3 3333 33 3333      0       33333333333             0  0
   0000 1235 1 1111 11 3333      0       11111113333             0  0
   0000 1236 1 1111 11 0111      0       11111110111             0  0
   0000 1237 1 1111 11 0111      0       11111110111             0  0
   0000 1238 0 2221 33 0111      0       02221330111             0  0
   0000 1239 0 0011 00 0000      0       00011000000             0  0
   0000 1240 0 2221 00 0000      0       02221000000             0  0
   0000 1241 1 1111 00 0000      0       11111000000             0  0
   0000 1242 1 1113 21 1111      0       11113211111             0  0
   0000 1243 1 3132 11 1111      0       13132111111             0  0
   0000 1244 0 0000 03 1313      0       00000031313             0  0
   0000 1245 0 0000 03 1310      0       00000031310             0  0
   0000 1246 3 1313 13 1000      0       31313131000             0  0
   0000 1247 2 2310 00 0000      0       22310000000             0  0
   0000 1248 1 1100 00 0000      0       11100000000             0  0
   0000 1249 2 1321 11 1111      0       21321111111             0  0
   0000 1250 3 0022 22 2222      0       30022222222             0  0
   0000 1251 3 3333 33 3333      0       33333333333             0  0
   0000 1252 3 3333 33 3333      0       33333333333             0  0
   0000 1253 3 3333 33 3333      0       33333333333             0  0
   0000 1254 3 3333 33 3333      0       33333333333             0  0
   0000 1255 3 3333 33 3333      0       33333333333             0  0
   0000 1256 3 3333 33 3333      0       33333333333             0  0
   0000 1257 3 3333 33 3333      0       33333333333             0  0
   0000 1258 3 3333 33 3333      0       33333333333             0  0
   0000 1259 3 3333 33 3333      0       33333333333             0  0
   1049 1260 0 0000 00 0000      0 FO    00000000000             0  0
   0000 1261 0 0000 00 0000      0       00000000000             0  0
   0000 1262 0 0000 00 0000      0       00000000000             0  0
   0000 1263 0 0000 00 0000      0       00000000000             0  0
   0000 1264 0 0000 00 0000      0       00000000000             0  0
   0000 1265 0 0000 00 0000      0       00000000000             0  0
   0000 1266 0 0000 00 0000      0       00000000000             0  0
   0000 1267 0 0000 00 0000      0       00000000000             0  0
   0000 1268 0 0000 00 0000      0       00000000000             0  0
   0000 1269 1 1111 11 1000      0       11111111000             0  0
   0000 1270 1 1111 11 1311      0       11111111311             0  0
   0000 1271 1 1111 11 1311      0       11111111311             0  0
   0000 1272 3 3311 20 0311      0       33311200311             0  0
   0000 1273 3 3331 13 3333      0       33331133333             0  0
   0000 1274 3 3311 23 3333      0       33311233333             0  0
   0000 1275 1 1111 13 3333      0       11111133333             0  0
   0000 1276 1 1110 03 1111      0       11110031111             0  0
   0000 1277 2 2003 11 1111      0       22003111111             0  0
   0000 1278 2 2333 33 3322      0       22333333322             0  0
   0000 1279 2 2333 33 3333      0       22333333333             0  0
   0000 1280 1 2333 33 3322      0       12333333322             0  0
   0000 1281 1 1333 33 3331      0       11333333331             0  0
   0000 1282 0 0311 11 1111      0       00311111111             0  0
   0000 1283 3 3333 33 3112      0       33333333112             0  0
   0000 1284 3 1111 11 1111      0       31111111111             0  0
   0000 1285 2 0022 00 2222      0       20022002222             0  0
   0000 1286 2 2200 20 0222      0       22200200222             0  0
   0000 1287 2 2233 33 3112      0       22233333112             0  0
   0000 1288 0 0031 11 1112      0       00031111112             0  0
 
   0000 0000 0 0000 00 0000      0       00000001967 START       0  0 SYMB. OP. TABLE
   0000 1967 0 4343 42 5907      0       04343425907             0  0    CCBR
 
   0000 0000 0 0000 00 0000      0       00000001980 START       0  0
   0000 1980 0 4359 44 0007      0       04359440007             0  0    CRD
 
   0000 0000 0 0000 00 0000      0       00000001982 START       0  0
   0000 1982 0 4359 46 0007      0       04359460007             0  0    CRF
 
   0000 0000 0 0000 00 0000      0       00000001985 START       0  0
   0000 1985 0 4359 49 0007      0       04359490007             0  0    CRI
 
   0000 0000 0 0000 00 0000      0       00000002003 START       0  0
   0000 2003 0 5763 66 4607      0       05763664607             0  0    PTWF
 
   0000 0000 0 0000 00 0000      0       00000002010 START       0  0
   0000 2010 0 4449 65 0007      0       04449650007             0  0    DIV
 
   0000 0000 0 0000 00 0000      0       00000002069 START       0  0
   0000 2069 0 4364 42 5907      0       04364425907             0  0    CUBR
 
   0000 0000 0 0000 00 0000      0       00000002090 START       0  0
   0000 2090 0 5459 44 0007      0       05459440007             0  0    MRD
 
   0000 0000 0 0000 00 0000      0       00000002102 START       0  0
   0000 2102 0 5459 56 0007      0       05459560007             0  0    MRO
 
   0000 0000 0 0000 00 0000      0       00000002112 START       0  0
   0000 2112 0 5459 66 0007      0       05459660007             0  0    MRW
 
   0000 0000 0 0000 00 0000      0       00000002124 START       0  0
   0000 2124 0 4241 00 0007      0       04241000007             0  0    BA
 
   0000 0000 0 0000 00 0000      0       00000002175 START       0  0
   0000 2175 0 4341 41 0007      0       04341410007             0  0    CAA
 
   0000 0000 0 0000 00 0000      0       00000002178 START       0  0
   0000 2178 0 4341 44 0007      0       04341440007             0  0    CAD
 
   0000 0000 0 0000 00 0000      0       00000002188 START       0  0
   0000 2188 0 4441 44 0007      0       04441440007             0  0    DAD
   0000 2189 0 6259 63 0007      0       06259630007             0  0    SRT
 
   0000 0000 0 0000 00 0000      0       00000002208 START       0  0
   0000 2208 0 4641 44 0007      0       04641440007             0  0    FAD
 
   0000 0000 0 0000 00 0000      0       00000002259 START       0  0
   0000 2259 0 4162 43 0007      0       04162430007             0  0    ASC
 
   0000 0000 0 0000 00 0000      0       00000002277 START       0  0
   0000 2277 0 4362 41 0007      0       04362410007             0  0    CSA
 
   0000 0000 0 0000 00 0000      0       00000002286 START       0  0
   0000 2286 0 4442 42 0007      0       04442420007             0  0    DBB
 
   0000 0000 0 0000 00 0000      0       00000002294 START       0  0
   0000 2294 0 4942 00 0007      0       04942000007             0  0    IB
 
   0000 0000 0 0000 00 0000      0       00000002300 START       0  0
   0000 2300 0 4362 64 0007      0       04362640007             0  0    CSU
 
   0000 0000 0 0000 00 0000      0       00000002330 START       0  0
   0000 2330 0 4662 64 0007      0       04662640007             0  0    FSU
 
   0000 0000 0 0000 00 0000      0       00000002344 START       0  0
   0000 2344 0 6441 00 0007      0       06441000007             0  0    UA
 
   0000 0000 0 0000 00 0000      0       00000002377 START       0  0
   0000 2377 0 4343 42 0007      0       04343420007             0  0    CCB
 
   0000 0000 0 0000 00 0000      0       00000002394 START       0  0
   0000 2394 0 4343 59 0007      0       04343590007             0  0    CCR
   0000 2395 0 4353 59 0007      0       04353590007             0  0    CLR
 
   0000 0000 0 0000 00 0000      0       00000002405 START       0  0
   0000 2405 0 4349 59 4107      0       04349594107             0  0    CIRA
 
   0000 0000 0 0000 00 0000      0       00000002410 START       0  0
   0000 2410 0 5662 44 0007      0       05662440007             0  0    OSD
   0000 2411 0 4263 84 0007      0       04263840007             0  0    BT4
   0000 2412 0 4263 85 0007      0       04263850007             0  0    BT5
   0000 2413 0 4263 86 0007      0       04263860007             0  0    BT6
   0000 2414 0 4263 87 0007      0       04263870007             0  0    BT7
 
   0000 0000 0 0000 00 0000      0       00000002449 START       0  0
   0000 2449 0 4853 63 0007      0       04853630007             0  0    HLT
 
   0000 0000 0 0000 00 0000      0       00000002456 START       0  0
   0000 2456 0 4144 41 0007      0       04144410007             0  0    ADA
 
   0000 0000 0 0000 00 0000      0       00000002459 START       0  0
   0000 2459 0 4144 44 0007      0       04144440007             0  0    ADD
 
   0000 0000 0 0000 00 0000      0       00000002464 START       0  0
   0000 2464 0 6263 41 5970      0       06263415970             0  0    START
 
   0000 0000 0 0000 00 0000      0       00000002469 START       0  0
   0000 2469 0 6262 43 0007      0       06262430007             0  0    SSC
 
   0000 0000 0 0000 00 0000      0       00000002479 START       0  0
   0000 2479 0 4364 42 0007      0       04364420007             0  0    CUB
 
   0000 0000 0 0000 00 0000      0       00000002482 START       0  0
   0000 2482 0 4264 55 0007      0       04264550007             0  0    BUN
 
   0000 0000 0 0000 00 0000      0       00000002496 START       0  0
   0000 2496 0 4364 59 0007      0       04364590007             0  0    CUR
 
   0000 0000 0 0000 00 0000      0       00000002509 START       0  0
   0000 2509 0 5463 62 0007      0       05463620007             0  0    MTS
 
   0000 0000 0 0000 00 0000      0       00000002529 START       0  0
   0000 2529 0 4644 65 0007      0       04644650007             0  0    FDV
   0000 2530 0 4654 64 0007      0       04654640007             0  0    FMU
 
   0000 0000 0 0000 00 0000      0       00000002536 START       0  0
   0000 2536 0 5763 59 0007      0       05763590007             0  0    PTR
 
   0000 0000 0 0000 00 0000      0       00000002543 START       0  0
   0000 2543 0 5763 66 0007      0       05763660007             0  0    PTW
 
   0000 0000 0 0000 00 0000      0       00000002568 START       0  0
   0000 2568 0 6263 41 0007      0       06263410007             0  0    STA
 
   0000 0000 0 0000 00 0000      0       00000002570 START       0  0
   0000 2570 0 6263 43 0007      0       06263430007             0  0    STC
 
   0000 0000 0 0000 00 0000      0       00000002577 START       0  0
   0000 2577 0 5344 42 0007      0       05344420007             0  0    LDB
 
   0000 0000 0 0000 00 0000      0       00000002589 START       0  0
   0000 2589 0 6253 63 0007      0       06253630007             0  0    SLT
 
   0000 0000 0 0000 00 0000      0       00000002599 START       0  0
   0000 2599 0 4555 44 0007      0       04555440007             0  0    END
   0000 2600 0 5464 53 0007      0       05464530007             0  0    MUL
 
   0000 0000 0 0000 00 0000      0       00000002605 START       0  0
   0000 2605 0 4355 69 0007      0       04355690007             0  0    CNZ
 
   0000 0000 0 0000 00 0000      0       00000002668 START       0  0
   0000 2668 0 6264 41 0007      0       06264410007             0  0    SUA
   0000 2669 0 6264 42 0007      0       06264420007             0  0    SUB
 
   0000 0000 0 0000 00 0000      0       00000002672 START       0  0
   0000 2672 0 4256 46 0007      0       04256460007             0  0    BOF
 
   0000 0000 0 0000 00 0000      0       00000002683 START       0  0
   0000 2683 0 4366 46 0007      0       04366460007             0  0    CWF
 
   0000 0000 0 0000 00 0000      0       00000002686 START       0  0
   0000 2686 0 4366 49 0007      0       04366490007             0  0    CWI
 
   0000 0000 0 0000 00 0000      0       00000002696 START       0  0
   0000 2696 0 4366 59 0007      0       04366590007             0  0    CWR
 
   0000 0000 0 0000 00 0000      0       00000002709 START       0  0
   0000 2709 0 4246 84 0007      0       04246840007             0  0    BF4
   0000 2710 0 4246 85 0007      0       04246850007             0  0    BF5
   0000 2711 0 4246 86 0007      0       04246860007             0  0    BF6
   0000 2712 0 4246 87 0007      0       04246870007             0  0    BF7
 
   0000 0000 0 0000 00 0000      0       00000002740 START       0  0
   0000 2740 0 5955 44 0007      0       05955440007             0  0    RND
 
   0000 0000 0 0000 00 0000      0       00000002812 START       0  0
   0000 2812 0 5456 66 0007      0       05456660007             0  0    MOW
 
   0000 0000 0 0000 00 0000      0       00000002815 START       0  0
   0000 2815 0 5556 59 0007      0       05556590007             0  0    NOR
 
   0000 0000 0 0000 00 0000      0       00000002820 START       0  0
   0000 2820 0 4567 63 0007      0       04567630007             0  0    EXT
 
   0000 0000 0 0000 00 0000      0       00000002967 START       0  0 EQUIVALENTS.
   0000 2967 0 0000 00 0039      0       00000000039             0  0    CCBR
 
   0000 0000 0 0000 00 0000      0       00000002980 START       0  0
   0000 2980 0 0000 00 0044      0       00000000044             0  0    CRD
 
   0000 0000 0 0000 00 0000      0       00000002982 START       0  0
   0000 2982 0 0000 00 0048      0       00000000048             0  0    CRF
 
   0000 0000 0 0000 00 0000      0       00000002985 START       0  0
   0000 2985 0 0000 00 0045      0       00000000045             0  0    CRI
 
   0000 0000 0 0000 00 0000      0       00000003003 START       0  0
   0000 3003 0 0000 00 0007      0       00000000007             0  0    PTWF
 
   0000 0000 0 0000 00 0000      0       00000003010 START       0  0
   0000 3010 0 0000 00 0061      0       00000000061             0  0    DIV
 
   0000 0000 0 0000 00 0000      0       00000003069 START       0  0
   0000 3069 0 0000 00 0031      0       00000000031             0  0    CUBR
 
   0000 0000 0 0000 00 0000      0       00000003090 START       0  0
   0000 3090 0 0000 00 0040      0       00000000040             0  0    MRD
 
   0000 0000 0 0000 00 0000      0       00000003102 START       0  0
   0000 3102 0 0000 00 0070      0       00000000070             0  0    MRO
 
   0000 0000 0 0000 00 0000      0       00000003112 START       0  0
   0000 3112 0 0000 00 0052      0       00000000052             0  0    MRW
 
   0000 0000 0 0000 00 0000      0       00000003124 START       0  0
   0000 3124 0 0000 00 0011      0       00000000011             0  0    BA
 
   0000 0000 0 0000 00 0000      0       00000003175 START       0  0
   0000 3175 0 0000 00 0066      0       00000000066             0  0    CAA
 
   0000 0000 0 0000 00 0000      0       00000003178 START       0  0
   0000 3178 0 0000 00 0064      0       00000000064             0  0    CAD
 
   0000 0000 0 0000 00 0000      0       00000003188 START       0  0
   0000 3188 0 0000 00 0010      0       00000000010             0  0    DAD
   0000 3189 0 0000 00 0013      0       00000000013             0  0    SRT
 
   0000 0000 0 0000 00 0000      0       00000003208 START       0  0
   0000 3208 0 0000 00 0080      0       00000000080             0  0    FAD
 
   0000 0000 0 0000 00 0000      0       00000003259 START       0  0
   0000 3259 0 0000 00 0016      0       00000000016             0  0    ASC
 
   0000 0000 0 0000 00 0000      0       00000003277 START       0  0
   0000 3277 0 0000 00 0067      0       00000000067             0  0    CSA
 
   0000 0000 0 0000 00 0000      0       00000003286 START       0  0
   0000 3286 0 0000 00 0022      0       00000000022             0  0    DBB
 
   0000 0000 0 0000 00 0000      0       00000003294 START       0  0
   0000 3294 0 0000 00 0032      0       00000000032             0  0    IB
 
   0000 0000 0 0000 00 0000      0       00000003300 START       0  0
   0000 3300 0 0000 00 0065      0       00000000065             0  0    CSU
 
   0000 0000 0 0000 00 0000      0       00000003330 START       0  0
   0000 3330 0 0000 00 0081      0       00000000081             0  0    FSU
 
   0000 0000 0 0000 00 0000      0       00000003344 START       0  0
   0000 3344 0 0000 00 0006      0       00000000006             0  0    UA
 
   0000 0000 0 0000 00 0000      0       00000003377 START       0  0
   0000 3377 0 0000 00 0038      0       00000000038             0  0    CCB
 
   0000 0000 0 0000 00 0000      0       00000003394 START       0  0
   0000 3394 0 0000 00 0029      0       00000000029             0  0    CCR
   0000 3395 0 0000 00 0033      0       00000000033             0  0    CLR
 
   0000 0000 0 0000 00 0000      0       00000003405 START       0  0
   0000 3405 0 0000 00 0001      0       00000000001             0  0    CIRA
 
   0000 0000 0 0000 00 0000      0       00000003410 START       0  0
   0000 3410 0 0000 00 0073      0       00000000073             0  0    OSD
   0000 3411 0 0000 00 0034      0       00000000034             0  0    BT4
   0000 3412 0 0000 00 0035      0       00000000035             0  0    BT5
   0000 3413 0 0000 00 0036      0       00000000036             0  0    BT6
   0000 3414 0 0000 00 0037      0       00000000037             0  0    BT7
 
   0000 0000 0 0000 00 0000      0       00000003449 START       0  0
   0000 3449 0 0000 00 0008      0       00000000008             0  0    HLT
 
   0000 0000 0 0000 00 0000      0       00000003456 START       0  0
   0000 3456 0 0000 00 0076      0       00000000076             0  0    ADA
 
   0000 0000 0 0000 00 0000      0       00000003459 START       0  0
   0000 3459 0 0000 00 0074      0       00000000074             0  0    ADD
 
   0000 0000 0 0000 00 0000      0       00000003464 START       0  0
   0000 3464 0 0000 30 1102      0       00000000000 CUB   START 0  0    START
 
   0000 0000 0 0000 00 0000      0       00000003469 START       0  0
   0000 3469 0 0000 00 0017      0       00000000017             0  0    SSC
 
   0000 0000 0 0000 00 0000      0       00000003479 START       0  0
   0000 3479 0 0000 00 0030      0       00000000030             0  0    CUB
 
   0000 0000 0 0000 00 0000      0       00000003482 START       0  0
   0000 3482 0 0000 00 0020      0       00000000020             0  0    BUN
 
   0000 0000 0 0000 00 0000      0       00000003496 START       0  0
   0000 3496 0 0000 00 0021      0       00000000021             0  0    CUR
 
   0000 0000 0 0000 00 0000      0       00000003509 START       0  0
   0000 3509 0 0000 00 0042      0       00000000042             0  0    MTS
 
   0000 0000 0 0000 00 0000      0       00000003529 START       0  0
   0000 3529 0 0000 00 0083      0       00000000083             0  0    FDV
   0000 3530 0 0000 00 0082      0       00000000082             0  0    FMU
 
   0000 0000 0 0000 00 0000      0       00000003536 START       0  0
   0000 3536 0 0000 00 0000      0       00000000000             0  0    PTR
 
   0000 0000 0 0000 00 0000      0       00000003543 START       0  0
   0000 3543 0 0000 00 0003      0       00000000003             0  0    PTW
 
   0000 0000 0 0000 00 0000      0       00000003568 START       0  0
   0000 3568 0 0000 00 0012      0       00000000012             0  0    STA
 
   0000 0000 0 0000 00 0000      0       00000003570 START       0  0
   0000 3570 0 0000 00 0002      0       00000000002             0  0    STC
 
   0000 0000 0 0000 00 0000      0       00000003577 START       0  0
   0000 3577 0 0000 00 0072      0       00000000072             0  0    LDB
 
   0000 0000 0 0000 00 0000      0       00000003589 START       0  0
   0000 3589 0 0000 00 0014      0       00000000014             0  0    SLT
 
   0000 0000 0 0000 00 0000      0       00000003599 START       0  0
   0000 3599 0 0000 30 1188      0       00000000000 CUB   END   0  0    END
   0000 3600 0 0000 00 0060      0       00000000060             0  0    MUL
 
   0000 0000 0 0000 00 0000      0       00000003605 START       0  0
   0000 3605 0 0000 00 0004      0       00000000004             0  0    CNZ
 
   0000 0000 0 0000 00 0000      0       00000003668 START       0  0
   0000 3668 0 0000 00 0077      0       00000000077             0  0    SUA
   0000 3669 0 0000 00 0075      0       00000000075             0  0    SUB
 
   0000 0000 0 0000 00 0000      0       00000003672 START       0  0
   0000 3672 0 0000 00 0028      0       00000000028             0  0    BOF
 
   0000 0000 0 0000 00 0000      0       00000003683 START       0  0
   0000 3683 0 0000 00 0058      0       00000000058             0  0    CWF
 
   0000 0000 0 0000 00 0000      0       00000003686 START       0  0
   0000 3686 0 0000 00 0055      0       00000000055             0  0    CWI
 
   0000 0000 0 0000 00 0000      0       00000003696 START       0  0
   0000 3696 0 0000 00 0054      0       00000000054             0  0    CWR
 
   0000 0000 0 0000 00 0000      0       00000003709 START       0  0
   0000 3709 0 0000 00 0024      0       00000000024             0  0    BF4
   0000 3710 0 0000 00 0025      0       00000000025             0  0    BF5
   0000 3711 0 0000 00 0026      0       00000000026             0  0    BF6
   0000 3712 0 0000 00 0027      0       00000000027             0  0    BF7
 
   0000 0000 0 0000 00 0000      0       00000003740 START       0  0
   0000 3740 0 0000 00 0023      0       00000000023             0  0    RND
 
   0000 0000 0 0000 00 0000      0       00000003812 START       0  0
   0000 3812 0 0000 00 0050      0       00000000050             0  0    MOW
 
   0000 0000 0 0000 00 0000      0       00000003815 START       0  0
   0000 3815 0 0000 00 0015      0       00000000015             0  0    NOR
 
   0000 0000 0 0000 00 0000      0       00000003820 START       0  0
   0000 3820 0 0000 00 0063      0       00000000063             0  0    EXT
   0000 0000 0 0000 00 0000      0       00000001500 END         0  0
