200       TRANSCRIBED FROM 3.G04.1A.SHELL                                  00 00 00
                                              0-




      0001                          LOC    S CNTL       T OPERAND     REMARKS
      0002                                                            TM4113, FLOATING-POINT DIAGNOS
      0003                                                            3.G04.1A
      0004                                                            FP MULTIPLY COMBINATION TESTS
      0005
      0006   0000  4 0000 00 0100          4      PTR      0100       READ ROUTINE INTO MEMORY
      0007
      0008                                        ORG      0100
      0009   0100  0 0004 64 0260            0004 CAD      0260       KEY NO.
      0010   0101  0 0000 34 0260                 BT4      0260       DEFINE TEST AND LOOP CONSTANTS
      0011
      0012   0102  0 0000 72 4001                 SB       4001       (B)A = 0099
      0013   0103  0 0000 64 4002                 CAD      4002
      0014   0104  0 0000 60 4002                 M        4002       RANDOM MANT. NO.1
      0015   0105  0 0000 14 0005                 SL       0005
      0016   0106  0 0000 15 7106                 NOR      7106       (A)A = +XY-X
      0017   0107  0 0000 12 4002                 ST       4002
      0018   0108  0 0000 13 0002                 SR       0002       (A)A = 00XY---X
      0019   0109  0 0000 74 4003                 AD       4003       PREPARE OPERANDS NO.1
      0020   0110  1 0000 12 0300          1      ST       0300
      0021   0111  0 0000 64 4003                 CAD      4003
      0022   0112  0 0000 75 4004                 SU       4004       (A)A = (A)B + 10**-2 EXP.ADJ.
      0023   0113  0 0000 12 4003                 ST       4003         (00 - 99)
      0024   0114  0 0000 22 7103                 DB       7103
      0025   0115  0 0000 30 0116                 CUB      0116
      0026
      0027   0116  0 0000 72 4001                 SB       4001       (B)A = 0099
      0028   0117  0 0000 64 4005                 CAD      4005
      0029   0118  0 0000 60 4005                 M        4005
      0030   0119  0 0000 14 0005                 SL       0005       RANDOM MANT. NO.2
      0031   0120  0 0000 15 7120                 NOR      7120       (A)A = +XY---X
      0032   0121  0 0000 12 4005                 ST       4005
      0033   0122  0 0000 13 0002                 SR       0002       (A)A = +00XY---X
      0034   0123  0 0000 74 4006                 AD       4006
      0035   0124  1 0000 12 0400          1      ST       0400       PREPARE OPERANDS NO.2
      0036   0125  0 0000 22 7017                 DB       7017
      0037
      0038   0126  0 0000 64 4006                 CAD      4006
      0039   0127  0 0000 74 4004                 AD       4004       (A)A = (A)B + 10**-2 EXP.ADJ.
      0040   0128  0 0000 38 0212                 CCB      0212       EXIT
      0041   0129  0 0000 02 4006                 STC      4006
      0042   0130  0 0000 30 0131                 CUB      0131
      0043
      0044   0131  0 4000 35 0300            4000 BT5      0300       MOVE OPERANDS TO LOOPS
      0045   0132  0 4000 36 0400            4000 BT6      0400
      0046   0133  0 0000 72 0189                 SB       0189       (B)A = 0001
      0047   0134  1 0000 64 0131          1      CAD      0131
      0048   0135  0 0000 74 4007                 AD       4007       (A)A = (A)B + (+.1000000020
      0049   0136  0 0000 38 0163                 CCB      0163       RESTORATION EXIT
      0050   0137  1 0000 02 0131          1      STC      0131
      0051   0138  0 0000 22 7134                 DB       7134
      0052   0139  0 0000 30 0140                 CUB      0140
      0053
      0054   0140  0 0000 72 4008                 SB       4008       (B)A = 0019
      0055   0141  1 0000 64 5000          1      CAD      5000
      0056   0142  1 0000 82 6000          1      FM       6000       (A)A = (X)(Y)
      0057   0143  0 0000 28 7153                 CC       7153
      0058   0144  0 0000 02 4009                 STC      4009
      0059
      0060   0145  1 0000 64 6000          1      CAD      6000       FLOATING POINT MULTIPLY TEST
      0061   0146  1 0000 82 5000          1      FM       5000       (A)A = (Y)(X)
      0062   0147  0 0000 28 0206                 CC       0206
      0063   0148  0 0000 12 4010                 ST       4010
      0064
      0065   0149  0 0000 75 4009                 SU       4009       (A)A = (X)(Y) = (Y)(X) = 0
      0066   0150  0 0000 04 0170                 CNZ      0170       ERROR EXIT
      0067   0151  0 0000 22 7141                 DB       7141
      0068   0152  0 0000 30 0131                 CUB      0131       EXIT (COMB. 20 WD. GRP.)
      0069
      0070   0153  1 0000 64 6000          1      CAD      6000       OVERFLOW TESTING
      0071   0154  1 0000 82 5000          1      FM       5000       (A)A = (Y)(X)
      0072   0155  0 0000 28 7151                 CC       7151
      0073   0156  0 0000 20 0206                 CU       0206       ERROR EXIT
      0074   0157  0 0000 00 0000                 NUM     0000000000
      0075   0158  0 0000 00 0000                 NUM     0000000000
      0076   0159  0 0000 00 0000                 NUM     0000000000
      0077   0160  0 0000 00 0000                 NUM     0000000000
      0078   0161  0 0000 00 0000                 NUM     0000000000
      0079   0162  0 0000 00 0000                 NUM     0000000000
      0080
      0081   0163  0 0000 64 4011                 CAD      4011       (A)A = 04000 35 0300
      0082   0164  0 0000 12 0131                 ST       0131       RESTORATION OF OPERAND BLOCKIN
      0083   0165  0 0000 64 4012                 CAD      4012       (A)A = 04000 36 0400
      0084   0166  0 0000 12 0132                 ST       0132
      0085   0167  0 0000 30 0116                 CUB      0116
      0086   0168  0 0000 13 0000                 SR       0000
      0087   0169  0 0000 13 0000                 SR       0000
      0088
      0089   0170  0 0000 30 0171                 CUB      0171
      0090   0171  0 0000 64 4009                 CAD      4009       PREPARATION (X)(Y) RESULTS
      0091   0172  0 0000 63 4013                 EX       4013       STORE EXP.
      0092   0173  0 0000 12 4015                 ST       4015
      0093
      0094   0174  0 0000 64 4009                 CAD      4009
      0095   0175  0 0000 63 4014                 EX       4014       STORE MANT.
      0096   0176  0 0000 12 4016                 ST       4016
      0097
      0098   0177  0 0000 64 4010                 CAD      4010       PREPARATION (Y)(X) RESULTS
      0099   0178  0 0000 63 4013                 EX       4013       STORE EXP.
      0100   0179  0 0000 12 4017                 ST       4017
      0101
      0102   0180  0 0000 64 4010                 CAD      4010
      0103   0181  0 0000 63 4014                 EX       4014       STORE MANT.
      0104   0182  0 0000 12 4018                 ST       4018
      0105
      0106   0183  0 0000 75 4016                 SU       4016       TEST MANT.
      0107   0184  0 0000 04 0198                 CNZ      0198
      0108
      0109   0185  0 0000 64 4017                 CAD      4017       TEST EXP.
      0110   0186  0 0000 75 4015                 SU       4015
      0111   0187  0 0000 04 0190                 CNZ      0190
      0112   0188  0 0000 30 0190                 CUB      0190
      0113   0189  0 0000 13 0001                 SR       0001
      0114
      0115   0190  0 0000 64 4015                 CAD      4015
      0116   0191  0 0000 12 3941                 ST       3941       (X)(Y) EXP.
      0117
      0118   0192  0 0000 64 4017                 CAD      4017       ERROR PREP. EXP. FAILURE
      0119   0193  0 0000 12 3942                 ST       3942       (Y)(X) EXP.
      0120
      0121   0194  0 0000 64 0280                 CAD      0280
      0122   0195  0 0000 12 3940                 ST       3940       KEY NO.
      0123   0196  0 0000 21 3900                 CUR      3900
      0124   0197  0 0000 20 0163                 CU       0163
      0125
      0126   0198  0 0000 64 4016                 CAD      4016
      0127   0199  0 0000 12 3941                 ST       3941       (X)(Y) MANT.
      0128
      0129   0200  0 0000 64 4018                 CAD      4018       ERROR PREP MANT. FAILURE
      0130   0201  0 0000 12 3942                 ST       3942       (Y)(X) MANT.
      0131
      0132   0202  0 0000 64 0281                 CAD      0281
      0133   0203  0 0000 12 3940                 ST       3940       KEY NO.
      0134   0204  0 0000 21 3900                 CUR      3900
      0135
      0136   0205  0 0000 30 0163                 CUB      0163
      0137   0206  0 0000 64 0282                 CAD      0282       ERROR PREP OVERFLOW ERROR
      0138   0207  0 0000 02 3940                 STC      3940       KEY NO.
      0139   0208  0 0000 02 3941                 STC      3941
      0140   0209  0 0000 02 3942                 STC      3942
      0141   0210  0 0000 21 3900                 CUR      3900
      0142   0211  0 0000 20 0163                 CU       0163
      0143
      0144   0212  0 0000 64 0279                 CAD      0279       TALLY-RETURN
      0145   0213  0 0000 74 0283                 AD       0283
      0146   0214  0 0000 28 0217                 CC       0217
      0147   0215  0 0000 12 0279                 ST       0279
      0148   0216  0 0000 30 0100                 CUB      0100
      0149
      0150   0217  0 0000 00 0000                 PTR      0000
      0151   0218  0 0000 20 0000                 CU       0000
      0152
      0153   0219  4 0000 00 0260          4      PTR      0260
      0154
      0155                                        ORG      0260
      0156   0260  0 0700 00 0004                 NUM     0700000004
      0157   0261  0 0000 00 0099                 NUM     0000000099
      0158   0262  0 9876 54 3219                 NUM     9876543219
      0159   0263  0 9900 00 0000                 NUM     9900000000
      0160   0264  0 0100 00 0000                 NUM     0100000000
      0161   0265  0 9123 45 6789                 NUM     9123456789
      0162   0266  0 0000 00 0000                 NUM     0000000000
      0163   0267  0 1000 00 0020                 NUM     1000000020
      0164   0268  0 0000 00 0019                 NUM     0000000019
      0165   0269  0 0000 00 0000                 NUM     0000000000
      0166   0270  0 0000 00 0000                 NUM     0000000000
      0167   0271  0 4000 35 0300                 NUM     4000350300
      0168   0272  0 4000 36 0400                 NUM     4000360400
      0169   0273  0 1100 00 0000                 NUM     1100000000
      0170   0274  1 0011 11 1111                 NUM   1 0011111111
      0171   0275  0 0000 00 0000                 NUM     0000000000
      0172   0276  0 0000 00 0000                 NUM     0000000000
      0173   0277  0 0000 00 0000                 NUM     0000000000
      0174   0278  0 0000 00 0000                 NUM     0000000000
      0175   0279  0 9000 00 0000                 NUM     9000000000
      0176   0280  0 0700 00 0104                 NUM     0700000104
      0177   0281  0 0700 00 0204                 NUM     0700000204
      0178   0282  0 0700 00 0304                 NUM     0700000304
      0179   0283  0 9000 00 0000                 NUM     9000000000
      0180
      0181   0284  6 0000 30 0100          6      CUB      0100
      0182                                        END
                                              0-
