200       TRANSCRIBED FROM 3.G02.1A.SHELL                                  00 00 00





      0001                          LOC    S CNTL       T OPERAND     REMARKS
      0002                                                            TM4113, FLOATING-POINT DIAGNOS
      0003                                                            3.G02.1A
      0004                                                            FLOATING POINT VS FIXED POINT
      0005
      0006   0000  4 0000 00 0100          4      PTR      0100       READ ROUTINE INTO MEMORY
      0007
      0008                                        ORG      0100
      0009   0100  0 0004 64 0509            0004 CAD      0509
      0010   0101  0 0000 34 0500                 BT4      0500
      0011   0102  0 0000 72 0110                 SB       0110       (B)A = 0009
      0012   0103  0 0000 64 4000                 CAD      4000
      0013   0104  0 0000 60 4000                 M        4000       GENERATE
      0014   0105  0 0000 14 0005                 SL       0005         PSEUDO RANDOM
      0015   0106  0 0000 15 7106                 NOR      7106         MANTISSA
      0016   0107  0 0000 12 4000                 ST       4000
      0017
      0018   0108  0 0000 13 0002                 SR       0002       PREPARE OPERAND NO.1 AX
      0019   0109  1 0000 12 5000          1      ST       5000       (A)A = +00XX---X
      0020   0110  0 0000 33 0009                 CR       0009       (R)A = 0
      0021   0111  0 0000 11 0000                 BA       0000       (A)A = (B)A
      0022
      0023   0112  0 0000 14 0008                 SL       0008       (A)A = +(B)3(B)4 0-0
      0024
      0025   0113  1 0000 74 5000          1      AD       5000
      0026   0114  0 0000 74 4001                 AD       4001       (A)A = (A)B+(EXP.BASE)
      0027   0115  1 0000 12 5010          1      ST       5010
      0028
      0029   0116  0 0000 22 7103                 DB       7103
      0030   0117  0 0000 30 0118                 CUB      0118
      0031   0118  0 0000 72 0110                 SB       0110       (B)A = 0009
      0032
      0033   0119  0 0000 64 4002                 CAD      4002
      0034   0120  0 0000 60 4002                 M        4002       GENERATE
      0035   0121  0 0000 14 0005                 SL       0005         PSEUDO RANDOM
      0036   0122  0 0000 15 7122                 NOR      7122         MANTISSA
      0037   0123  0 0000 12 4002                 ST       4002       PREPARE
      0038   0124  0 0000 13 0002                 SR       0002         OPERAND
      0039   0125  1 0000 12 6000          1      ST       6000         NO.2 DX
      0040   0126  0 0000 74 4001                 AD       4001       (A)A = (A)B+(EXP.BASE)
      0041   0127  1 0000 12 6010          1      ST       6010
      0042   0128  0 0000 22 7119                 DB       7119
      0043   0129  0 0000 30 0131                 CUB      0131
      0044   0130  0 0000 30 0132                 CUB      0132
      0045   0131  0 0000 72 0110                 SB       0110       (B)A = 0009
      0046   0132  1 0000 64 5000          1      CAD      5000
      0047   0133  1 0000 60 6000          1      M        6000
      0048   0134  0 0000 15 7134                 NOR      7134       (SPC)A = 4 OR 5
      0049   0135  0 0000 13 0002                 SR       0002
      0050   0136  0 0000 12 4003                 ST       4003
      0051   0137  1 0000 64 5010          1      CAD      5010
      0052   0138  0 0000 63 4004                 EX       4004       (A)A = +(EXP.) 0---0
      0053   0139  0 0000 75 4005                 SU       4005
      0054   0140  0 0000 74 4001                 AD       4001
      0055   0141  0 0000 02 4006                 STC      4006
      0056   0142  0 0000 75 4011                 SU       4011
      0057   0143  0 0000 16 0000                 ADSC     0000
      0058   0144  0 0000 04 7146                 CNZ      7146       EXP. NEEDS CORRECTIONS - FPM T
      0059   0145  0 0000 30 0150                 CUB      0150
      0060   0146  0 0000 64 4006                 CAD      4006
      0061   0147  0 0000 75 4007                 SU       4007       (A)A = (A)B-(.01)
      0062   0148  0 0000 12 4006                 ST       4006
      0063   0149  0 0000 30 0150                 CUB      0150
      0064   0150  1 0000 64 5010          1      CAD      5010
      0065   0151  1 0000 82 6010          1      FM       6010
      0066   0152  0 0000 28 0300                 CC       0300       ERROR EXIT
      0067   0153  0 0000 12 4008                 ST       4008
      0068   0154  0 0000 75 4003                 SU       4003
      0069   0155  0 0000 75 4006                 SU       4006
      0070   0156  0 0000 04 0301                 CNZ      0301       ERROR EXIT
      0071   0157  0 0000 22 0130                 DB       0130
      0072   0158  0 0000 30 0160                 CUB      0160
      0073   0159  0 0000 30 0161                 CUB      0161
      0074   0160  0 0000 72 0110                 SB       0110
      0075   0161  0 0000 33 0000                 CR       0000
      0076   0162  1 0000 64 5000          1      CAD      5000
      0077   0163  1 0000 61 6000          1      DIV      6000
      0078   0164  0 0000 28 7169                 CC       7169
      0079   0165  0 0000 15 7165                 NOR      7165
      0080   0166  0 0000 13 0002                 SR       0002
      0081   0167  0 0000 12 4003                 ST       4003
      0082   0168  0 0000 30 0183                 CUB      0183
      0083   0169  1 0000 64 5000          1      CAD      5000
      0084   0170  0 0000 13 0001                 SR       0001
      0085   0171  1 0000 61 6000          1      DIV      6000       MANTISSA
      0086   0172  0 0000 15 7172                 NOR      7172         CORRECTION
      0087   0173  0 0000 13 0002                 SR       0002           (OF)
      0088   0174  0 0000 02 4003                 STC      4003       FPD TEST
      0089   0175  0 0000 30 0176                 CUB      0176
      0090   0176  1 0000 64 5010          1      CAD      5010
      0091   0177  0 0000 63 4004                 EX       4004
      0092   0178  0 0000 75 4001                 SU       4001
      0093   0179  0 0000 74 4005                 AD       4005       EXP. CORRECTION (OF)
      0094   0180  0 0000 74 4007                 AD       4007       (A)A = (A)B + .01
      0095   0181  0 0000 12 4006                 ST       4006
      0096   0182  0 0000 30 0188                 CUB      0188
      0097   0183  1 0000 64 5010          1      CAD      5010
      0098   0184  0 0000 63 4004                 EX       4004
      0099   0185  0 0000 75 4001                 SU       4001       EXP. CORRECTION (NO OF)
      0100   0186  0 0000 74 4005                 AD       4005
      0101   0187  0 0000 12 4006                 ST       4006
      0102   0188  0 0000 33 0000                 CR       0000
      0103   0189  1 0000 64 5010          1      CAD      5010
      0104   0190  1 0000 83 6010          1      FDIV     6010
      0105   0191  0 0000 28 0302                 CC       0302       ERROR EXI
      0106   0192  0 0000 12 4008                 ST       4008
      0107   0193  0 0000 75 4003                 SU       4003       FPD
      0108   0194  0 0000 75 4006                 SU       4006         TEST
      0109   0195  0 0000 04 0303                 CNZ      0303       ERROR EXIT
      0110   0196  0 0000 22 0159                 DB       0159
      0111   0197  0 0000 30 0198                 CUB      0198
      0112
      0113   0198  0 0000 72 0110                 SB       0110       (B)A = 0009
      0114
      0115   0199  1 0000 64 6000          1      CAD      6000
      0116   0200  1 0000 13 0000          1      SR       0000
      0117   0201  1 0000 74 5000          1      AD       5000       - COMMAND QM PRODUCE
      0118   0202  0 0000 15 0202                 NOR      0202                  TEST MANTISSA
      0119   0203  0 0000 13 0002                 SR       0002
      0120   0204  0 0000 02 4003                 STC      4003
      0121   0205  0 0000 13 0000                 SR       0000
      0122
      0123   0206  0 0000 16 0000                 ADSC     0000
      0124   0207  0 0000 75 0512                 SU       0512       CORRECT
      0125   0208  0 0000 04 0215                 CNZ      0215         MANTISSA (OF)
      0126   0209  0 0000 13 0000                 SR       0000       CORRECTION (OF)
      0127   0210  1 0000 64 5010          1      CAD      5010
      0128   0211  0 0000 63 4004                 EX       4004
      0129   0212  0 0000 74 4007                 AD       4007       CORRECT
      0130   0213  0 0000 12 4006                 ST       4006         EXP. (OF)
      0131   0214  0 0000 30 0220                 CUB      0220
      0132
      0133   0215  1 0000 64 5010          1      CAD      5010
      0134   0216  0 0000 63 4004                 EX       4004       PREPARE TEST
      0135   0217  0 0000 12 4006                 ST       4006         EXP.
      0136   0218  0 0000 30 0220                 CUB      0220
      0137   0219  0 0000 30 0199                 CUB      0199
      0138   0220  1 0000 64 5010          1      CAD      5010       FPA TEST
      0139   0221  1 0000 80 6010          1      FAD      6010
      0140   0222  0 0000 28 0304                 CC       0304       ERROR EXIT
      0141   0223  0 0000 12 4008                 ST       4008
      0142   0224  0 0000 75 4003                 SU       4003
      0143   0225  0 0000 75 4006                 SU       4006
      0144   0226  0 0000 04 0305                 CNZ      0305
      0145   0227  0 0000 22 0219                 DB       0219
      0146
      0147   0228  0 0000 72 0110                 SB       0110
      0148
      0149   0229  1 0000 64 6000          1      CAD      6000       PREPARE TEST
      0150   0230  1 0000 13 0000          1      SR       0000         MANTISSA
      0151   0231  1 0000 75 5000          1      SU       5000
      0152   0232  0 0000 15 7252                 NOR      7252
      0153   0233  0 0000 13 0002                 SR       0002
      0154   0234  0 0000 12 4003                 ST       4003
      0155   0235  0 0000 30 0236                 CUB      0236
      0156
      0157   0236  1 0000 64 5010          1      CAD      5010       FPS TEST
      0158   0237  0 0000 63 4004                 EX       4004       PREPARE
      0159   0238  0 0000 13 0008                 SR       0008         TEST
      0160   0239  0 0000 17 0009                 SUSC     0009           EXPONENT
      0161   0240  0 0000 74 0513                 AD       0513
      0162   0241  0 0000 12 4006                 ST       4006
      0163
      0164   0242  1 0000 64 5010          1      CAD      5010
      0165   0243  1 0000 81 6010          1      FSU      6010
      0166   0244  0 0000 04 7246                 CNZ      7246
      0167   0245  0 0000 20 0252                 CU       0252       SUBTRACT
      0168   0246  0 0000 12 4008                 ST       4008         TEST
      0169   0247  0 0000 63 0514                 EX       0514
      0170   0248  0 0000 77 4003                 SUA      4003
      0171   0249  0 0000 13 0008                 SR       0008
      0172   0250  0 0000 75 4006                 SU       4006
      0173   0251  0 0000 04 0306                 CNZ      0306
      0174   0252  0 0000 22 0229                 DB       0229
      0175   0253  0 0000 30 0254                 CUB      0254
      0176
      0177   0254  0 0000 64 0515                 CAD      0515
      0178   0255  0 0000 75 0512                 SU       0512       -0-
      0179   0256  0 0000 12 0515                 ST       0515
      0180   0257  0 0000 15 0259                 NOR      0259
      0181   0258  0 0000 30 0101                 CUB      0101
      0182   0259  0 0000 00 0000                 PTR      0000
      0183   0260  0 0000 20 0000                 CU       0000
      0184
      0185   0261  4 0000 00 0300          4      PTR      0300
      0186
      0187                                        ORG      0300
      0188   0300  0 0000 21 0310                 CUR      0310
      0189   0301  0 0000 21 0310                 CUR      0310
      0190   0302  0 0000 21 0310                 CUR      0310
      0191   0303  0 0000 21 0310                 CUR      0310
      0192   0304  0 0000 21 0310                 CUR      0310
      0193   0305  0 0000 21 0310                 CUR      0310
      0194   0306  0 0000 21 0310                 CUR      0310
      0195
      0196   0307  0 0000 13 0000                 SR       0000
      0197   0308  0 0000 13 0000                 SR       0000
      0198   0309  0 0000 13 0000                 SR       0000
      0199
      0200   0310  0 0000 64 4008                 CAD      4008
      0201   0311  0 0000 12 3942                 ST       3942
      0202   0312  0 0000 64 4003                 CAD      4003
      0203   0313  0 0000 74 4006                 AD       4006
      0204   0314  0 0000 02 3941                 STC      3941       CORRECT NO.
      0205   0315  0 0000 14 0004                 SL       0004
      0206   0316  0 0000 63 0512                 EX       0512       ERROR
      0207   0317  0 0000 14 0002                 SL       0002         PREPARATION
      0208   0318  0 0000 74 0509                 AD       0509
      0209   0319  0 0000 12 3940                 ST       3940       KEY NO.
      0210   0320  0 0000 21 3900                 CUR      3900
      0211   0321  0 0000 30 0100                 CUB      0100
      0212
      0213   0322  4 0000 00 0500          4      PTR      0500
      0214
      0215                                        ORG      0500
      0216   0500  0 8796 37 9254                 NUM     8796379254  (4000) OPERAND NO.1
      0217   0501  0 5000 00 0000                 NUM     5000000000         EXP.BASE
      0218   0502  0 9976 85 3241                 NUM     9976853241         OPERAND NO.2
      0219   0503  0 0000 00 0000                 NUM     0000000000         TEST MANTISSA
      0220   0504  0 1100 00 0000                 NUM     1100000000         EXP.EXTRACT
      0221   0505  0 5000 00 0000                 NUM     5000000000
      0222   0506  0 0000 00 0000                 NUM     0000000000
      0223   0507  0 0100 00 0000                 NUM     0100000000
      0224   0508  0 0000 00 0000                 NUM     0000000000
      0225   0509  0 0700 00 0002                 NUM     0700000002
      0226   0510  0 0500 00 0000                 NUM     0500000000
      0227   0511  0 0000 00 0004                 NUM     0000000004
      0228   0512  0 0000 00 0001                 NUM     0000000001
      0229   0513  0 0000 00 0002                 NUM     0000000002
      0230   0514  0 1111 11 1111                 NUM     1111111111
      0231   0515  0 0000 00 0007                 NUM     0000000007
      0232
      0233   0516  6 0000 30 0100          6      CUB      0100
      0234                                        END
