200       TRANSCRIBED FROM 3.G01.1A.SHELL                                  00 00 00
                                               0




      0001                          LOC    S CNTL       T OPERAND     REMARKS
      0002                                                            TM4113, FLOATING-POINT DIAGNOS
      0003                                                            3.G01.1A
      0004                                                            FLOATING POINT COMMAND SURVEY
      0005
      0006   0000  4 0000 00 0099          4      PTR      0099       READ ROUTINE INTO MEMORY
      0007                                        ORG      0099
      0008
      0009                                                            FLOATING MULTIPLY
      0010
      0011   0099  0 0000 34 1000                 BT4      1000
      0012   0100  0 0000 35 1020                 BT5      1020
      0013   0101  0 0000 72 4000                 SB       4000       (B)A = 0009
      0014   0102  0 0000 64 4001                 CAD      4001       (0)(X) = 000
      0015   0103  0 0000 82 4002                 FM       4002
      0016   0104  0 0000 28 0800                 CC       0800       ERROR EXIT
      0017   0105  0 0000 75 4002                 SU       4002
      0018   0106  0 0000 04 0801                 CNZ      0801       ERROR EXIT 2
      0019   0107  0 0000 22 7102                 DB       7102
      0020
      0021   0108  0 0000 72 4000                 SB       4000       (B)A = 0009
      0022   0109  0 0000 64 4002                 CAD      4002       (X)(0) = 000
      0023   0110  0 0000 82 4003                 FM       4003
      0024   0111  0 0000 28 0802                 CC       0802       ERROR EXIT
      0025   0112  0 0000 75 4002                 SU       4002
      0026   0113  0 0000 04 0803                 CNZ      0803       ERROR EXIT 4
      0027   0114  0 0000 22 7109                 DB       7109
      0028   0115  0 0000 30 0116                 CUB      0116
      0029
      0030   0116  0 0000 72 4000                 SB       4000       (B)A = 0009
      0031   0117  0 0000 64 4002                 CAD      4002       (0)(0) = 000
      0032   0118  0 0000 82 4002                 FM       4002
      0033   0119  0 0000 28 0804                 CC       0804       ERROR EXIT
      0034   0120  0 0000 75 4002                 SU       4002
      0035   0121  0 0000 04 0805                 CNZ      0805       ERROR EXIT 6
      0036   0122  0 0000 22 7017                 DB       7017
      0037
      0038   0123  0 0000 72 4000                 SB       4000       (B)A = 0009
      0039   0124  0 0000 64 4004                 CAD      4004       (X)(Y) = OF
      0040   0125  0 0000 82 4005                 FM       4005
      0041   0126  0 0000 28 7128                 CC       7128
      0042   0127  0 0000 20 0806                 CU       0806       ERROR EXIT 7
      0043   0128  0 0000 22 7124                 DB       7124
      0044   0129  0 0000 30 0130                 CUB      0130
      0045
      0046   0130  0 0000 72 4000                 SB       4000
      0047   0131  0 0000 64 4006                 CAD      4006       (X)(Y) = 98XX
      0048   0132  0 0000 82 4005                 FM       4005
      0049   0133  0 0000 28 0807                 CC       0807       9
      0050   0134  0 0000 75 4007                 SU       4007
      0051   0135  0 0000 04 0808                 CNZ      0808
      0052   0136  0 0000 22 7131                 DB       7131
      0053
      0054   0137  0 0000 72 4000                 SB       4000
      0055   0138  0 0000 64 4008                 CAD      4008       (X)(Y) = 99XX
      0056   0139  0 0000 82 4005                 FM       4005
      0057   0140  0 0000 28 0809                 CC       0809       11
      0058   0141  0 0000 75 4009                 SU       4009
      0059   0142  0 0000 04 0810                 CNZ      0810
      0060   0143  0 0000 22 7138                 DB       7138
      0061   0144  0 0000 30 0145                 CUB      0145
      0062
      0063   0145  0 0000 72 4000                 SB       4000
      0064   0146  0 0000 64 4010                 CAD      4010       (X)(Y) = OF
      0065   0147  0 0000 82 4011                 FM       4011
      0066   0148  0 0000 28 7150                 CC       7150       12
      0067   0149  0 0000 20 0811                 CU       0811
      0068   0150  0 0000 22 7146                 DB       7146
      0069
      0070   0151  0 0000 72 4000                 SB       4000
      0071   0152  0 0000 64 4012                 CAD      4012       (X)(Y) = OF
      0072   0153  0 0000 82 4013                 FM       4013       13
      0073   0154  0 0000 28 7156                 CC       7156
      0074   0155  0 0000 20 0812                 CU       0812
      0075   0156  0 0000 22 7152                 DB       7152
      0076   0157  0 0000 30 0158                 CUB      0158
      0077
      0078   0158  0 0000 72 4000                 SB       4000
      0079   0159  0 0000 64 4014                 CAD      4014       (X)(Y) = UF CLEAR
      0080   0160  0 0000 82 4015                 FM       4015
      0081   0161  0 0000 28 0813                 CC       0813
      0082   0162  0 0000 04 0814                 CNZ      0814       15
      0083   0163  0 0000 14 0010                 SL       0010
      0084   0164  0 0000 04 0815                 CNZ      0815       16
      0085   0165  0 0000 22 7159                 DB       7159
      0086
      0087   0166  0 0000 13 0000                 SR       0000
      0088
      0089   0167  0 0000 72 4000                 SB       4000
      0090   0168  0 0000 64 4016                 CAD      4016       (X)(Y) = UF CLEAR
      0091   0169  0 0000 82 4015                 FM       4015
      0092   0170  0 0000 28 0816                 CC       0816
      0093   0171  0 0000 04 0817                 CNZ      0817       18
      0094   0172  0 0000 22 7168                 DB       7168
      0095   0173  0 0000 30 0174                 CUB      0174
      0096
      0097   0174  0 0000 72 4000                 SB       4000
      0098   0175  0 0000 64 4017                 CAD      4017       (X)(Y) = 00X
      0099   0176  0 0000 82 4015                 FM       4015
      0100   0177  0 0000 28 0818                 CC       0818
      0101   0178  0 0000 73 4015                 OSGD     4015
      0102   0179  0 0000 28 0819                 CC       0819       20
      0103   0180  0 0000 75 4018                 SU       4018
      0104   0181  0 0000 04 0820                 CNZ      0820       21
      0105   0182  0 0000 22 7175                 DB       7175
      0106
      0107   0183  0 0000 72 4000                 SB       4000
      0108   0184  0 0000 64 4019                 CAD      4019       (X)(Y) = UF CLEAR
      0109   0185  0 0000 82 5000                 FM       5000
      0110   0186  0 0000 28 0821                 CC       0821
      0111   0187  0 0000 04 0822                 CNZ      0822       23
      0112   0188  0 0000 22 7184                 DB       7184
      0113   0189  0 0000 30 0190                 CUB      0190
      0114
      0115   0190  0 0000 72 4000                 SB       4000
      0116   0191  0 0000 64 5001                 CAD      5001       (X)(Y) = 98XX
      0117   0192  0 0000 82 4011                 FM       4011
      0118   0193  0 0000 28 0823                 CC       0823
      0119   0194  0 0000 75 5002                 SU       5002
      0120   0195  0 0000 04 0824                 CNZ      0824       25
      0121   0196  0 0000 22 7191                 DB       7191
      0122
      0123                                                            FLOATING DIVISION
      0124
      0125   0197  0 0000 30 0198                 CUB      0198
      0126   0198  0 0000 34 1040                 BT4      1040
      0127   0199  0 0000 35 1060                 BT5      1060
      0128
      0129   0200  0 0000 72 4000                 SB       4000
      0130   0201  0 0000 64 4001                 CAD      4001       0/(N) = UF
      0131   0202  0 0000 83 4002                 FDIV     4002
      0132   0203  0 0000 28 0825                 CC       0825
      0133   0204  0 0000 04 0826                 CNZ      0826       27
      0134   0205  0 0000 14 0010                 SL       0010
      0135   0206  0 0000 04 0827                 CNZ      0827       28
      0136   0207  0 0000 22 7201                 DB       7201
      0137
      0138   0208  0 0000 72 4000                 SB       4000
      0139   0209  0 0000 64 4003                 CAD      4003       N/(0) = OF
      0140   0210  0 0000 83 4001                 FDIV     4001
      0141   0211  0 0000 28 7213                 CC       7213
      0142   0212  0 0000 20 0828                 CU       0828       29
      0143   0213  0 0000 22 7209                 DB       7209
      0144   0214  0 0000 30 0215                 CUB      0215
      0145
      0146   0215  0 0000 72 4000                 SB       4000
      0147   0216  0 0000 64 4001                 CAD      4001       0/(0) = OF
      0148   0217  0 0000 83 4001                 FDIV     4001
      0149   0218  0 0000 28 7220                 CC       7220
      0150   0219  0 0000 20 0829                 CU       0829
      0151   0220  0 0000 22 7216                 DB       7216
      0152
      0153   0221  0 0000 72 4000                 SB       4000
      0154   0222  0 0000 64 4004                 CAD      4004       X/Y = 99XX
      0155   0223  0 0000 83 4005                 FDIV     4005
      0156   0224  0 0000 28 0830                 CC       0830
      0157   0225  0 0000 75 4006                 SU       4006
      0158   0226  0 0000 04 0831                 CNZ      0831
      0159   0227  0 0000 22 7222                 DB       7222
      0160   0228  0 0000 30 0230                 CUB      0230
      0161
      0162   0229  0 0000 13 0000                 SR       0000
      0163
      0164   0230  0 0000 72 4000                 SB       4000
      0165   0231  0 0000 64 4007                 CAD      4007       X/Y = 99XX WITHIN RANGE WITH C
      0166   0232  0 0000 83 4008                 FDIV     4008
      0167   0233  0 0000 28 0832                 CC       0832
      0168   0234  0 0000 12 4010                 ST       4010
      0169   0235  0 0000 75 4009                 SU       4009
      0170   0236  0 0000 04 0833                 CNZ      0833
      0171   0237  0 0000 64 4010                 CAD      4010
      0172   0238  0 0000 63 4011                 EX       4011
      0173   0239  0 0000 15 7240                 NOR      7240
      0174   0240  0 0000 13 0010                 SR       0010
      0175   0241  0 0000 16 0000                 ADSC     0000
      0176   0242  0 0000 75 4012                 SU       4012
      0177   0243  0 0000 04 0834                 CNZ      0834
      0178   0244  0 0000 22 7231                 DB       7231
      0179   0245  0 0000 30 0246                 CUB      0246
      0180
      0181   0246  0 0000 72 4000                 SB       4000
      0182   0247  0 0000 33 0000                 CR       0000
      0183   0248  0 0000 64 4013                 CAD      4013       X/Y = 00XX
      0184   0249  0 0000 83 4014                 FDIV     4014
      0185   0250  0 0000 28 0835                 CC       0835
      0186   0251  0 0000 73 4013                 OSGD     4013
      0187   0252  0 0000 28 0836                 CC       0836
      0188   0253  0 0000 75 4016                 SU       4016
      0189   0254  0 0000 04 0837                 CNZ      0837
      0190   0255  0 0000 22 7247                 DB       7247
      0191
      0192   0256  0 0000 72 4000                 SB       4000
      0193   0257  0 0000 64 4008                 CAD      4008       X/Y = UF
      0194   0258  0 0000 83 4014                 FDIV     4014
      0195   0259  0 0000 28 0838                 CC       0838
      0196   0260  0 0000 04 0839                 CNZ      0839
      0197   0261  0 0000 22 7257                 DB       7257
      0198   0262  0 0000 30 0265                 CUB      0265
      0199
      0200   0263  0 0000 13 0000                 SR       0000
      0201   0264  0 0000 13 0000                 SR       0000
      0202
      0203   0265  0 0000 72 4000                 SB       4000
      0204   0266  0 0000 64 4014                 CAD      4014       X/Y = OF
      0205   0267  0 0000 83 4013                 FDIV     4013
      0206   0268  0 0000 28 7270                 CC       7270
      0207   0269  0 0000 20 0840                 CU       0840
      0208   0270  0 0000 22 7266                 DB       7266
      0209
      0210   0271  0 0000 72 4000                 SB       4000
      0211   0272  0 0000 64 4006                 CAD      4006       X/Y = OF
      0212   0273  0 0000 83 4015                 FDIV     4015
      0213   0274  0 0000 28 7276                 CC       7276
      0214   0275  0 0000 20 0841                 CU       0841
      0215   0276  0 0000 22 7272                 DB       7272
      0216
      0217                                                            FLOATING ADDITION
      0218
      0219   0277  0 0000 30 0279                 CUB      0279
      0220   0278  0 0000 13 0000                 SR       0000
      0221   0279  0 0000 36 1100                 BT6      1100
      0222   0280  0 0000 34 1060                 BT4      1060
      0223   0281  0 0000 35 1080                 BT5      1080
      0224
      0225   0282  0 0000 72 4000                 SB       4000
      0226   0283  0 0000 64 4001                 CAD      4001       (X+0)
      0227   0284  0 0000 80 4002                 FAD      4002
      0228   0285  0 0000 28 0842                 CC       0842
      0229   0286  0 0000 12 4003                 ST       4003
      0230   0287  0 0000 63 4004                 EX       4004
      0231   0288  0 0000 75 4005                 SU       4005
      0232   0289  0 0000 04 0843                 CNZ      0843
      0233   0290  0 0000 64 4003                 CAD      4003
      0234   0291  0 0000 63 4006                 EX       4006
      0235   0292  0 0000 75 4007                 SU       4007
      0236   0293  0 0000 04 0844                 CNZ      0844
      0237   0294  0 0000 30 0295                 CUB      0295
      0238
      0239   0295  0 0000 64 4002                 CAD      4002       (0+X)
      0240   0296  0 0000 80 4001                 FAD      4001
      0241   0297  0 0000 28 0845                 CC       0845
      0242   0298  0 0000 12 4003                 ST       4003
      0243   0299  0 0000 63 4004                 EX       4004
      0244   0300  0 0000 75 4005                 SU       4005
      0245   0301  0 0000 04 0846                 CNZ      0846
      0246   0302  0 0000 64 4003                 CAD      4003
      0247   0303  0 0000 63 4006                 EX       4006
      0248   0304  0 0000 75 4007                 SU       4007
      0249   0305  0 0000 04 0847                 CNZ      0847
      0250
      0251   0306  0 0000 64 4001                 CAD      4001
      0252   0307  0 0000 74 4008                 AD       4008
      0253   0308  0 0000 02 4001                 STC      4001
      0254
      0255   0309  0 0000 64 4005                 CAD      4005
      0256   0310  0 0000 74 4008                 AD       4008
      0257   0311  0 0000 02 4005                 STC      4005
      0258   0312  0 0000 22 0314                 DB       0314
      0259   0313  0 0000 30 0317                 CUB      0317
      0260   0314  0 0000 30 0283                 CUB      0283
      0261
      0262   0315  0 0000 13 0000                 SR       0000
      0263   0316  0 0000 13 0000                 SR       0000
      0264
      0265   0317  0 0000 72 4000                 SB       4000
      0266   0318  0 0000 64 4002                 CAD      4002       (0+0)
      0267   0319  0 0000 80 4002                 FAD      4002
      0268   0320  0 0000 28 0848                 CC       0848
      0269   0321  0 0000 12 4003                 ST       4003
      0270   0322  0 0000 63 4004                 EX       4004
      0271   0323  0 0000 04 0849                 CNZ      0849
      0272   0324  0 0000 64 4003                 CAD      4003
      0273   0325  0 0000 63 4006                 EX       4006
      0274   0326  0 0000 04 0850                 CNZ      0850
      0275   0327  0 0000 22 7318                 DB       7318
      0276   0328  0 0000 30 0330                 CUB      0330
      0277   0329  0 0000 13 0000                 SR       0000
      0278
      0279   0330  0 0000 35 1080                 BT5      1080
      0280   0331  0 0000 36 1100                 BT6      1100
      0281
      0282   0332  0 0000 72 6012                 SB       6012       (B)A = 008
      0283   0333  0 0000 64 6017                 CAD      6017       (A+B) WITH (AX-DX) LSS 11)
      0284   0334  0 0000 80 6018                 FAD      6018
      0285   0335  0 0000 28 0851                 CC       0851
      0286   0336  0 0000 12 6019                 ST       6019
      0287   0337  0 0000 63 5009                 EX       5009
      0288   0338  0 0000 75 5010                 SU       5010
      0289   0339  0 0000 04 0852                 CNZ      0852
      0290   0340  0 0000 64 6019                 CAD      6019
      0291   0341  0 0000 63 5011                 EX       5011
      0292   0342  0 0000 75 5008                 SU       5008
      0293   0343  0 0000 04 0853                 CNZ      0853
      0294   0344  0 0000 22 7333                 DB       7333
      0295   0345  0 0000 30 0348                 CUB      0348
      0296
      0297   0346  0 0000 13 0000                 SR       0000
      0298   0347  0 0000 13 0000                 SR       0000
      0299
      0300   0348  0 0000 72 6012                 SB       6012
      0301   0349  0 0000 64 5012                 CAD      5012       (A+B) WITH (AX-DX=11)
      0302   0350  0 0000 80 5013                 FAD      5013
      0303   0351  0 0000 28 0854                 CC       0854
      0304   0352  0 0000 12 5014                 ST       5014
      0305   0353  0 0000 63 5009                 EX       5009
      0306   0354  0 0000 75 5015                 SU       5015
      0307   0355  0 0000 04 0855                 CNZ      0855
      0308   0356  0 0000 64 5014                 CAD      5014
      0309   0357  0 0000 63 5011                 EX       5011
      0310   0358  0 0000 75 5000                 SU       5000
      0311   0359  0 0000 04 0856                 CNZ      0856
      0312   0360  0 0000 22 7349                 DB       7349
      0313   0361  0 0000 30 0365                 CUB      0365
      0314
      0315   0362  0 0000 13 0000                 SR       0000
      0316   0363  0 0000 13 0000                 SR       0000
      0317   0364  0 0000 13 0000                 SR       0000
      0318
      0319   0365  0 0000 72 6012                 SB       6012
      0320   0366  0 0000 64 6018                 CAD      6018       (A+B) WITH (DX-AX) LSS 11)
      0321   0367  0 0000 80 6017                 FAD      6017
      0322   0368  0 0000 28 0857                 CC       0857
      0323   0369  0 0000 12 6019                 ST       6019
      0324   0370  0 0000 63 5009                 EX       5009
      0325   0371  0 0000 75 5010                 SU       5010
      0326   0372  0 0000 04 0858                 CNZ      0858
      0327   0373  0 0000 64 6019                 CAD      6019
      0328   0374  0 0000 63 5011                 EX       5011
      0329   0375  0 0000 75 5008                 SU       5008
      0330   0376  0 0000 04 0859                 CNZ      0859
      0331   0377  0 0000 22 7366                 DB       7366
      0332   0378  0 0000 30 0380                 CUB      0380
      0333
      0334   0379  0 0000 13 0000                 SR       0000
      0335
      0336   0380  0 0000 72 6012                 SB       6012
      0337   0381  0 0000 64 5013                 CAD      5013       (A+B) WITH (DX-AX=11)
      0338   0382  0 0000 80 5012                 FAD      5012
      0339   0383  0 0000 28 0860                 CC       0860
      0340   0384  0 0000 12 5014                 ST       5014
      0341   0385  0 0000 63 5009                 EX       5009
      0342   0386  0 0000 75 5015                 SU       5015
      0343   0387  0 0000 04 0861                 CNZ      0861
      0344   0388  0 0000 64 5014                 CAD      5014
      0345   0389  0 0000 63 5011                 EX       5011
      0346   0390  0 0000 75 5000                 SU       5000
      0347   0391  0 0000 04 0862                 CNZ      0862
      0348   0392  0 0000 22 7381                 DB       7381
      0349   0393  0 0000 30 0395                 CUB      0395
      0350
      0351   0394  0 0000 13 0000                 SR       0000
      0352
      0353   0395  0 0000 72 6012                 SB       6012
      0354   0396  1 0000 64 5000          1      CAD      5000       (A+(-B)) = UF
      0355   0397  1 0000 80 6000          1      FAD      6000
      0356   0398  0 0000 28 0863                 CC       0863
      0357   0399  0 0000 04 0864                 CNZ      0864
      0358   0400  0 0000 22 7396                 DB       7396
      0359
      0360   0401  0 0000 72 6012                 SB       6012
      0361   0402  1 0000 64 6000          1      CAD      6000
      0362   0403  0 0000 63 6016                 EX       6016
      0363   0404  1 0000 02 6000          1      STC      6000
      0364   0405  0 0000 22 7402                 DB       7402
      0365   0406  0 0000 72 6012                 SB       6012
      0366   0407  1 0000 64 5000          1      CAD      5000       (A-B) = UF
      0367   0408  1 0000 81 6000          1      FSU      6000
      0368   0409  0 0000 28 0865                 CC       0865
      0369   0410  0 0000 04 0866                 CNZ      0866
      0370   0411  0 0000 22 7407                 DB       7407
      0371   0412  0 0000 30 0415                 CUB      0415
      0372
      0373   0413  0 0000 13 0000                 SR       0000
      0374   0414  0 0000 13 0000                 SR       0000
      0375
      0376   0415  0 0000 72 6012                 SB       6012
      0377   0416  0 0000 64 6017                 CAD      6017       (A+B) WITH (AX-DX GTR 11)
      0378   0417  0 0000 80 5013                 FAD      5013
      0379   0418  0 0000 28 0867                 CC       0867
      0380   0419  0 0000 12 5014                 ST       5014
      0381   0420  0 0000 63 5009                 EX       5009
      0382   0421  0 0000 75 5010                 SU       5010
      0383   0422  0 0000 04 0868                 CNZ      0868
      0384   0423  0 0000 64 5014                 CAD      5014
      0385   0424  0 0000 63 5011                 EX       5011
      0386   0425  0 0000 75 5016                 SU       5016
      0387   0426  0 0000 04 0869                 CNZ      0869
      0388   0427  0 0000 22 7416                 DB       7416
      0389   0428  0 0000 30 0430                 CUB      0430
      0390
      0391   0429  0 0000 13 0000                 SR       0000
      0392   0430  0 0000 72 6012                 SB       6012
      0393   0431  1 0000 64 5000          1      CAD      5000       (A+B) = OF (CONST. EXP.)
      0394   0432  0 0000 74 6013                 AD       6013
      0395   0433  1 0000 02 5000          1      STC      5000
      0396   0434  1 0000 64 6000          1      CAD      6000
      0397   0435  0 0000 74 6013                 AD       6013
      0398   0436  1 0000 02 6000          1      STC      6000
      0399   0437  0 0000 22 7431                 DB       7431
      0400
      0401   0438  0 0000 72 6012                 SB       6012
      0402   0439  1 0000 64 5000          1      CAD      5000
      0403   0440  0 0000 80 6000                 FAD      6000
      0404   0441  0 0000 28 7443                 CC       7443
      0405   0442  0 0000 20 0870                 CU       0870
      0406   0443  0 0000 64 7440                 CAD      7440
      0407   0444  0 0000 74 6011                 AD       6011
      0408   0445  0 0000 02 7440                 STC      7440
      0409   0446  0 0000 22 7439                 DB       7439
      0410   0447  0 0000 30 0450                 CUB      0450
      0411
      0412   0448  0 0000 13 0000                 SR       0000
      0413   0449  0 0000 13 0000                 SR       0000
      0414
      0415   0450  0 0000 72 6012                 SB       6012
      0416   0451  1 0000 65 6000          1      CSU      6000       (A-(-B)) = OF (CONST. EXP.)
      0417   0452  0 0000 13 0000                 SR       0000
      0418   0453  1 0000 02 6000          1      STC      6000
      0419   0454  0 0000 22 7451                 DB       7451
      0420   0455  0 0000 72 6012                 SB       6012
      0421   0456  1 0000 64 5000          1      CAD      5000
      0422   0457  0 0000 81 6000                 FSU      6000
      0423   0458  0 0000 28 7460                 CC       7460
      0424   0459  0 0000 20 0871                 CU       0871
      0425   0460  0 0000 64 7457                 CAD      7457
      0426   0461  0 0000 74 6011                 AD       6011
      0427   0462  0 0000 02 7457                 STC      7457
      0428   0463  0 0000 22 7456                 DB       7456
      0429   0464  0 0000 30 0465                 CUB      0465
      0430
      0431   0465  0 0000 72 6012                 SB       6012
      0432   0466  1 0000 64 5000          1      CAD      5000       (A-B) = XY) EXP. ADJ. TEST
      0433   0467  0 0000 75 6014                 SU       6014
      0434   0468  1 0000 12 5000          1      ST       5000
      0435   0469  1 0000 64 6000          1      CAD      6000
      0436   0470  0 0000 74 6014                 AD       6014
      0437   0471  0 0000 63 6016                 EX       6016
      0438   0472  1 0000 02 6000          1      STC      6000
      0439   0473  0 0000 22 7466                 DB       7466
      0440   0474  0 0000 30 0475                 CUB      0475
      0441   0475  0 0000 72 5017                 SB       5017
      0442   0476  1 0000 64 5000          1      CAD      5000
      0443   0477  1 0000 81 6000          1      FSU      6000
      0444   0478  0 0000 28 0872                 CC       0872
      0445   0479  0 0000 13 0008                 SR       0008
      0446   0480  0 0000 75 6009                 SU       6009
      0447   0481  0 0000 04 0873                 CNZ      0873
      0448   0482  0 0000 64 6009                 CAD      6009
      0449   0483  0 0000 74 6011                 AD       6011
      0450   0484  0 0000 02 6009                 STC      6009
      0451   0485  0 0000 22 7476                 DB       7476
      0452
      0453   0486  0 0000 13 0000                 SR       0000
      0454   0487  0 0000 13 0000                 SR       0000
      0455   0488  0 0000 13 0000                 SR       0000
      0456   0489  0 0000 13 0000                 SR       0000
      0457
      0458   0490  0 0000 64 0912                 CAD      0912       CYCLE TALLLY
      0459   0491  0 0000 75 0913                 SU       0913
      0460   0492  0 0000 12 0912                 ST       0912
      0461   0493  0 0000 15 0495                 NOR      0495
      0462   0494  0 0000 30 0099                 CUB      0099
      0463   0495  0 0000 00 0000                 PTR      0000
      0464
      0465   0496  4 0000 00 0800          4      PTR      0800
      0466
      0467                                        ORG      0800
      0468   0800  0 0000 21 0900                 CUR      0900
      0469   0801  0 0000 21 0900                 CUR      0900
      0470   0802  0 0000 21 0900                 CUR      0900
      0471   0803  0 0000 21 0900                 CUR      0900
      0472   0804  0 0000 21 0900                 CUR      0900
      0473   0805  0 0000 21 0900                 CUR      0900
      0474   0806  0 0000 21 0900                 CUR      0900
      0475   0807  0 0000 21 0900                 CUR      0900
      0476   0808  0 0000 21 0900                 CUR      0900
      0477   0809  0 0000 21 0900                 CUR      0900
      0478   0810  0 0000 21 0900                 CUR      0900
      0479   0811  0 0000 21 0900                 CUR      0900
      0480   0812  0 0000 21 0900                 CUR      0900
      0481   0813  0 0000 21 0900                 CUR      0900
      0482   0814  0 0000 21 0900                 CUR      0900
      0483   0815  0 0000 21 0900                 CUR      0900
      0484   0816  0 0000 21 0900                 CUR      0900
      0485   0817  0 0000 21 0900                 CUR      0900
      0486   0818  0 0000 21 0900                 CUR      0900
      0487   0819  0 0000 21 0900                 CUR      0900
      0488   0820  0 0000 21 0900                 CUR      0900
      0489   0821  0 0000 21 0900                 CUR      0900
      0490   0822  0 0000 21 0900                 CUR      0900
      0491   0823  0 0000 21 0900                 CUR      0900
      0492   0824  0 0000 21 0900                 CUR      0900
      0493   0825  0 0000 21 0900                 CUR      0900
      0494   0826  0 0000 21 0900                 CUR      0900
      0495   0827  0 0000 21 0900                 CUR      0900
      0496   0828  0 0000 21 0900                 CUR      0900
      0497   0829  0 0000 21 0900                 CUR      0900
      0498   0830  0 0000 21 0900                 CUR      0900
      0499   0831  0 0000 21 0900                 CUR      0900
      0500   0832  0 0000 21 0900                 CUR      0900
      0501   0833  0 0000 21 0900                 CUR      0900
      0502   0834  0 0000 21 0900                 CUR      0900
      0503   0835  0 0000 21 0900                 CUR      0900
      0504   0836  0 0000 21 0900                 CUR      0900
      0505   0837  0 0000 21 0900                 CUR      0900
      0506   0838  0 0000 21 0900                 CUR      0900
      0507   0839  0 0000 21 0900                 CUR      0900
      0508   0840  0 0000 21 0900                 CUR      0900
      0509   0841  0 0000 21 0900                 CUR      0900
      0510   0842  0 0000 21 0900                 CUR      0900
      0511   0843  0 0000 21 0900                 CUR      0900
      0512   0844  0 0000 21 0900                 CUR      0900
      0513   0845  0 0000 21 0900                 CUR      0900
      0514   0846  0 0000 21 0900                 CUR      0900
      0515   0847  0 0000 21 0900                 CUR      0900
      0516   0848  0 0000 21 0900                 CUR      0900
      0517   0849  0 0000 21 0900                 CUR      0900
      0518   0850  0 0000 21 0900                 CUR      0900
      0519   0851  0 0000 21 0900                 CUR      0900
      0520   0852  0 0000 21 0900                 CUR      0900
      0521   0853  0 0000 21 0900                 CUR      0900
      0522   0854  0 0000 21 0900                 CUR      0900
      0523   0855  0 0000 21 0900                 CUR      0900
      0524   0856  0 0000 21 0900                 CUR      0900
      0525   0857  0 0000 21 0900                 CUR      0900
      0526   0858  0 0000 21 0900                 CUR      0900
      0527   0859  0 0000 21 0900                 CUR      0900
      0528   0860  0 0000 21 0900                 CUR      0900
      0529   0861  0 0000 21 0900                 CUR      0900
      0530   0862  0 0000 21 0900                 CUR      0900
      0531   0863  0 0000 21 0900                 CUR      0900
      0532   0864  0 0000 21 0900                 CUR      0900
      0533   0865  0 0000 21 0900                 CUR      0900
      0534   0866  0 0000 21 0900                 CUR      0900
      0535   0867  0 0000 21 0900                 CUR      0900
      0536   0868  0 0000 21 0900                 CUR      0900
      0537   0869  0 0000 21 0900                 CUR      0900
      0538   0870  0 0000 21 0900                 CUR      0900
      0539   0871  0 0000 21 0900                 CUR      0900
      0540   0872  0 0000 21 0900                 CUR      0900
      0541   0873  0 0000 21 0900                 CUR      0900
      0542   0874  0 0000 21 0900                 CUR      0900
      0543   0875  0 0000 21 0900                 CUR      0900
      0544
      0545   0876  4 0000 00 0900          4      PTR      0900
      0546
      0547                                        ORG      0900
      0548   0900  0 0000 02 3942                 STC      3942
      0549   0901  0 0000 14 0004                 SL       0004
      0550   0902  0 0000 33 0000                 CR       0000
      0551   0903  0 0000 14 0002                 SL       0002       (A)A = +000000 08NN
      0552   0904  0 0000 63 0911                 EX       0911       (A)A =  000000 00NN KEY NO. ER
      0553   0905  0 0000 74 0910                 AD       0910
      0554   0906  0 0000 12 3940                 ST       3940
      0555
      0556   0907  0 0000 21 3900                 CUR      3900
      0557   0908  0 0000 30 0914                 CUB      0914
      0558
      0559   0909  0 0000 13 0000                 SR       0000
      0560
      0561   0910  0 0700 00 0001                 NUM     0700000001
      0562   0911  0 0000 00 1100                 NUM     0000001100
      0563   0912  0 0000 00 0050                 NUM     0000000050
      0564   0913  0 0000 00 0001                 NUM     0000000001
      0565
      0566   0914  0 0004 64 0910            0004 CAD      0910       CODE INDICATOR
      0567   0915  0 0000 30 0099                 CUB      0099
      0568
      0569   0916  4 0000 00 1000          4      PTR      1000
      0570
      0571                                        ORG      1000
      0572   1000  0 0000 00 0009                 NUM     0000000009  4000
      0573   1001  0 5012 34 5678                 NUM     5012345678
      0574   1002  0 0000 00 0000                 NUM     0000000000
      0575   1003  1 6012 34 5678                 NUM   - 6012345678
      0576   1004  0 5212 34 5678                 NUM     5212345678
      0577   1005  0 9876 54 3210                 NUM     9876543210
      0578   1006  0 5112 34 5678                 NUM     5112345678
      0579   1007  0 9894 49 7782                 NUM     9894497782
      0580   1008  0 5198 76 5432                 NUM     5198765432
      0581   1009  0 9975 59 8232                 NUM     9975598232
      0582   1010  1 5312 34 5678                 NUM   - 5312345678
      0583   1011  0 9798 76 5432                 NUM     9798765432
      0584   1012  0 5412 34 5678                 NUM     5412345678
      0585   1013  0 9723 45 6789                 NUM     9723456789
      0586   1014  0 3498 76 5432                 NUM     3498765432
      0587   1015  1 1234 56 7890                 NUM   - 1234567890
      0588   1016  0 3798 76 5432                 NUM     3798765432
      0589   1017  0 3898 76 5432                 NUM     3898765432
      0590   1018  1 0034 14 1125                 NUM   - 0034141125
      0591   1019  1 3823 45 6789                 NUM   - 3823456789  4019
      0592
      0593   1020  1 1212 34 5678                 NUM   - 1212345678  5000
      0594   1021  0 5210 00 0000                 NUM     5210000000
      0595   1022  0 9898 76 5432                 NUM     9898765432
      0596   1023  0 0000 00 0001                 NUM     0000000001
      0597   1024  0 9999 99 9990                 NUM     9999999990
      0598
      0599   1025  4 0000 00 1040          4      PTR      1040
      0600
      0601                                        ORG      1040
      0602   1040  0 0000 00 0009                 NUM     0000000009  (4000)
      0603   1041  0 0000 00 0000                 NUM     0000000000
      0604   1042  0 6798 76 5432                 NUM     6798765432
      0605   1043  0 7823 45 6789                 NUM     7823456789
      0606   1044  0 8154 32 1098                 NUM     8154321098
      0607   1045  0 3295 23 4567                 NUM     3295234567
      0608   1046  0 9957 03 9266                 NUM     9957039266
      0609   1047  0 5887 65 9876                 NUM     5887659876
      0610   1048  0 1012 34 5678                 NUM     1012345678
      0611   1049  0 9971 00 4505                 NUM     9971004505
      0612   1050  0 0000 00 0000                 NUM     0000000000
      0613   1051  0 0011 11 1111                 NUM     0011111111
      0614   1052  0 0000 00 0002                 NUM     0000000002
      0615   1053  1 1345 67 8901                 NUM   - 1345678901
      0616   1054  0 6389 02 3456                 NUM     6389023456
      0617   1055  0 0012 34 5678                 NUM     0012345678
      0618   1056  1 0051 31 1084                 NUM   - 0051311084
      0619
      0620   1057  4 0000 00 1060          4      PTR      1060
      0621
      0622                                        ORG      1060
      0623   1060  0 0000 00 0012                 NUM     0000000012  (4000)
      0624   1061  0 0056 78 9876                 NUM     0056789876      1
      0625   1062  0 0000 00 0000                 NUM     0000000000      2
      0626   1063  0 0000 00 0000                 NUM     0000000000      3
      0627   1064  0 1100 00 0000                 NUM     1100000000      4
      0628   1065  0 0000 00 0000                 NUM     0000000000      5
      0629   1066  1 0011 11 1111                 NUM   - 0011111111      6
      0630   1067  0 0056 78 9876                 NUM     0056789876      7
      0631   1068  0 0100 00 0000                 NUM     0100000000      8
      0632   1069  0 0000 00 0000                 NUM     0000000000      9
      0633   1070  0 0000 00 0000                 NUM     0000000000     10
      0634   1071  0 0000 00 0000                 NUM     0000000000     11
      0635   1072  0 0000 00 0000                 NUM     0000000000     12
      0636   1073  0 0000 00 0000                 NUM     0000000000     13
      0637   1074  0 0000 00 0000                 NUM     0000000000     14
      0638   1075  0 0000 00 0000                 NUM     0000000000     15
      0639   1076  0 0000 00 0000                 NUM     0000000000     16
      0640   1077  0 0000 00 0000                 NUM     0000000000     17
      0641   1078  0 0000 00 0000                 NUM     0000000000     18
      0642   1079  0 0000 00 0000                 NUM     0000000000     19
      0643
      0644   1080  0 0098 76 5432                 NUM     0098765432  (5000)
      0645   1081  0 0087 65 4321                 NUM     0087654321      1
      0646   1082  0 0076 54 3210                 NUM     0076543210      2
      0647   1083  0 0065 43 2100                 NUM     0065432100      3
      0648   1084  0 0054 32 1234                 NUM     0054321234      4
      0649   1085  0 0043 21 2345                 NUM     0043212345      5
      0650   1086  0 0032 12 3456                 NUM     0032123456      6
      0651   1087  0 0021 23 4567                 NUM     0021234567      7
      0652   1088  0 0012 34 5678                 NUM     0012345678      8
      0653   1089  0 1100 00 0000                 NUM     1100000000      9
      0654   1090  0 5400 00 0000                 NUM     5400000000     10
      0655   1091  1 0011 11 1111                 NUM   - 0011111111     11
      0656   1092  0 4898 76 5432                 NUM     4898765432     12
      0657   1093  0 3712 34 5678                 NUM     3712345678     13
      0658   1094  0 0000 00 0000                 NUM     0000000000     14
      0659   1095  0 4800 00 0000                 NUM     4800000000     15
      0660   1096  0 0012 34 5670                 NUM     0012345670     16
      0661   1097  0 0000 00 0006                 NUM     0000000006     17
      0662   1098  0 0000 00 0000                 NUM     0000000000     18
      0663   1099  0 0000 00 0000                 NUM     0000000000     19
      0664
      0665   1100  1 0090 00 0000                 NUM   - 0090000000  (6000)
      0666   1101  1 0087 00 0000                 NUM   - 0087000000      1
      0667   1102  1 0076 50 0000                 NUM   - 0076500000      2
      0668   1103  1 0065 43 0000                 NUM   - 0065430000      3
      0669   1104  1 0054 32 1000                 NUM   - 0054321000      4
      0670   1105  1 0043 21 2300                 NUM   - 0043212300      5
      0671   1106  1 0032 12 3450                 NUM   - 0032123450      6
      0672   1107  1 0021 23 4567                 NUM   - 0021234567      7
      0673   1108  1 0012 34 5678                 NUM   - 0012345678      8
      0674   1109  0 0000 00 0025                 NUM     0000000025      9
      0675   1110  0 0000 00 0032                 NUM     0000000032     10
      0676   1111  0 0000 00 0001                 NUM     0000000001     11
      0677   1112  0 0000 00 0008                 NUM     0000000008     12
      0678   1113  0 9900 00 0000                 NUM     9900000000     13
      0679   1114  0 6700 00 0000                 NUM     6700000000     14
      0680   1115  1 0000 00 0000                 NUM   - 0000000000     15
      0681   1116  0 1111 11 1111                 NUM     1111111111     16
      0682   1117  0 5412 34 5670                 NUM     5412345670     17
      0683   1118  0 4787 65 4321                 NUM     4787654321     18
      0684   1119  0 0000 00 0000                 NUM     0000000000     19
      0685
      0686   1120  6 0000 20 0914          6      CU       0914
      0687                                        END
                                               0
