200       TRANSCRIBED FROM 3.G06.1A.SHELL                                  00 00 00

      0096                                        SU       0177         ROUTINE
             INVALID OPERATION PAIR
                                              0

      0001                          LOC    S CNTL       T OPERAND     REMARKS
      0002                                                            TM4113, FLOATING-POINT DIAGNOS
      0003                                                            3.G06.1A
      0004                                                            FP ADD-SUBTRACT TEST
      0005
      0006   0000  4 0000 00 0100          4      PTR      0100       READ ROUTINE INTO MEMORY
      0007
      0008                                        ORG      0100
      0009   0100  0 0000 36 0300                 BT6      0300       LOAD L6 WITH CONSTANTS
      0010
      0011   0101  0 0000 64 6000                 CAD      6000       EXHIBIT KEY NUMBER
      0012
      0013   0102  0 0000 72 6001                 SB       6001
      0014   0103  0 0000 64 6002                 CAD      6002
      0015   0104  0 0000 60 6002                 M        6002
      0016   0105  0 0000 14 0005                 SL       0005
      0017   0106  0 0000 15 7106                 NOR      7106
      0018   0107  0 0000 12 6002                 ST       6002
      0019   0108  0 0000 13 0002                 SR       0002
      0020   0109  0 0000 74 6003                 AD       6003       GENERATE 100 -RANDOM- NUMBERS
      0021   0110  1 0000 12 0500          1      ST       0500       STORES IN 0500-0599
      0022   0111  0 0000 64 6003                 CAD      6003
      0023   0112  0 0000 75 6004                 SU       6004
      0024   0113  0 0000 02 6003                 STC      6003
      0025   0114  0 0000 22 7103                 DB       7103
      0026   0115  0 0000 30 0116                 CUB      0116
      0027
      0028   0116  0 0000 64 6017                 CAD      6017       RESTORE BLOCKING COMMANDS
      0029   0117  0 0000 02 0135                 STC      0135
      0030   0118  0 0000 64 6018                 CAD      6018
      0031   0119  0 0000 02 0136                 STC      0136
      0032
      0033   0120  0 0000 72 6001                 SB       6001
      0034   0121  0 0000 64 6005                 CAD      6005
      0035   0122  0 0000 60 6005                 M        6005
      0036   0123  0 0000 14 0005                 SL       0005
      0037   0124  0 0000 15 7124                 NOR      7124       GENERATE 100 -RANDOM- NUMBERS
      0038   0125  0 0000 12 6005                 ST       6005       STORE IN 400-499
      0039   0126  0 0000 13 0002                 SR       0002
      0040   0127  0 0000 74 6006                 AD       6006       ALL EXPONENTS SAME
      0041   0128  1 0000 12 0400          1      ST       0400
      0042   0129  0 0000 22 7121                 DB       7121
      0043
      0044   0130  0 0000 64 6006                 CAD      6006
      0045   0131  0 0000 74 6004                 AD       6004
      0046   0132  0 0000 38 0170                 CCB      0170       INCREASE EXPONENT BY ON FOR NE
      0047   0133  0 0000 12 6006                 ST       6006       GROUP OF 100 RANDOM NUMBERS.
      0048   0134  0 0000 30 0135                 CUB      0135
      0049
      0050   0135  0 4000 34 0500            4000 BT4      0500       LOAD RANDOM NUMBERS
      0051   0136  0 0000 35 0400                 BT5      0400       IN L4 AND L5
      0052
      0053   0137  0 0000 64 7135                 CAD      7135
      0054   0138  0 0000 74 6007                 AD       6007
      0055   0139  0 0000 38 0116                 CCB      0116       INCREASE THE ABOVE BLOCKING AD
      0056   0140  0 0000 02 0135                 STC      0135       FOR NEXT GROUP OF 20 RANDOM NU
      0057   0141  0 0000 64 7136                 CAD      7136
      0058   0142  0 0000 74 6007                 AD       6007
      0059   0143  0 0000 02 0136                 STC      0136
      0060
      0061   0144  0 0000 72 6016                 SB       6016       SET B FOR FLOATING ADD TEST
      0062   0145  0 0000 30 0150                 CUB      0150
      0063
      0064   0146  0 0000 00 0000                 NUM     0000000000  SPARES
      0065   0147  0 0000 00 0000                 NUM     0000000000
      0066   0148  0 0000 00 0000                 NUM     0000000000
      0067   0149  0 0000 00 0000                 NUM     0000000000
      0068
      0069   0150  1 0000 64 4000          1      CAD      4000
      0070   0151  1 0000 80 5000          1      FAD      5000       COMPUTE X+Y AND STORE TEMPORAR
      0071   0152  0 0000 28 7161                 CC       7161       EXIT IF OFT = 1
      0072   0153  0 0000 02 7167                 STC      7167
      0073   0154  1 0000 64 5000          1      CAD      5000
      0074   0155  1 0000 80 4000          1      FAD      4000       COMPUTE Y+X
      0075   0156  0 0000 28 0210                 CC       0210
      0076
      0077   0157  0 0000 75 7167                 SU       7167
      0078   0158  0 0000 04 0220                 CNZ      0220       (Y+X) = (X+Y) = 0
      0079   0159  0 0000 22 7150                 DB       7150
      0080   0160  0 0000 30 0178                 CUB      0178
      0081
      0082   0161  0 0000 02 7168                 STC      7168
      0083   0162  1 0000 64 5000          1      CAD      5000
      0084   0163  1 0000 80 4000          1      FAD      4000       IF OVERFLOW OCCURRED ON X+Y, D
      0085   0164  0 0000 28 7159                 CC       7159         OCCUR ON Y+X
      0086   0165  0 0000 20 0229                 CU       0229
      0087
      0088   0166  0 0000 00 0000                 NUM     0000000000  STORE INTERMEDIATE SUMS
      0089   0167  0 0000 00 0000                 NUM     0000000000
      0090   0168  0 0000 00 0000                 NUM     0000000000
      0091   0169  0 0000 00 0000                 NUM     0000000000
      0092
      0093   0170  0 0000 64 0176                 CAD      0176
      0094   0171  0 0000 04 7173                 CNZ      7173
      0095   0172  0 0000 00 0000                 PTR      0000       TALLY NUMBERS OF COMPLETE PASS
X     0096   0173  0 0000 75 0177                 SU       0177         ROUTINE
      0097   0174  0 0000 02 0176                 STC      0176
      0098   0175  0 0000 30 0100                 CUB      0100
      0099
      0100   0176  0 0000 00 0001                 NUM     0000000001  CONSTANTS
      0101   0177  0 0000 00 0001                 NUM     0000000001
      0102
      0103   0178  0 0000 72 6016                 SB       6016
      0104   0179  1 0000 64 4000          1      CAD      4000
      0105   0180  1 0000 81 5000          1      FSU      5000
      0106   0181  0 0000 28 0235                 CC       0235
      0107   0182  0 0000 04 7184                 CNZ      7184
      0108   0183  0 0000 30 0195                 CUB      0195
      0109   0184  0 0000 02 6015                 STC      6015
      0110
      0111   0185  1 0000 64 5000          1      CAD      5000
      0112   0186  1 0000 81 4000          1      FSU      4000
      0113   0187  0 0000 28 0247                 CC       0247       COMPUTE Y-X
      0114   0188  0 0000 04 7190                 CNZ      7190
      0115   0189  0 0000 30 0202                 CUB      0202
      0116
      0117   0190  0 0000 63 6008                 EX       6008
      0118   0191  0 0000 77 6015                 SUA      6015
      0119   0192  0 0000 04 0261                 CNZ      0261       /Y-X/ - /X-Y/ = 0
      0120   0193  0 0000 22 7179                 DB       7179
      0121   0194  0 0000 30 0135                 CUB      0135
      0122
      0123   0195  1 0000 64 5000          1      CAD      5000
      0124   0196  1 0000 81 4000          1      FSU      4000
      0125   0197  0 0000 28 0253                 CC       0253       UNDERFLOW TEST X-Y
      0126   0198  0 0000 13 0000                 SR       0000
      0127   0199  0 0000 04 0271                 CNZ      0271
      0128   0200  0 0000 22 7209                 DB       7209
      0129   0201  0 0000 30 0135                 CUB      0135
      0130
      0131   0202  1 0000 64 4000          1      CAD      4000
      0132   0203  1 0000 81 5000          1      FSU      5000
      0133   0204  0 0000 28 0235                 CC       0235
      0134   0205  0 0000 13 0000                 SR       0000       UNDERFLOW TEST Y-X
      0135   0206  0 0000 04 0271                 CNZ      0271
      0136   0207  0 0000 22 7209                 DB       7209
      0137   0208  0 0000 30 0135                 CUB      0135
      0138   0209  0 0000 30 0179                 CUB      0179
      0139   0210  0 0000 02 3942                 STC      3942
      0140   0211  0 0000 64 7167                 CAD      7167
      0141   0212  0 0000 02 3941                 STC      3941
      0142   0213  0 0000 64 0219                 CAD      0219
      0143   0214  0 0000 02 3940                 STC      3940       X + X SETS OFT
      0144   0215  0 0000 21 3900                 CUR      3900
      0145   0216  0 0000 22 0218                 DB       0218
      0146   0217  0 0000 30 0178                 CUB      0178       BUT X + Y DOES NOT
      0147   0218  0 0000 30 0150                 CUB      0150
      0148   0219  0 0700 00 0106                 NUM     0700000106
      0149
      0150   0220  0 0000 64 7167                 CAD      7167
      0151   0221  0 0000 02 3941                 STC      3941
      0152   0222  1 0000 64 5000          1      CAD      5000
      0153   0223  1 0000 80 4000          1      FAD      4000
      0154   0224  0 0000 28 0225                 CC       0225       X+Y NEQ Y+X
      0155   0225  0 0000 02 3942                 STC      3942
      0156   0226  0 0000 64 0228                 CAD      0228
      0157   0227  0 0000 20 0214                 CU       0214
      0158   0228  0 0700 00 0206                 NUM     0700000206
      0159
      0160   0229  0 0000 02 3942                 STC      3942
      0161   0230  0 0000 64 7168                 CAD      7168
      0162   0231  0 0000 02 3941                 STC      3941       X + Y SETS OFT
      0163   0232  0 0000 64 0234                 CAD      0234       Y + X DOES NOT SET OFT
      0164   0233  0 0000 20 0214                 CU       0214
      0165   0234  0 0700 00 0306                 NUM     0700000306
      0166
      0167   0235  0 0000 02 3941                 STC      3941
      0168   0236  1 0000 64 5000          1      CAD      5000
      0169   0237  1 0000 81 4000          1      FSU      4000
      0170   0238  0 0000 28 0239                 CC       0239
      0171   0239  0 0000 02 3942                 STC      3942
      0172   0240  0 0000 64 0246                 CAD      0246
      0173   0241  0 0000 02 3940                 STC      3940
      0174   0242  0 0000 21 3900                 CUR      3900
      0175   0243  0 0000 22 0245                 DB       0245
      0176   0244  0 0000 30 0135                 CUB      0135
      0177   0245  0 0000 30 0179                 CUB      0179
      0178
      0179   0246  0 0700 00 0406                 NUM     0700000406
      0180
      0181   0247  0 0000 02 3942                 STC      3942
      0182   0248  0 0000 64 6015                 CAD      6015
      0183   0249  0 0000 02 3941                 STC      3941       Y - X SETS OFT
      0184   0250  0 0000 20 0240                 CU       0240
      0185   0251  0 0000 00 0000                 NUM     0000000000
      0186   0252  0 0000 00 0000                 NUM     0000000000
      0187
      0188   0253  0 0000 02 3942                 STC      3942
      0189   0254  1 0000 64 4000          1      CAD      4000
      0190   0255  1 0000 81 5000          1      FSU      5000       Y - X SETS OFT
      0191   0256  0 0000 28 0257                 CC       0257
      0192   0257  0 0000 02 3941                 STC      3941
      0193   0258  0 0000 20 0240                 CU       0240
      0194   0259  0 0000 00 0000                 NUM     0000000000
      0195   0260  0 0000 00 0000                 NUM     0000000000
      0196   0261  0 0000 66 6015                 CADA     6015       PREPARE ERROR ROUTINE
      0197   0262  0 0000 02 3941                 STC      3941
      0198   0263  1 0000 64 5000          1      CAD      5000
      0199   0264  1 0000 81 4000          1      FSU      4000
      0200   0265  0 0000 28 0266                 CC       0266       /Y-X/ NEQ /X-Y/
      0201   0266  0 0000 63 6008                 EX       6008
      0202   0267  0 0000 02 3942                 STC      3942
      0203   0268  0 0000 64 0270                 CAD      0270
      0204   0269  0 0000 20 0241                 CU       0241
      0205   0270  0 0700 00 0506                 NUM     0700000506
      0206
      0207   0271  1 0000 64 5000          1      CAD      5000
      0208   0272  1 0000 81 4000          1      FSU      4000
      0209   0273  0 0000 28 0274                 CC       0274
      0210   0274  0 0000 02 3942                 STC      3942
      0211   0275  1 0000 64 4000          1      CAD      4000       EXPONENT IS NOT ST TO ZERO
      0212   0276  1 0000 81 5000          1      FSU      5000         WHEN MANTISSA IS ZERO
      0213   0277  0 0000 28 0278                 CC       0278
      0214   0278  0 0000 02 3941                 STC      3941
      0215   0279  0 0000 64 0281                 CAD      0281
      0216   0280  0 0000 20 0241                 CU       0241
      0217   0281  0 0700 00 0606                 NUM     0700000606
      0218
      0219   0282  4 0000 00 0300          4      PTR      0300
      0220
      0221                                        ORG      0300
      0222   0300  0 0700 00 0006                 NUM     0700000006  CONSTANTS
      0223   0301  0 0000 00 0099                 NUM     0000000099
      0224   0302  0 9614 30 7852                 NUM     9614307852
      0225   0303  0 9900 00 0000                 NUM     9900000000
      0226   0304  0 0100 00 0000                 NUM     0100000000
      0227   0305  0 9876 54 3210                 NUM     9876543210
      0228   0306  0 0000 00 0000                 NUM     0000000000
      0229   0307  0 1000 00 0020                 NUM     1000000020
      0230   0308  0 1111 11 1111                 NUM     1111111111
      0231   0309  0 0000 00 0000                 NUM     0000000000
      0232   0310  0 0000 00 0000                 NUM     0000000000
      0233   0311  0 0000 00 0000                 NUM     0000000000
      0234   0312  0 0000 00 0000                 NUM     0000000000
      0235   0313  0 0000 00 0000                 NUM     0000000000
      0236   0314  0 0000 00 0000                 NUM     0000000000
      0237   0315  0 0000 00 0000                 NUM     0000000000
      0238   0316  0 0000 00 0019                 NUM     0000000019
      0239   0317  0 4000 34 0500                 NUM     4000340500
      0240   0318  0 0000 35 0400                 NUM     0000350400
      0241   0319  0 0000 00 0000                 NUM     0000000000
      0242
      0243   0320  6 0000 30 0170          6      CUB      0170
      0244                                        END
                                              0
