200       TRANSCRIBED FROM 3.G05.1A.SHELL                                  00 00 00
                                               -




      0001                          LOC    S CNTL       T OPERAND     REMARKS
      0002                                                            TM4113, FLOATING-POINT DIAGNOS
      0003                                                            3.G05.1A
      0004                                                            FP DIVIDE COMBINATION TESTS
      0005                                                                1/Y(X) = X/Y
      0006
      0007   0000  4 0000 00 0100          4      PTR      0100       READ ROUTINE INTO MEMORY
      0008
      0009                                        ORG      0100
      0010   0100  0 0004 64 0280            0004 CAD      0280       PREPARE F.P.TEST NO.S WITH RAN
      0011   0101  0 0000 34 0280                 BT4      0280
      0012
      0013   0102  0 0000 72 4001                 SB       4001       (B)A = 0099
      0014   0103  0 0000 64 4002                 CAD      4002
      0015   0104  0 0000 60 4002                 M        4002
      0016   0105  0 0000 14 0005                 SL       0005
      0017   0106  0 0000 15 7106                 NOR      7106
      0018   0107  0 0000 12 4002                 ST       4002
      0019   0108  0 0000 13 0002                 SR       0002
      0020   0109  0 0000 74 4003                 AD       4003
      0021   0110  1 0000 12 0300          1      ST       0300
      0022   0111  0 0000 64 4003                 CAD      4003
      0023   0112  0 0000 75 4004                 SU       4004
      0024   0113  0 0000 02 4003                 STC      4003
      0025   0114  0 0000 22 7103                 DB       7103
      0026   0115  0 0000 30 0116                 CUB      0116
      0027
      0028   0116  0 0000 72 4001                 SB       4001       (B)A = 0099
      0029   0117  0 0000 64 4005                 CAD      4005       PREPARE F.P.TEST NO.S (OPERAND
      0030   0118  0 0000 60 4005                 M        4005       WITH RANDOM MANT.
      0031   0119  0 0000 14 0005                 SL       0005
      0032   0120  0 0000 15 7120                 NOR      7120
      0033   0121  0 0000 12 4005                 ST       4005
      0034   0122  0 0000 13 0002                 SR       0002
      0035   0123  0 0000 74 4006                 AD       4006
      0036   0124  1 0000 12 0400          1      ST       0400
      0037   0125  0 0000 22 7017                 DB       7017
      0038
      0039   0126  0 0000 64 4006                 CAD      4006
      0040   0127  0 0000 74 4004                 AD       4004
      0041   0128  0 0000 38 0205                 CCB      0205       EXP.ADJ. OPERAND NO.2
      0042   0129  0 0000 02 4006                 STC      4006
      0043   0130  0 0000 30 0131                 CUB      0131
      0044
      0045   0131  0 4000 35 0300            4000 BT5      0300       MOVE OPERANDS TO LOOPS
      0046   0132  0 4000 36 0400            4000 BT6      0400
      0047   0133  0 0000 72 4013                 SB       4013       (B)A = 0001
      0048   0134  1 0000 64 0131          1      CAD      0131
      0049   0135  0 0000 74 4007                 AD       4007
      0050   0136  0 0000 38 0200                 CCB      0200       RESTORATION EXIT
      0051   0137  1 0000 02 0131          1      STC      0131
      0052   0138  0 0000 22 7134                 DB       7134
      0053   0139  0 0000 72 4008                 SB       4008       (B)A = 0019
      0054   0140  0 0000 30 0141                 CUB      0141
      0055   0141  0 0000 64 4014                 CAD      4014       (A)A = +5110000000
      0056   0142  1 0000 83 6000          1      FDIV     6000       (A)A = 1/Y
      0057   0143  0 0000 28 7158                 CC       7158       OVERFLOW EXIT
      0058   0144  0 0000 12 4015                 ST       4015
      0059   0145  1 0000 82 5000          1      FM       5000       (A)A = 1/Y (X)
      0060   0146  0 0000 38 0171                 CCB      0171       OVERFLOW EXIT
      0061   0147  0 0000 12 4016                 ST       4016
      0062   0148  0 0000 04 7150                 CNZ      7150
      0063   0149  0 0000 30 0188                 CUB      0188       UNDERFLOW EXIT
      0064
      0065   0150  1 0000 64 5000          1      CAD      5000       (A)A=X    FLOTTING PT. TEST
      0066   0151  1 0000 83 6000          1      FDIV     6000       (A)A = X/Y
      0067   0152  0 0000 38 0161                 CCB      0161       OVERFLOW EXIT
      0068   0153  0 0000 04 7155                 CNZ      7155
      0069   0154  0 0000 30 0179                 CUB      0179       UNDERFLOW EXIT X/Y
      0070   0155  0 0000 75 4016                 SU       4016       1/Y (X) = X/Y
      0071   0156  0 0000 13 0002                 SR       0002       TRUNCATION CORRECTION
      0072   0157  0 0000 04 0211                 CNZ      0211       ERROR EXIT (WITHIN RANGE)
      0073   0158  0 0000 22 7141                 DB       7141
      0074   0159  0 0000 30 0131                 CUB      0131
      0075
      0076   0160  0 0000 13 0000                 SR       0000       OVERFLOW TEST
      0077   0161  0 0000 12 0260                 ST       0260
      0078   0162  0 0000 64 4014                 CAD      4014       A(A) = 51.10000000
      0079   0163  1 0000 83 6000          1      FDIV     6000       A(A) = 1/Y
      0080   0164  0 0000 28 7165                 CC       7165
      0081   0165  1 0000 82 5000          1      FM       5000       A(A) = 1/Y (X)
      0082   0166  0 0000 28 0196                 CC       0196       OVERFLOW RETURN
      0083   0167  0 0000 13 0008                 SR       0008
      0084   0168  0 0000 75 4001                 SU       4001       (A)A = (A)B - (99*10**-10) --
      0085   0169  0 0000 04 0225                 CNZ      0225       ERROR EXIT (NO.99)
      0086   0170  0 0000 20 0196                 CU       0196       -99- EXP. RETURN
      0087
      0088   0171  0 0000 12 0261                 ST       0261
      0089   0172  1 0000 64 5000          1      CAD      5000       (A)A = (X)
      0090   0173  1 0000 83 6000          1      FDIV     6000       (A)A = X/Y
      0091   0174  0 0000 28 0196                 CC       0196       OVERFLOW RETURN
      0092   0175  0 0000 13 0008                 SR       0008
      0093   0176  0 0000 75 4001                 SU       4001       (A)A = (A)B - (99*10**-10) --
      0094   0177  0 0000 04 0232                 CNZ      0232       ERROR EXIT (NO. 99 EXP.)
      0095   0178  0 0000 20 0196                 CU       0196       RETURN
      0096   0179  0 0000 12 0262                 ST       0262
      0097   0180  0 0000 64 4014                 CAD      4014       (A)A = 51.10000000 UNDERFLOW T
      0098   0181  1 0000 83 6000          1      FDIV     6000       (A)A = 1/Y
      0099   0182  0 0000 28 7183                 CC       7183
      0100   0183  1 0000 82 5000          1      FM       5000
      0101   0184  0 0000 38 0239                 CCB      0239       ERROR EXIT (OF)
      0102   0185  0 0000 13 0008                 SR       0008
      0103   0186  0 0000 04 0239                 CNZ      0239       ERROR EXIT (N 00 EXP.)
      0104   0187  0 0000 20 0196                 CU       0196       00 EXP. RETURN
      0105   0188  0 0000 12 0263                 ST       0263
      0106   0189  1 0000 64 5000          1      CAD      5000       (A)A = X          UNDERFLOW TE
      0107   0190  1 0000 83 6000          1      FDIV     6000       (A)A = X/Y
      0108   0191  0 0000 38 0246                 CCB      0246       ERROR EXIT (OF)
      0109   0192  0 0000 13 0008                 SR       0008
      0110   0193  0 0000 04 0246                 CNZ      0246       ERROR EXIT (N 00 EXP.)
      0111   0194  0 0000 20 0196                 CU       0196       00 EXP. RETURN
      0112   0195  0 0000 13 0000                 SR       0000
      0113
      0114   0196  0 0000 22 0198                 DB       0198       OVERFLOW AND UNDERFLOW TEST RE
      0115   0197  0 0000 30 0131                 CUB      0131       RETURN FOR NEXT BLOCK
      0116   0198  0 0000 30 0141                 CUB      0141
      0117   0199  0 0000 13 0000                 SR       0000
      0118
      0119   0200  0 0000 64 4011                 CAD      4011       (A)A = +4000 35 0300
      0120   0201  0 0000 12 0131                 ST       0131       RESTORATION OF OPERAND BLOCKIN
      0121   0202  0 0000 64 4012                 CAD      4012       (A)A = +4000 36 0400
      0122   0203  0 0000 12 0132                 ST       0132
      0123   0204  0 0000 30 0116                 CUB      0116
      0124
      0125   0205  0 0000 64 0299                 CAD      0299       CYCLE TALLY
      0126   0206  0 0000 75 4013                 SU       4013       (A)A = (A)B - 10**-10 -- FINAL
      0127
      0128   0207  0 0000 12 0299                 ST       0299
      0129   0208  0 0000 15 0210                 NOR      0210
      0130   0209  0 0000 30 0100                 CUB      0100
      0131
      0132   0210  0 0000 00 0000                 PTR      0000
      0133
      0134   0211  0 0000 14 0002                 SL       0002       ERROR PREP.
      0135   0212  0 0000 74 4016                 AD       4016
      0136   0213  0 0000 12 3942                 ST       3942       INCORRECT NO.
      0137   0214  0 0000 64 4016                 CAD      4016
      0138   0215  0 0000 12 3941                 ST       3941       CORRECT NO.
      0139   0216  0 0000 64 0270                 CAD      0270
      0140   0217  0 0000 12 3940                 ST       3940       KEY NO.
      0141   0218  0 0000 21 3900                 CUR      3900
      0142   0219  0 0000 20 0196                 CU       0196
      0143   0220  0 0000 13 0000                 SR       0000
      0144   0221  0 0000 13 0000                 SR       0000
      0145   0222  0 0000 13 0000                 SR       0000
      0146   0223  0 0000 13 0000                 SR       0000
      0147   0224  0 0000 13 0000                 SR       0000
      0148
      0149   0225  0 0000 12 3942                 ST       3942       OVERFLOW TEST 1/Y (X)
      0150   0226  0 0000 64 0260                 CAD      0260
      0151   0227  0 0000 12 3941                 ST       3941
      0152   0228  0 0000 64 0271                 CAD      0271       KEY NO.
      0153   0229  0 0000 12 3940                 ST       3940
      0154   0230  0 0000 21 3900                 CUR      3900
      0155   0231  0 0000 20 0196                 CU       0196
      0156
      0157   0232  0 0000 12 3942                 ST       3942       OVERFLOW TEST X/Y
      0158   0233  0 0000 64 0261                 CAD      0261
      0159   0234  0 0000 12 3941                 ST       3941
      0160   0235  0 0000 64 0272                 CAD      0272       KEY NO.
      0161   0236  0 0000 12 3940                 ST       3940
      0162   0237  0 0000 21 3900                 CUR      3900
      0163   0238  0 0000 20 0196                 CU       0196
      0164
      0165   0239  0 0000 12 3942                 ST       3942       UNDERFLOW TEST 1/Y (X)
      0166   0240  0 0000 64 0262                 CAD      0262
      0167   0241  0 0000 12 3941                 ST       3941
      0168   0242  0 0000 64 0273                 CAD      0273       KEY NO.
      0169   0243  0 0000 12 3940                 ST       3940
      0170   0244  0 0000 21 3900                 CUR      3900
      0171   0245  0 0000 20 0196                 CU       0196
      0172   0246  0 0000 12 3942                 ST       3942       UNDERFLOW TEST X/Y
      0173   0247  0 0000 64 0263                 CAD      0263
      0174   0248  0 0000 12 3941                 ST       3941
      0175   0249  0 0000 64 0274                 CAD      0274       KEY NO.
      0176   0250  0 0000 12 3940                 ST       3940
      0177   0251  0 0000 21 3900                 CUR      3900
      0178   0252  0 0000 20 0196                 CU       0196
      0179
      0180   0253  4 0000 00 0270          4      PTR      0270
      0181
      0182                                        ORG      0270
      0183   0270  0 0700 00 0005                 NUM     0700000005
      0184   0271  0 0700 00 0105                 NUM     0700000105
      0185   0272  0 0700 00 0205                 NUM     0700000205
      0186   0273  0 0700 00 0305                 NUM     0700000305
      0187   0274  0 0700 00 0405                 NUM     0700000405
      0188   0275  0 0700 00 0505                 NUM     0700000505
      0189   0276  0 0700 00 0605                 NUM     0700000605
      0190
      0191   0277  4 0000 00 0280          4      PTR      0280
      0192
      0193                                        ORG      0280
      0194   0280  0 0700 00 0005                 NUM     0700000005
      0195   0281  0 0000 00 0099                 NUM     0000000099
      0196   0282  0 9876 54 3219                 NUM     9876543219
      0197   0283  0 9900 00 0000                 NUM     9900000000
      0198   0284  0 0100 00 0000                 NUM     0100000000
      0199   0285  0 9123 45 6789                 NUM     9123456789
      0200   0286  0 0000 00 0000                 NUM     0000000000
      0201   0287  0 1000 00 0020                 NUM     1000000020
      0202   0288  0 0000 00 0019                 NUM     0000000019
      0203   0289  0 0000 00 0000                 NUM     0000000000
      0204   0290  0 0000 00 0000                 NUM     0000000000
      0205   0291  0 4000 35 0300                 NUM     4000350300
      0206   0292  0 4000 36 0400                 NUM     4000360400
      0207   0293  0 0000 00 0001                 NUM     0000000001
      0208   0294  0 5110 00 0000                 NUM     5110000000
      0209   0295  0 0000 00 0000                 NUM     0000000000
      0210   0296  0 0000 00 0000                 NUM     0000000000
      0211   0297  0 0000 00 0001                 NUM     0000000001
      0212   0298  0 0000 00 0000                 NUM     0000000000
      0213   0299  0 0000 00 0001                 NUM     0000000001
      0214
      0215   0300  6 0000 30 0100          6      CUB      0100
      0216                                        END
                                               -
