200       TRANSCRIBED FROM 3.G03.1A.SHELL                                  00 00 00

      0015                                        SU       6001
             INVALID OPERATION PAIR
                                               0

      0001                          LOC    S CNTL       T OPERAND     REMARKS
      0002                                                            TM4113, FLOATING-POINT DIAGNOS
      0003                                                            3.G03.1A
      0004                                                            FP NORM AND EXP. CORRECTION TE
      0005
      0006   0000  4 0000 00 0100          4      PTR      0100       READ ROUTINE INTO MEMORY
      0007
      0008                                        ORG      0100
      0009   0100  0 0004 64 0127            0004 CAD      0127       EXHIBIT ERROR KEY
      0010
      0011   0101  0 0000 36 0460                 BT6      0460
      0012   0102  0 0000 64 6000                 CAD      6000
      0013   0103  0 0000 04 7105                 CNZ      7105       TRANSFER CONSTANTS TO LOOPS
      0014   0104  0 0000 00 0000                 PTR      0000         AND TALLY PASSES THROUGH ROU
X     0015   0105  0 0000 75 6001                 SU       6001
      0016   0106  0 0000 02 6000                 STC      6000
      0017   0107  0 0000 34 0420                 BT4      0420
      0018   0108  0 0000 35 0440                 BT5      0440
      0019   0109  0 0000 30 0110                 CUB      0110
      0020   0110  0 0000 72 6002                 SB       6002
      0021   0111  1 0000 64 4010          1      CAD      4010       PERFORM FAD TEST AT LOW END OF
      0022   0112  1 0000 80 4015          1      FAD      4015         RANGE, STARTING WITH ZERO EX
      0023   0113  0 0000 75 4009                 SU       4009
      0024   0114  0 0000 04 0340                 CNZ      0340
      0025   0115  0 0000 22 7111                 DB       7111
      0026   0116  0 0000 72 6003                 SB       6003
      0027   0117  1 0000 64 4010          1      CAD      4010
      0028   0118  0 0000 74 6004                 AD       6004
      0029   0119  1 0000 02 4010          1      STC      4010       INCREASE EXPONENTS BY ONE AND
      0030   0120  0 0000 22 7117                 DB       7117         LOW END TEST. AFTER TENTH RE
      0031   0121  0 0000 64 4009                 CAD      4009         ON TO MIDDLE EXPONENT RANGE
      0032   0122  0 0000 74 6004                 AD       6004
      0033   0123  0 0000 12 4009                 ST       4009
      0034   0124  0 0000 75 6005                 SU       6005
      0035   0125  0 0000 04 7110                 CNZ      7110
      0036   0126  0 0000 30 0129                 CUB      0129
      0037   0127  0 0700 00 0003                 NUM     0700000003
      0038   0128  0 0000 00 0000                 NUM     0000000000
      0039   0129  0 0000 72 6007                 SB       6007
      0040   0130  1 0000 64 4009          1      CAD      4009       INCREASE EXPONENT BY 34, TO MI
      0041   0131  0 0000 74 6006                 AD       6006         EXPONENT RANGE
      0042   0132  1 0000 02 4009          1      STC      4009
      0043   0133  0 0000 22 7130                 DB       7130
      0044   0134  0 0000 30 0135                 CUB      0135
      0045   0135  0 0000 72 6002                 SB       6002
      0046   0136  1 0000 64 4010          1      CAD      4010
      0047   0137  1 0000 80 4015          1      FAD      4015       PERFORM FAD TEXT AT MIDDLE OF
      0048   0138  0 0000 75 4009                 SU       4009         EXPONENT RANGE
      0049   0139  0 0000 04 0355                 CNZ      0355
      0050   0140  0 0000 22 7136                 DB       7136
      0051   0141  0 0000 72 6003                 SB       6003
      0052   0142  1 0000 64 4010          1      CAD      4010
      0053   0143  0 0000 74 6004                 AD       6004
      0054   0144  1 0000 02 4010          1      STC      4010       INCREASE EXPONENTS BY ONE AND
      0055   0145  0 0000 22 7142                 DB       7142         TEST AT MIDDLE OF EXPONENT R
      0056   0146  0 0000 64 4009                 CAD      4009         TENTH REPEAT, 90 ON TO HIGH
      0057   0147  0 0000 74 6004                 AD       6004         EXPONENT RANGE
      0058   0148  0 0000 12 4009                 ST       4009
      0059   0149  0 0000 75 6008                 SU       6008
      0060   0150  0 0000 04 7135                 CNZ      7135
      0061   0151  0 0000 30 0155                 CUB      0155
      0062   0152  0 0000 00 0000                 NUM     0000000000
      0063   0153  0 0000 00 0000                 NUM     0000000000
      0064   0154  0 0000 00 0000                 NUM     0000000000
      0065   0155  0 0000 72 6007                 SB       6007
      0066   0156  1 0000 64 4009          1      CAD      4009       INCREASE EXPONENTS BY 34 FOR F
      0067   0157  0 0000 74 6006                 AD       6006         HIGH END OF EXPONENT RANGE
      0068   0158  1 0000 02 4009          1      STC      4009
      0069   0159  0 0000 22 7156                 DB       7156
      0070   0160  0 0000 30 0161                 CUB      0161
      0071   0161  0 0000 72 6002                 SB       6002
      0072   0162  1 0000 64 4010          1      CAD      4010
      0073   0163  1 0000 80 4015          1      FAD      4015
      0074   0164  0 0000 75 4009                 SU       4009
      0075   0165  0 0000 04 0357                 CNZ      0357
      0076   0166  0 0000 22 7162                 DB       7162
      0077   0167  0 0000 72 6003                 SB       6003
      0078   0168  1 0000 64 4010          1      CAD      4010       INCREASE EXPONENTS BY ONE AND
      0079   0169  0 0000 74 6004                 AD       6004         TEST AT HIGH END OF EXPONENT
      0080   0170  1 0000 02 4010          1      STC      4010         TENTH REPEAT, GO ON TO FAD T
      0081   0171  0 0000 22 7168                 DB       7168         EXPONENTS EQUAL TO 99.
      0082   0172  0 0000 64 4009                 CAD      4009
      0083   0173  0 0000 74 6004                 AD       6004
      0084   0174  0 0000 38 0180                 CCB      0180
      0085   0175  0 0000 02 4009                 STC      4009
      0086   0176  0 0000 20 7161                 CU       7161
      0087   0177  0 0000 00 0000                 NUM     0000000000
      0088   0178  0 0000 00 0000                 NUM     0000000000
      0089   0179  0 0000 00 0000                 NUM     0000000000
      0090   0180  0 0000 72 6002                 SB       6002
      0091   0181  1 0000 64 4010          1      CAD      4010
      0092   0182  1 0000 80 4015          1      FAD      4015
      0093   0183  0 0000 28 7185                 CC       7185       PERFORM FAD TEST WITH ALL EXPO
      0094   0184  0 0000 20 0359                 CU       0359         TO 99. EACH CASE SHOULD PROD
      0095   0185  0 0000 75 6004                 SU       6004
      0096   0186  0 0000 04 0361                 CNZ      0361
      0097   0187  0 0000 22 7181                 DB       7181
      0098   0188  0 0000 30 0190                 CUB      0190
      0099   0189  0 0000 00 0000                 NUM     0000000000
      0100   0190  0 0000 72 4000                 SB       4000
      0101   0191  0 0000 64 4009                 CAD      4009       PERFORM FSU TEST WITH ALL EXPO
      0102   0192  1 0000 81 4001          1      FSU      4001         TO ZERO. EACH CASE SHOULD PR
      0103   0193  0 0000 04 0365                 CNZ      0365         (CLEARED A-REGISTER)
      0104   0194  0 0000 22 7191                 DB       7191
      0105   0195  0 0000 72 6010                 SB       6010
      0106   0196  1 0000 64 4001          1      CAD      4001       INCREASE EXPONENTS BY SEVEN
      0107   0197  0 0000 74 6011                 AD       6011
      0108   0198  1 0000 02 4001          1      STC      4001
      0109   0199  0 0000 22 7196                 DB       7196
      0110   0200  0 0000 72 4000                 SB       4000
      0111   0201  0 0000 64 4008                 CAD      4008
      0112   0202  1 0000 81 4001          1      FSU      4001       PERFORM FSU TEST WITH EXPONENT
      0113   0203  1 0000 75 5001          1      SU       5001         SEVEN. COMPARE WITH PRESTORE
      0114   0204  0 0000 04 0380                 CNZ      0380
      0115   0205  0 0000 22 7201                 DB       7201
      0116   0206  0 0000 30 0210                 CUB      0210
      0117   0207  0 0000 00 0000                 NUM     0000000000
      0118   0208  0 0000 00 0000                 NUM     0000000000
      0119   0209  0 0000 00 0000                 NUM     0000000000
      0120   0210  0 0000 72 6010                 SB       6010
      0121   0211  1 0000 64 4001          1      CAD      4001
      0122   0212  0 0000 74 6014                 AD       6014
      0123   0213  1 0000 02 4001          1      STC      4001       INCREASE EXPONENTS BY 43 TO BR
      0124   0214  0 0000 22 7211                 DB       7211         MIDDLE OF EXPONENT RANGE. IN
      0125   0215  0 0000 72 4000                 SB       4000         ANSWER EXPONENTS BY SAME AMO
      0126   0216  1 0000 64 5001          1      CAD      5001
      0127   0217  0 0000 74 6014                 AD       6014
      0128   0218  1 0000 02 5001          1      STC      5001
      0129   0219  0 0000 22 7216                 DB       7216
      0130   0220  0 0000 72 4000                 SB       4000
      0131   0221  0 0000 64 4008                 CAD      4008
      0132   0222  1 0000 81 4001          1      FSU      4001
      0133   0223  1 0000 75 5001          1      SU       5001
      0134   0224  0 0000 04 0382                 CNZ      0382
      0135   0225  0 0000 22 7221                 DB       7221       PERFORM FSU TEST AT MIDDLE OF
      0136   0226  0 0000 30 0230                 CUB      0230         RANGE. COMPARE WITH ADJUSTED
      0137   0227  0 0000 00 0000                 NUM     0000000000    ANSWERS.
      0138   0228  0 0000 00 0000                 NUM     0000000000
      0139   0229  0 0000 00 0000                 NUM     0000000000
      0140   0230  0 0000 72 6010                 SB       6010
      0141   0231  1 0000 64 4001          1      CAD      4001
      0142   0232  0 0000 74 6015                 AD       6015
      0143   0233  1 0000 02 4001          1      STC      4001       INCREASE EXPONENTS BY 49 IN PR
      0144   0234  0 0000 22 7231                 DB       7231         FOR FSU TEST AT HIGH END OF
      0145   0235  0 0000 72 4000                 SB       4000         RANGE. INCREASE ANSWER EXPON
      0146   0236  1 0000 64 5001          1      CAD      5001
      0147   0237  0 0000 74 6015                 AD       6015
      0148   0238  1 0000 02 5001          1      STC      5001
      0149   0239  0 0000 22 7236                 DB       7236
      0150   0240  0 0000 72 4000                 SB       4000
      0151   0241  0 0000 64 4008                 CAD      4008
      0152   0242  1 0000 81 4001          1      FSU      4001       PERFORM FSU TEST AT HIGH END O
      0153   0243  1 0000 75 5001          1      SU       5001         RANGE
      0154   0244  0 0000 04 0384                 CNZ      0384
      0155   0245  0 0000 22 7241                 DB       7241
      0156   0246  0 0000 34 0480                 BT4      0480
      0157   0247  0 0000 30 0250                 CUB      0250       LOAD CONSTANTS FOR FM AND FDIV
      0158   0248  0 0000 00 0000                 NUM     0000000000    TEST
      0159   0249  0 0000 00 0000                 NUM     0000000000
      0160   0250  0 0000 72 6007                 SB       6007
      0161   0251  1 0000 64 4000          1      CAD      4000       PERFORM FM TEST AT LOW END OF
      0162   0252  1 0000 82 4000          1      FM       4000         RANGE. EACH CASE SHOULD PROD
      0163   0253  0 0000 04 0386                 CNZ      0386
      0164   0254  0 0000 22 7251                 DB       7251
      0165   0255  0 0000 72 6007                 SB       6007
      0166   0256  1 0000 64 4000          1      CAD      4000
      0167   0257  0 0000 74 6016                 AD       6016       INCREASE EXPONENTS BY 45 FOR F
      0168   0258  1 0000 02 4000          1      STC      4000         MIDDLE OF EXPONENT RANGE.
      0169   0259  0 0000 22 7256                 DB       7256
      0170   0260  0 0000 72 6007                 SB       6007
      0171   0261  1 0000 64 4000          1      CAD      4000
      0172   0262  1 0000 82 4000          1      FM       4000       PERFORM FM TEST AT MIDDLE OF E
      0173   0263  1 0000 75 5009          1      SU       5009         RANGE. COMPARE WITH PRESTORE
      0174   0264  0 0000 04 0396                 CNZ      0396
      0175   0265  0 0000 22 7261                 DB       7261
      0176   0266  0 0000 30 0270                 CUB      0270
      0177   0267  0 0000 00 0000                 NUM     0000000000
      0178   0268  0 0000 00 0000                 NUM     0000000000
      0179   0269  0 0000 00 0000                 NUM     0000000000
      0180   0270  0 0000 72 6007                 SB       6007
      0181   0271  1 0000 64 4000          1      CAD      4000       INCREASE EXPONENTS BY 40 FOR F
      0182   0272  0 0000 74 6017                 AD       6017         AT HIGH END OF EXPONENT RANG
      0183   0273  1 0000 02 4000          1      STC      4000
      0184   0274  0 0000 22 7271                 DB       7271
      0185   0275  0 0000 72 6007                 SB       6007
      0186   0276  1 0000 64 4000          1      CAD      4000       PERFORM FM TEST AT HIGH END OF
      0187   0277  1 0000 82 4000          1      FM       4000         RANGE. EACH CASE SHOLD PRODU
      0188   0278  0 0000 28 7280                 CC       7280
      0189   0279  0 0000 20 0398                 CU       0398
      0190   0280  0 0000 22 7276                 DB       7276
      0191   0281  0 0000 34 0480                 BT4      0480
      0192   0282  0 0000 35 0440                 BT5      0440
      0193   0283  0 0000 72 6007                 SB       6007       MODIFY MANTISSAS USED IN FM TE
      0194   0284  1 0000 64 4000          1      CAD      4000         THAT NO EXPONENT CORRECTION
      0195   0285  0 0000 74 6018                 AD       6018         DURING FM OPERATION.
      0196   0286  1 0000 02 4000          1      STC      4000
      0197   0287  0 0000 22 7284                 DB       7284
      0198   0288  0 0000 30 0290                 CUB      0290
      0199   0289  0 0000 00 0000                 NUM     0000000000
      0200   0290  0 0000 72 6007                 SB       6007
      0201   0291  1 0000 64 5009          1      CAD      5009       MODIFY PRESTORED ANSWERS FOR C
      0202   0292  0 0000 74 6019                 AD       6019         CHECK
      0203   0293  1 0000 02 5009          1      STC      5009
      0204   0294  0 0000 22 7291                 DB       7291
      0205   0295  0 0000 64 7299                 CAD      7299       PREPARE EXIT FROM FM TEST TO F
      0206   0296  0 0000 02 0282                 STC      0282
      0207   0297  0 0000 30 0250                 CUB      0250       RETURN TO FM TEST
      0208   0298  0 0000 00 0000                 NUM     0000000000
      0209   0299  0 0000 30 0300                 NUM     0000300300
      0210   0300  0 0000 64 7319                 CAD      7319       RESTORE CONTENTS OF CELL 0282
      0211   0301  0 0000 02 0282                 STC      0282         PASS THRU ROUTINE
      0212   0302  0 0000 35 0500                 BT5      0500       LOAD CONSTANTS FOR FDIV TEST
      0213   0303  0 0000 72 6007                 SB       6007
      0214   0304  1 0000 64 5000          1      CAD      5000
      0215   0305  1 0000 83 5000          1      FDIV     5000       PERFORM FDIV TEST
      0216   0306  0 0000 75 5011                 SU       5011
      0217   0307  0 0000 04 0400                 CNZ      0400
      0218   0308  0 0000 22 7304                 DB       7304
      0219   0309  0 0000 72 6007                 SB       6007
      0220   0310  1 0000 64 5000          1      CAD      5000       INCREASE EXPONENTS BY 43 AND R
      0221   0311  0 0000 74 6014                 AD       6014         FDIV TEST ABOVE. AFTER SECON
      0222   0312  0 0000 38 0320                 CCB      0320         ADVANCE TO NEXT PART OF FDIV
      0223   0313  1 0000 02 5000          1      STC      5000
      0224   0314  0 0000 22 7310                 DB       7310
      0225   0315  0 0000 20 7303                 CU       7303
      0226   0316  0 0000 00 0000                 NUM     0000000000
      0227   0317  0 0000 00 0000                 NUM     0000000000
      0228   0318  0 0000 00 0000                 NUM     0000000000
      0229   0319  0 0000 35 0440                 NUM     0000350440
      0230   0320  0 0000 72 6010                 SB       6010
      0231   0321  1 0000 64 5012          1      CAD      5012
      0232   0322  1 0000 83 4012          1      FDIV     4012       PERFORM FDIV TEST ON FIXED NUM
      0233   0323  0 0000 75 4011                 SU       4011         CHECK AGAINST PRESTORED ANSW
      0234   0324  0 0000 04 0410                 CNZ      0410
      0235   0325  0 0000 33 0000                 CR       0000
      0236   0326  0 0000 22 7321                 DB       7321
      0237   0327  0 0000 30 0102                 CUB      0102       RETURN FOR NEXT PASS THRU ROUT
      0238   0328  0 0000 00 0000                 NUM     0000000000
      0239   0329  0 0000 00 0000                 NUM     0000000000
      0240   0330  0 0000 00 0000                 NUM     0000000000
      0241   0331  0 0000 00 0000                 NUM     0000000000
      0242   0332  0 0000 00 0000                 NUM     0000000000
      0243   0333  0 0000 00 0000                 NUM     0000000000  SPARES
      0244   0334  0 0000 00 0000                 NUM     0000000000
      0245   0335  0 0000 00 0000                 NUM     0000000000
      0246   0336  0 0000 00 0000                 NUM     0000000000
      0247   0337  0 0000 00 0000                 NUM     0000000000
      0248   0338  0 0000 00 0000                 NUM     0000000000
      0249   0339  0 0000 00 0000                 NUM     0000000000
      0250   0340  0 0000 64 0350                 CAD      0350
      0251   0341  0 0000 02 3940                 STC      3940
      0252   0342  1 0000 64 4010          1      CAD      4010
      0253   0343  0 0000 02 3941                 STC      3941
      0254   0344  1 0000 64 4015          1      CAD      4015
      0255   0345  0 0000 02 3942                 STC      3942
      0256   0346  0 0000 21 3900                 CUR      3900       PREPARE ERROR ROUTINE FOR ERRO
      0257   0347  0 0000 30 0190                 CUB      0190         DURING FAD TEST
      0258   0348  0 0000 00 0000                 NUM     0000000000
      0259   0349  0 0000 00 0000                 NUM     0000000000
      0260   0350  0 0700 80 0103                 NUM     0700800103
      0261   0351  0 0700 80 0203                 NUM     0700800203
      0262   0352  0 0700 80 0303                 NUM     0700800303
      0263   0353  0 0700 80 0403                 NUM     0700800403
      0264   0354  0 0700 80 0503                 NUM     0700800503
      0265   0355  0 0000 64 0351                 CAD      0351
      0266   0356  0 0000 20 0341                 CU       0341
      0267   0357  0 0000 64 0352                 CAD      0352
      0268   0358  0 0000 20 0341                 CU       0341
      0269   0359  0 0000 64 0353                 CAD      0353
      0270   0360  0 0000 20 0341                 CU       0341
      0271   0361  0 0000 64 0354                 CAD      0354
      0272   0362  0 0000 20 0341                 CU       0341
      0273   0363  0 0000 00 0000                 NUM     0000000000  SPARES
      0274   0364  0 0000 00 0000                 NUM     0000000000
      0275   0365  0 0000 64 0376                 CAD      0376
      0276   0366  0 0000 02 3940                 STC      3940
      0277   0367  0 0000 64 4008                 CAD      4008
      0278   0368  0 0000 02 3941                 STC      3941
      0279   0369  1 0000 64 4000          1      CAD      4000
      0280   0370  0 0000 02 3942                 STC      3942       PREPARE ERROR ROUTINE FOR ERRO
      0281   0371  0 0000 21 3900                 CUR      3900         OCCURRING DURNG FSU TEST
      0282   0372  0 0000 30 0246                 CUB      0246
      0283   0373  0 0000 00 0000                 NUM     0000000000
      0284   0374  0 0000 00 0000                 NUM     0000000000
      0285   0375  0 0000 00 0000                 NUM     0000000000
      0286   0376  0 0700 81 0103                 NUM     0700810103
      0287   0377  0 0700 81 0203                 NUM     0700810203
      0288   0378  0 0700 81 0303                 NUM     0700810303
      0289   0379  0 0700 81 0403                 NUM     0700810403
      0290
      0291   0380  0 0000 64 0377                 CAD      0377
      0292   0381  0 0000 20 0366                 CU       0366
      0293   0382  0 0000 64 0378                 CAD      0378
      0294   0383  0 0000 20 0366                 CU       0366
      0295   0384  0 0000 64 0379                 CAD      0379
      0296   0385  0 0000 20 0366                 CU       0366
      0297   0386  0 0000 64 0393                 CAD      0393
      0298   0387  0 0000 02 3940                 STC      3940
      0299   0388  1 0000 64 4000          1      CAD      4000
      0300   0389  0 0000 12 3941                 ST       3941
      0301   0390  0 0000 02 3942                 STC      3942
      0302   0391  0 0000 21 3900                 CUR      3900       PREPARE ERROR ROUTINE FOR ERRO
      0303   0392  0 0000 20 0418                 CU       0418         OCCURRING DURING FM TEST
      0304   0393  0 0700 82 0103                 NUM     0700820103
      0305   0394  0 0700 82 0203                 NUM     0700820203
      0306   0395  0 0700 82 0303                 NUM     0700820303
      0307   0396  0 0000 64 0394                 CAD      0394
      0308   0397  0 0000 20 0387                 CU       0387
      0309   0398  0 0000 64 0395                 CAD      0395
      0310   0399  0 0000 20 0387                 CU       0387
      0311   0400  0 0000 64 0407                 CAD      0407
      0312   0401  0 0000 02 3940                 STC      3940
      0313   0402  1 0000 64 5000          1      CAD      5000
      0314   0403  0 0000 12 3941                 ST       3941
      0315   0404  0 0000 02 3942                 STC      3942
      0316   0405  0 0000 21 3900                 CUR      3900
      0317   0406  0 0000 30 0326                 CUB      0326
      0318   0407  0 0700 83 0103                 NUM     0700830103  PREPARE ERROR ROUTINE FOR ERRO
      0319   0408  0 0700 83 0203                 NUM     0700830203    OCCURRING DURING FDIV TEST
      0320   0409  0 0000 00 0000                 NUM     0000000000
      0321   0410  0 0000 64 0408                 CAD      0408
      0322   0411  0 0000 02 3940                 STC      3940
      0323   0412  1 0000 64 5012          1      CAD      5012
      0324   0413  0 0000 12 3941                 ST       3941
      0325   0414  1 0000 64 4012          1      CAD      4012
      0326   0415  0 0000 02 3942                 STC      3942
      0327   0416  0 0000 21 3900                 CUR      3900
      0328   0417  0 0000 30 0326                 CUB      0326
      0329   0418  0 0000 34 0480                 BT4      0480
      0330   0419  0 0000 30 0302                 CUB      0302
      0331
      0332   0420  4 0000 00 0420          4      PTR      0420
      0333                                        ORG      0420
      0334   0420  0 0000 00 0006                 NUM     0000000006  CONSTANTS
      0335   0421  0 0040 00 0000                 NUM     0040000000
      0336   0422  0 0045 00 0000                 NUM     0045000000
      0337   0423  0 0045 60 0000                 NUM     0045600000
      0338   0424  0 0045 67 0000                 NUM     0045670000
      0339   0425  0 0045 67 8000                 NUM     0045678000
      0340   0426  0 0045 67 8900                 NUM     0045678900
      0341   0427  0 0045 67 8910                 NUM     0045678910
      0342   0428  0 0045 67 8912                 NUM     0045678912
      0343   0429  0 0110 00 0000                 NUM     0110000000
      0344   0430  0 0010 00 0000                 NUM     0010000000
      0345   0431  0 0020 00 0000                 NUM     0020000000
      0346   0432  0 0030 00 0000                 NUM     0030000000
      0347   0433  0 0040 00 0000                 NUM     0040000000
      0348   0434  0 0050 00 0000                 NUM     0050000000
      0349   0435  0 0090 00 0000                 NUM     0090000000
      0350   0436  0 0080 00 0000                 NUM     0080000000
      0351   0437  0 0070 00 0000                 NUM     0070000000
      0352   0438  0 0060 00 0000                 NUM     0060000000
      0353   0439  0 0050 00 0000                 NUM     0050000000
      0354
      0355   0440  0 0000 00 0000                 NUM     0000000000  CONSTANTS
      0356   0441  0 0656 78 9120                 NUM     0656789120
      0357   0442  0 0567 89 1200                 NUM     0567891200
      0358   0443  0 0478 91 2000                 NUM     0478912000
      0359   0444  0 0389 12 0000                 NUM     0389120000
      0360   0445  0 0291 20 0000                 NUM     0291200000
      0361   0446  0 0112 00 0000                 NUM     0112000000
      0362   0447  0 0020 00 0000                 NUM     0020000000
      0363   0448  0 0000 00 0000                 NUM     0000000000
      0364   0449  0 3910 00 0000                 NUM     3910000000
      0365   0450  0 4110 00 0000                 NUM     4110000000
      0366   0451  0 4310 00 0000                 NUM     4310000000
      0367   0452  0 4510 00 0000                 NUM     4510000000
      0368   0453  0 4710 00 0000                 NUM     4710000000
      0369   0454  0 4910 00 0000                 NUM     4910000000
      0370   0455  0 5110 00 0000                 NUM     5110000000
      0371   0456  0 5310 00 0000                 NUM     5310000000
      0372   0457  0 5510 00 0000                 NUM     5510000000
      0373   0458  0 5710 00 0000                 NUM     5710000000
      0374   0459  0 5910 00 0000                 NUM     5910000000
      0375   0460  0 0000 00 0020                 NUM     0000000020
      0376   0461  0 0000 00 0001                 NUM     0000000001
      0377   0462  0 0000 00 0004                 NUM     0000000004
      0378   0463  0 0000 00 0009                 NUM     0000000009
      0379   0464  0 0100 00 0000                 NUM     0100000000
      0380   0465  0 1110 00 0000                 NUM     1110000000
      0381   0466  0 3400 00 0000                 NUM     3400000000
      0382   0467  0 0000 00 0010                 NUM     0000000010
      0383   0468  0 5610 00 0000                 NUM     5610000000
      0384   0469  0 9910 00 0000                 NUM     9910000000
      0385   0470  0 0000 00 0007                 NUM     0000000007
      0386   0471  0 0700 00 0000                 NUM     0700000000
      0387   0472  0 1100 00 0000                 NUM     1100000000
      0388   0473  0 0000 00 0008                 NUM     0000000008
      0389   0474  0 4300 00 0000                 NUM     4300000000
      0390   0475  0 4900 00 0000                 NUM     4900000000
      0391   0476  0 4500 00 0000                 NUM     4500000000
      0392   0477  0 4000 00 0000                 NUM     4000000000
      0393   0478  0 0080 00 0000                 NUM     0080000000
      0394   0479  0 0171 00 0000                 NUM     0171000000
      0395
      0396   0480  0 0010 00 0000                 NUM     0010000000  CONSTANTS
      0397   0481  0 0110 00 0000                 NUM     0110000000
      0398   0482  0 0210 00 0000                 NUM     0210000000
      0399   0483  0 0310 00 0000                 NUM     0310000000
      0400   0484  0 0410 00 0000                 NUM     0410000000
      0401   0485  0 0510 00 0000                 NUM     0510000000
      0402   0486  0 0610 00 0000                 NUM     0610000000
      0403   0487  0 0710 00 0000                 NUM     0710000000
      0404   0488  0 0810 00 0000                 NUM     0810000000
      0405   0489  0 0910 00 0000                 NUM     0910000000
      0406   0490  0 1010 00 0000                 NUM     1010000000
      0407   0491  0 0111 11 1111                 NUM     0111111111
      0408   0492  0 8790 00 0000                 NUM     8790000000
      0409   0493  0 8690 00 0000                 NUM     8690000000
      0410   0494  0 8590 00 0000                 NUM     8590000000
      0411   0495  0 8490 00 0000                 NUM     8490000000
      0412   0496  0 8390 00 0000                 NUM     8390000000
      0413   0497  0 8290 00 0000                 NUM     8290000000
      0414   0498  0 8190 00 0000                 NUM     8190000000
      0415   0499  0 8090 00 0000                 NUM     8090000000
      0416   0500  0 0010 00 0000                 NUM     0010000000
      0417   0501  0 0120 00 0000                 NUM     0120000000
      0418   0502  0 0230 00 0000                 NUM     0230000000
      0419   0503  0 0340 00 0000                 NUM     0340000000
      0420   0504  0 0450 00 0000                 NUM     0450000000
      0421   0505  0 0560 00 0000                 NUM     0560000000
      0422   0506  0 0670 00 0000                 NUM     0670000000
      0423   0507  0 0780 00 0000                 NUM     0780000000
      0424   0508  0 0890 00 0000                 NUM     0890000000
      0425   0509  0 0910 00 0000                 NUM     0910000000
      0426   0510  0 1020 00 0000                 NUM     1020000000
      0427   0511  0 5110 00 0000                 NUM     5110000000
      0428   0512  0 3810 00 0000                 NUM     3810000000
      0429   0513  0 3710 00 0000                 NUM     3710000000
      0430   0514  0 3610 00 0000                 NUM     3610000000
      0431   0515  0 3510 00 0000                 NUM     3510000000
      0432   0516  0 3410 00 0000                 NUM     3410000000
      0433   0517  0 3310 00 0000                 NUM     3310000000
      0434   0518  0 3210 00 0000                 NUM     3210000000
      0435   0519  0 3110 00 0000                 NUM     3110000000
      0436
      0437   0520  6 0000 30 0100          6      CUB      0100
      0438                                        END
                                               0
