200       TRANSCRIBED FROM DIAGNOSTIC-ERROR-FORMA      T - LOADER.SHE      33 00 00

      0057                                 6 0810 CDR      0036
             INVALID OPERATION PAIR

      0079                                        CDWI     0042
             NO UNIT DESIGNATION

      0080                                        CDWF     0000
             NO UNIT DESIGNATION


      0001                          LOC    S CNTL       T OPERAND     REMARKS
      0002                                                            TM4113, FLOATING-POINT DIAGNOS
      0003                                                            DIAGNOSTIC ERROR FORMAT LOADER
      0004
      0005                                        ORG      0000
      0006   0000  0 0000 00 0000                 NUM   0 0000000000  OUTPUT FORMAT
      0007   0001  0 0000 00 0000                 NUM   0 0000000000
      0008   0002  0 0000 00 0000                 NUM   0 0000000000
      0009   0003  0 0000 00 0000                 NUM   0 0000000000
      0010   0004  0 0000 00 0000                 NUM   0 0000000000
      0011   0005  0 0000 00 0000                 NUM   0 0000000000
      0012   0006  6 0810 44 0006          6 0810 CDR      0006
      0013
      0014                                        ORG      0006
      0015   0006  0 0000 00 0000                 NUM   0 0000000000
      0016   0007  0 0000 00 0000                 NUM   0 0000000000
      0017   0008  0 0000 00 0000                 NUM   0 0000000000
      0018   0009  0 0000 00 0000                 NUM   0 0000000000
      0019   0010  0 0000 00 0000                 NUM   0 0000000000
      0020   0011  0 0000 00 0000                 NUM   0 0000000000
      0021   0012  6 0810 44 0012          6 0810 CDR      0012
      0022
      0023                                        ORG      0012
      0024   0012  0 0000 00 0000                 NUM   0 0000000000
      0025   0013  0 0000 00 0000                 NUM   0 0000000000
      0026   0014  0 0000 00 0000                 NUM   0 0000000000
      0027   0015  0 0000 00 0000                 NUM   0 0000000000
      0028   0016  0 0000 00 0000                 NUM   0 0000000000
      0029   0017  0 0000 00 0000                 NUM   0 0000000000
      0030   0018  6 0810 44 0018          6 0810 CDR      0018
      0031
      0032                                        ORG      0018
      0033   0018  0 0000 00 0000                 NUM   0 0000000000
      0034   0019  0 0000 00 0000                 NUM   0 0000000000
      0035   0020  0 0000 00 0000                 NUM   0 0000000000
      0036   0021  0 0000 00 0000                 NUM   0 0000000000
      0037   0022  0 0000 00 0000                 NUM   0 0000000000
      0038   0023  0 0000 00 0000                 NUM   0 0000000000
      0039   0024  6 0810 44 0024          6 0810 CDR      0024
      0040
      0041                                        ORG      0024
      0042   0024  0 0000 00 0000                 NUM   0 0000000000
      0043   0025  2 2220 00 0000                 NUM   2 2220000000
      0044   0026  2 2221 12 2222                 NUM   2 2221122222
      0045   0027  2 2221 12 2222                 NUM   2 2221122222
      0046   0028  0 0031 12 2222                 NUM   0 0031122222
      0047   0029  0 0000 00 0000                 NUM   0 0000000000
      0048   0030  6 0810 44 0030          6 0810 CDR      0030
      0049
      0050                                        ORG      0030
      0051   0030  0 0000 33 0000                 CR       0000       CLEAR
      0052   0031  0 0000 64 0000                 CAD      0000        A + R
      0053   0032  0 0000 08 0032                 STOP     0032       ENTER F AND U INTO R2 + R3
      0054   0033  0 0000 14 0010                 SL       0010
      0055   0034  0 0000 63 0048                 EX       0048       (A)A = 0 0FU0 00 0000
      0056   0035  0 0000 74 0049                 AD       0049       (A)A = 0 0FU0 55 0042
X     0057   0036  6 0810 44 0036          6 0810 CDR      0036
      0058
      0059                                        ORG      0036
      0060   0036  0 0000 12 0038                 ST       0038
      0061   0037  0 0000 63 0048                 EX       0048
      0062   0038  0 0010 55 0042            0010 CDWI     0042       UNIT NOT
      0063   0039  0 0000 13 0010                 SR       0010         READY OR NOT
      0064   0040  0 0000 20 0032                 CU       0032         ON THE SYSTEM
      0065   0041  0 0000 13 0000                 SR       0000
      0066   0042  6 0810 44 0042          6 0810 CDR      0042
      0067
      0068                                        ORG      0042
      0069   0042  0 0000 74 0050                 AD       0050       (A)A = 0 0FU0 58 0000
      0070   0043  0 0000 02 0044                 STC      0044
      0071   0044  0 0010 58 0000            0010 CDWF     0000
      0072   0045  0 0000 08 0045                 STOP     0045
      0073   0046  0 0000 20 0045                 CU       0045
      0074   0047  0 0000 13 0000                 SR       0000
      0075   0048  6 0810 44 0048          6 0810 CDR      0048
      0076
      0077                                        ORG      0048
      0078   0048  0 0110 00 0000                 NUM     0110000000
X     0079   0049  0 0000 55 0042                 CDWI     0042
X     0080   0050  0 0000 58 0000                 CDWF     0000
      0081   0051  0 0000 00 0000                 NUM     0000000000
      0082   0052  0 0000 00 0000                 NUM     0000000000
      0083   0053  0 0000 00 0000                 NUM     0000000000
      0084   0054  6 0000 20 0030          6      CU       0030
      0085                                        END
