200       TRANSCRIBED FROM DIAGNOSTIC-ERROR.SHELL                          00 00 00

      0025                                        CDW      3940       ERROR PUNCH-OUT ON CONVERTED O
             NO UNIT DESIGNATION
                                              .

      0001                          LOC    S CNTL       T OPERAND     REMARKS
      0002                                                            TM4113, FLOATING-POINT DIAGNOS
      0003                                                            SYSTEM ERROR SUBROUTINE II
      0004
      0005   0000  4 0000 00 3900          4      PTR      3900       READ ROUTINE INTO MEMORY
      0006                                        ORG      3900
      0007   3900  0 0000 24 3960                 BF4      3960       RETAIN 4000 LOOPS INFORMATION
      0008   3901  0 0000 64 3949                 CAD      3949       PREPARE RETURN
      0009   3902  0 0000 14 0004                 SL       0004
      0010   3903  0 0000 02 3922                 STC      3922
      0011   3904  0 0000 64 3940                 CAD      3940       PRINT OUT KEY NUMBER
      0012   3905  0 0000 03 8510                 PTW      8510
      0013   3906  0 0000 13 0010                 SR       0010       DISPLAY KEY NO. IN R REGISTER
      0014   3907  0 0000 64 3941                 CAD      3941       PRINT OUT CORRECT NUMBER
      0015   3908  0 0000 03 8810                 PTW      8810
      0016   3909  0 0007 73 3942            0007 OSGD     3942       DISPLAY INCORRECT NUMBER
      0017   3910  0 0000 28 3911                 CC       3911
      0018   3911  0 0000 64 3942                 CAD      3942       PRINT OUT INCORRECT NUMBER
      0019   3912  0 0000 03 8810                 PTW      8810
      0020   3913  0 0008 20 3921            0008 CU       3921       CARD BYPASS IF SKIP SWITCH=SKI
      0021   3914  0 0000 33 0000                 CR       0000
      0022   3915  0 0000 08 3915                 STOP     3915       ENTER UNIT + BAND IN R-REGISTE
      0023   3916  0 0000 14 0010                 SL       0010       TEST FOR CONVERTER OR CARDATRO
      0024   3917  0 0000 04 3925                 CNZ      3925       (A)A = 0, CONVERTER
X     0025   3918  0 9990 54 3940            9990 CDW      3940       ERROR PUNCH-OUT ON CONVERTED O
      0026   3919  0 0000 64 3947                 CAD      3947       (A)A = CU 3918 - CONVERTER
      0027   3920  0 0000 12 3915                 ST       3915         OR CU 3930 - CARDATRON
      0028   3921  0 0000 34 3960                 BT4      3960
      0029   3922  0 0000 13 0000                 SR       0000       RETURN TO TEST
      0030   3923  0 0000 13 0000                 SR       0000
      0031   3924  0 0000 13 0000                 SR       0000
      0032   3925  0 0000 63 3945                 EX       3945       K=0 0110 00 0000 PREPARE CDW C
      0033   3926  0 0000 74 3946                 AD       3946       (A)A = 0 0FU0 54 3942
      0034   3927  0 0000 02 3918                 STC      3918
      0035   3928  0 0000 64 3948                 CAD      3948       (A)A = CU 3930
      0036   3929  0 0000 02 3947                 STC      3947
      0037   3930  0 0000 64 3940                 CAD      3940       INVERT WORDS IN PUNCH OUT AREA
      0038   3931  0 0000 12 3944                 ST       3944
      0039   3932  0 0000 64 3941                 CAD      3941
      0040   3933  0 0000 12 3943                 ST       3943
      0041   3934  0 0000 20 3918                 CU       3918
      0042   3935  0 0000 13 0000                 SR       0000
      0043   3936  0 0000 13 0000                 SR       0000
      0044
      0045   3937  0 0000 00 0000                 NUM     0000000000
      0046   3938  0 0000 00 0000                 NUM     0000000000
      0047   3939  0 0000 00 0000                 NUM     0000000000
      0048   3940  0 0000 00 0000                 NUM     0000000000
      0049   3941  0 0000 00 0000                 NUM     0000000000
      0050   3942  0 0000 00 0000                 NUM     0000000000
      0051   3943  0 0000 00 0000                 NUM     0000000000
      0052   3944  0 0000 00 0000                 NUM     0000000000
      0053   3945  0 0110 00 0000                 NUM     0110000000
      0054   3946  0 0000 54 3942                 NUM     0000543942  CDW
      0055   3947  0 0000 20 3918                 NUM     0000203918  CU
      0056   3948  0 0000 20 3930                 NUM     0000203930  CU
      0057   3949  0 0000 00 0020                 NUM     0000000020
      0058                                        END
