200       TRANSCRIBED FROM INPUT-FORMAT-LOADER.SH      E L L               00 00 00

      0074                                 6 0810 CDR      0042
             INVALID OPERATION PAIR

      0088                                        CDRF     0000
             NO UNIT DESIGNATION





      0001                          LOC    S CNTL       T OPERAND     REMARKS
      0002                                                            TM4113, FLOATING-POINT DIAGNOS
      0003                                                            TEST ROUTINE INPUT FORMAT LOAD
      0004
      0005   0000  0 0000 00 0000                 NUM     0000000000  LOCATOR CARD
      0006   0001  0 0000 00 0000                 NUM     0000000000
      0007   0002  0 0000 00 0000                 NUM     0000000000
      0008   0003  0 0000 00 0000                 NUM     0000000000
      0009   0004  0 0000 00 0000                 NUM     0000000000
      0010   0005  0 0000 00 0000                 NUM     0000000000
      0011   0006  6 0810 44 0000          6 0810 CDR      0000
      0012
      0013                                        ORG      0000
      0014   0000  3 3333 33 3333                 NUM   3 3333333333  FORMAT
      0015   0001  3 3333 33 3333                 NUM   3 3333333333
      0016   0002  3 3333 33 3333                 NUM   3 3333333333
      0017   0003  3 1313 13 3333                 NUM   3 1313133333
      0018   0004  1 3131 31 3131                 NUM   1 3131313131
      0019   0005  3 1313 13 1113                 NUM   3 1313131113
      0020   0006  6 0810 44 0006          6 0810 CDR      0006
      0021
      0022                                        ORG      0006
      0023   0006  1 3131 31 3131                 NUM   1 3131313131
      0024   0007  3 1313 13 1311                 NUM   3 1313131311
      0025   0008  1 1131 31 3131                 NUM   1 1131313131
      0026   0009  3 1313 13 1313                 NUM   3 1313131313
      0027   0010  1 3111 31 3131                 NUM   1 3111313131
      0028   0011  3 1313 13 1313                 NUM   3 1313131313
      0029   0012  6 0810 44 0012          6 0810 CDR      0012
      0030
      0031                                        ORG      0012
      0032   0012  1 3131 11 3131                 NUM   1 3131113131
      0033   0013  3 1313 13 1313                 NUM   3 1313131313
      0034   0014  3 3330 31 3131                 NUM   3 3330313131
      0035   0015  3 3333 33 3333                 NUM   3 3333333333
      0036   0016  3 3333 33 3333                 NUM   3 3333333333
      0037   0017  3 3333 33 3333                 NUM   3 3333333333
      0038   0018  6 0810 44 0018          6 0810 CDR      0018
      0039
      0040                                        ORG      0018
      0041   0018  3 3333 33 3333                 NUM   3 3333333333
      0042   0019  3 3333 33 3333                 NUM   3 3333333333
      0043   0020  3 3333 33 3333                 NUM   3 3333333333
      0044   0021  3 3333 33 3333                 NUM   3 3333333333
      0045   0022  3 3333 33 3333                 NUM   3 3333333333
      0046   0023  3 3333 33 3333                 NUM   3 3333333333
      0047   0024  6 0810 44 0024          6 0810 CDR      0024
      0048
      0049                                        ORG      0024
      0050   0024  3 3333 33 3333                 NUM   3 3333333333
      0051   0025  3 3333 33 3333                 NUM   3 3333333333
      0052   0026  3 3333 33 3333                 NUM   3 3333333333
      0053   0027  3 3333 33 3333                 NUM   3 3333333333
      0054   0028  3 3333 33 3333                 NUM   3 3333333333
      0055   0029  0 0000 33 0000                 CR       0000
      0056   0030  6 0810 44 0030          6 0810 CDR      0030
      0057
      0058                                        ORG      0030
      0059   0030  0 0000 64 0053                 CAD      0053       CLEAR A
      0060   0031  0 0000 08 0031                 STOP     0031       ENTER BAND AND UNIT INTO R2 +
      0061   0032  0 0000 14 0010                 SL       0010
      0062   0033  0 0000 63 0047                 EX       0047
      0063   0034  0 0000 74 0050                 AD       0050
      0064   0035  0 0000 12 0038                 ST       0038
      0065   0036  6 0810 44 0036          6 0810 CDR      0036
      0066
      0067                                        ORG      0036
      0068   0036  0 0000 63 0047                 EX       0047
      0069   0037  0 0000 13 0010                 SR       0010       DISPLAY BAND AND UNIT
      0070   0038  0 0010 48 0000            0010 CDRF     0000       LOAD INPUT FORMAT
      0071   0039  0 0000 14 0010                 SL       0010
      0072   0040  0 0000 63 0048                 EX       0048
      0073   0041  0 0000 74 0049                 AD       0049
X     0074   0042  6 0810 44 0042          6 0810 CDR      0042
      0075
      0076                                        ORG      0042
      0077   0042  0 0000 12 0045                 ST       0045
      0078   0043  0 0000 12 3980                 ST       3980
      0079   0044  0 0000 08 0044                 STOP     0044
      0080   0045  0 0810 44 0000            0810 CDR      0000
      0081   0046  0 0000 20 0044                 CU       0044
      0082   0047  0 0110 00 0000                 NUM     0110000000
      0083   0048  6 0810 44 0048          6 0810 CDR      0048
      0084
      0085                                        ORG      0048
      0086   0048  0 0010 00 0000                 NUM     0010000000
      0087   0049  0 0800 44 0000            0800 CDR      0000
X     0088   0050  0 0000 48 0000                 CDRF     0000
      0089   0051  0 0000 00 0000                 NUM     0000000000
      0090   0052  0 0000 00 0000                 NUM     0000000000
      0091   0053  0 0000 00 0000                 NUM     0000000000
      0092   0054  6 0000 20 0029          6      CU       0029
      0093                                        END
