200       TRANSCRIBED FROM SYSTEM-ERROR-FORMAT-LO      A D ER.SHELL        00 00 00

      0058                                 6 0810 CDR      0036
             INVALID OPERATION PAIR

      0080                                        CDWI     0042
             NO UNIT DESIGNATION

      0081                                        CDWF     0000
             NO UNIT DESIGNATION

      0083                                        CDW      3940
             NO UNIT DESIGNATION





      0001                          LOC    S CNTL       T OPERAND     REMARKS
      0002                                                            TM4113, FLOATING-POINT DIAGNOS
      0003                                                            SYSTEM AND INTERPRETIVE ERROR
      0004                                                            FORMAT LOADER
      0005
      0006                                        ORG      0000
      0007   0000  0 0000 00 0000                 NUM     0000000000  OUTPUT FORMAT
      0008   0001  0 0000 00 0000                 NUM     0000000000
      0009   0002  0 0000 00 0000                 NUM     0000000000
      0010   0003  0 0000 00 0000                 NUM     0000000000
      0011   0004  0 0000 00 0000                 NUM     0000000000
      0012   0005  0 0000 00 0000                 NUM     0000000000
      0013   0006  6 0810 44 0006          6 0810 CDR      0006
      0014
      0015                                        ORG      0006
      0016   0006  0 0000 00 0000                 NUM     0000000000
      0017   0007  0 0000 00 0000                 NUM     0000000000
      0018   0008  0 0000 00 0000                 NUM     0000000000
      0019   0009  0 0000 00 0000                 NUM     0000000000
      0020   0010  0 0000 00 0000                 NUM     0000000000
      0021   0011  0 0000 00 0000                 NUM     0000000000
      0022   0012  6 0810 44 0012          6 0810 CDR      0012
      0023
      0024                                        ORG      0012
      0025   0012  0 0000 00 0000                 NUM     0000000000
      0026   0013  0 0000 00 0000                 NUM     0000000000
      0027   0014  0 0000 00 0000                 NUM     0000000000
      0028   0015  0 0000 00 0000                 NUM     0000000000
      0029   0016  0 0000 00 0000                 NUM     0000000000
      0030   0017  0 0000 00 0000                 NUM     0000000000
      0031   0018  6 0810 44 0018          6 0810 CDR      0018
      0032
      0033                                        ORG      0018
      0034   0018  0 0000 00 0000                 NUM     0000000000
      0035   0019  0 0000 00 0000                 NUM     0000000000
      0036   0020  0 0000 00 0000                 NUM     0000000000
      0037   0021  0 0000 00 0000                 NUM     0000000000
      0038   0022  0 0000 00 0000                 NUM     0000000000
      0039   0023  0 0000 00 0000                 NUM     0000000000
      0040   0024  6 0810 44 0024          6 0810 CDR      0024
      0041
      0042                                        ORG      0024
      0043   0024  0 0000 00 0000                 NUM     0000000000
      0044   0025  0 0000 00 0000                 NUM     0000000000
      0045   0026  0 0000 00 0000                 NUM     0000000000
      0046   0027  2 2220 00 0000                 NUM   2 2220000000
      0047   0028  0 0031 12 2222                 NUM     0031122222
      0048   0029  0 0000 00 0000                 NUM     0000000000
      0049   0030  6 0810 44 0030          6 0810 CDR      0030
      0050
      0051                                        ORG      0030
      0052   0030  0 0000 33 0000                 CR       0000       CLEAR
      0053   0031  0 0000 64 0000                 CAD      0000         A + R
      0054   0032  0 0000 08 0032                 STOP     0032       ENTER F AND U INTO R2 + R3
      0055   0033  0 0000 14 0010                 SL       0010
      0056   0034  0 0000 63 0053                 EX       0053
      0057   0035  0 0000 74 0049                 AD       0049
X     0058   0036  6 0810 44 0036          6 0810 CDR      0036
      0059
      0060                                        ORG      0036
      0061   0036  0 0000 12 0038                 ST       0038
      0062   0037  0 0000 63 0053                 EX       0053
      0063   0038  0 0010 55 0042            0010 CDWI     0042       UNIT NOT READY
      0064   0039  0 0000 13 0010                 SR       0010         OR NOT ON
      0065   0040  0 0000 20 0032                 CU       0032         THE SYSTEM
      0066   0041  0 0000 13 0000                 SR       0000
      0067   0042  6 0810 44 0042          6 0810 CDR      0042
      0068
      0069                                        ORG      0042
      0070   0042  0 0000 74 0050                 AD       0050       (A)A = 0 0FU0 58 0000
      0071   0043  0 0000 12 0047                 ST       0047
      0072   0044  0 0100 63 0053            0100 EX       0053
      0073   0045  0 0000 74 0052                 AD       0052
      0074   0046  0 0000 12 3981                 ST       3981
      0075   0047  0 0010 58 0000            0010 CDWF     0000
      0076   0048  6 0810 44 0048          6 0810 CDR      0048               (ADDED TO TRANSCRIPTIO
      0077
      0078                                        ORG      0048
      0079   0048  0 0000 08 0048                 STOP     0048
X     0080   0049  0 0000 55 0042                 CDWI     0042
X     0081   0050  0 0000 58 0000                 CDWF     0000
      0082   0051  0 0000 00 0000                 NUM     0000000000
X     0083   0052  0 0000 54 3940                 CDW      3940
      0084   0053  0 0110 00 0000                 NUM     0110000000
      0085   0054  6 0000 20 0030          6      CU       0030
      0086                                        END
