        PUSH-BUTTON BERTHA

      0001   0000  0 0000 00 1000          4      PTR      1000
      0002                                        ORG      1000
      0003   1000  0 0000 64 5000                 CAD   5  5000
      0004   1001  0 0000 03 0404                 PTW      0404
      0005   1002  0 0000 64 3000                 CAD      3000
      0006   1003  0 0000 33 0000                 CR       0000
      0007   1004  0 0000 10 0000                 DAD      0000
      0008   1005  0 0000 14 0001                 SL       0001
      0009   1006  0 0000 10 0000                 DAD      0000
      0010   1007  0 0000 14 0001                 SL       0001
      0011   1008  0 0000 10 0000                 DAD      0000
      0012   1009  0 0000 14 0001                 SL       0001
      0013   1010  0 0000 10 0000                 DAD      0000
      0014   1011  0 0000 14 0001                 SL       0001
      0015   1012  0 0000 10 0000                 DAD      0000
      0016   1013  0 0000 14 0001                 SL       0001
      0017   1014  0 0000 10 0000                 DAD      0000
      0018   1015  0 0000 14 0001                 SL       0001
      0019   1016  0 0000 10 0000                 DAD      0000
      0020   1017  0 0000 14 0001                 SL       0001
      0021   1018  0 0000 10 0000                 DAD      0000
      0022   1019  0 0000 30 1020                 CUB      1020
      0023   1020  0 0000 14 0001                 SL       0001
      0024   1021  0 0000 10 0000                 DAD      0000
      0025   1022  0 0000 14 0001                 SL       0001
      0026   1023  0 0000 10 0000                 DAD      0000
      0027   1024  0 0000 12 5001                 ST    5  5001
      0028   1025  0 0000 03 0310                 PTW      0310
      0029   1026  0 0000 64 5002                 CAD   5  5002
      0030   1027  0 0000 03 0410                 PTW      0410
      0031   1028  0 0000 21 2000                 CUR      2000
      0032   1029  0 0000 72 5003                 SB    5  5003
      0033   1030  0 0000 22 7032                 DB    7  7032
      0034   1031  0 0000 20 7028                 CU    7  7028
      0035   1032  0 0000 11 0000                 BA       0000
      0036   1033  0 0000 02 5003                 STC   5  5003
      0037   1034  1 0000 72 0000          -      SB       0000
      0038   1035  1 0000 20 3020          -      CU       3020
      0039   1036  1 0000 64 3030          -      CAD      3030
      0040   1037  0 0000 03 0410                 PTW      0410
      0041   1038  0 0000 11 0000                 BA       0000
      0042   1039  0 0000 30 1040                 CUB      1040
      0043   1040  0 0000 02 5004                 STC   5  5004
      0044   1041  0 0000 72 5003                 SB    5  5003
      0045   1042  0 0000 22 7045                 DB    7  7045
      0046   1043  0 0000 21 2000                 CUR      2000
      0047   1044  0 0000 20 7043                 CU    7  7043
      0048   1045  0 0000 11 0000                 BA       0000
      0049   1046  0 0000 02 5003                 STC   5  5003
      0050   1047  1 0000 72 0000          -      SB       0000
      0051   1048  0 0000 11 0000                 BA       0000
      0052   1049  0 0000 75 5004                 SU    5  5004
      0053   1050  0 0000 02 4000                 STC   4  4000
      0054   1051  0 0000 66 4000                 CADA  4  4000
      0055   1052  0 0000 74 5006                 AD    5  5006
      0056   1053  0 0000 28 7041                 CC    7  7041
      0057   1054  0 0000 30 1060                 CUB      1060
      0058   1055  0 0000 00 0000                 NUM     0000000000
      0059   1056  0 0000 00 0000                 NUM     0000000000
      0060   1057  0 0000 00 0000                 NUM     0000000000
      0061   1058  0 0000 00 0000                 NUM     0000000000
      0062   1059  0 0000 00 0000                 NUM     0000000000
      0063   1060  0 0000 11 0000                 BA       0000
      0064   1061  0 0000 02 5004                 STC   5  5004
      0065   1062  1 0000 64 3040          -      CAD      3040
      0066   1063  0 0000 02 7074                 STC   7  7074
      0067   1064  1 0000 64 3050          -      CAD      3050
      0068   1065  0 0000 72 5007                 SB    5  5007
      0069   1066  1 0000 12 6000          -      ST    6  6000
      0070   1067  0 0000 03 0406                 PTW      0406
      0071   1068  1 0000 64 3083          -      CAD      3083
      0072   1069  0 0000 03 0404                 PTW      0404
      0073   1070  0 0000 22 7072                 DB    7  7072
      0074   1071  0 0000 30 1080                 CUB      1080
      0075   1072  0 0000 11 0000                 BA       0000
      0076   1073  0 0000 02 5007                 STC   5  5007
      0077   1074  0 0000 00 0000                 NUM     0000000000
      0078   1075  0 0000 20 7060                 CU    7  7060
      0079   1076  0 0000 00 0001                 NUM     0000000001
      0080   1077  0 0000 00 0008                 NUM     0000000008
      0081   1078  0 0000 00 0005                 NUM     0000000005
      0082   1079  0 0000 00 0000                 NUM     0000000000
      0083   1080  0 0000 72 7094                 SB    7  7094
      0084   1081  1 0000 64 6002          -      CAD   6  6002
      0085   1082  0 0000 03 0406                 PTW      0406
      0086   1083  1 0000 64 3085          -      CAD      3085
      0087   1084  0 0000 03 0404                 PTW      0404
      0088   1085  0 0000 22 7081                 DB    7  7081
      0089   1086  0 0000 64 5008                 CAD   5  5008
      0090   1087  0 0000 03 0410                 PTW      0410
      0091   1088  0 0000 64 5009                 CAD   5  5009
      0092   1089  0 0000 03 0410                 PTW      0410
      0093   1090  0 0000 72 5003                 SB    5  5003
      0094   1091  0 0000 22 7094                 DB    7  7094
      0095   1092  0 0000 21 2000                 CUR      2000
      0096   1093  0 0000 20 7090                 CU    7  7090
      0097   1094  0 0000 11 0009                 BA       0009
      0098   1095  0 0000 02 5003                 STC   5  5003
      0099   1096  1 0000 72 0000          -      SB       0000
      0100   1097  1 0000 20 3100          -      CU       3100
      0101   1098  0 0000 00 0000                 NUM     0000000000
      0102   1099  0 0000 00 0000                 NUM     0000000000
      0103   1100  0 0000 11 0000                 BA       0000
      0104   1101  0 0000 02 5004                 STC   5  5004
      0105   1102  0 0000 64 3110                 CAD      3110
      0106   1103  0 0000 03 0410                 PTW      0410
      0107   1104  0 0000 72 5003                 SB    5  5003
      0108   1105  0 0000 22 7108                 DB    7  7108
      0109   1106  0 0000 21 2000                 CUR      2000
      0110   1107  0 0000 20 7104                 CU    7  7104
      0111   1108  0 0000 11 0000                 BA       0000
      0112   1109  0 0000 02 5003                 STC   5  5003
      0113   1110  1 0000 72 0000          -      SB       0000
      0114   1111  0 0000 11 0000                 BA       0000
      0115   1112  0 0000 75 5004                 SU    5  5004
      0116   1113  0 0000 02 4000                 STC   4  4000
      0117   1114  0 0000 64 4000                 CAD   4  4000
      0118   1115  0 0000 74 5006                 AD    5  5006
      0119   1116  0 0000 28 7104                 CC    7  7104
      0120   1117  0 0000 30 1120                 CUB      1120
      0121   1118  0 0000 00 0000                 NUM     0000000000
      0122   1119  0 0000 00 0000                 NUM     0000000000
      0123   1120  0 0000 11 0000                 BA       0000
      0124   1121  0 0000 02 5004                 STC   5  5004
      0125   1122  1 0000 64 3120          -      CAD      3120
      0126   1123  0 0000 02 7133                 STC   7  7133
      0127   1124  1 0000 64 3050          -      CAD      3050
      0128   1125  0 0000 03 0406                 PTW      0406
      0129   1126  0 0000 72 5010                 SB    5  5010
      0130   1127  1 0000 64 3060          -      CAD      3060
      0131   1128  0 0000 03 0410                 PTW      0410
      0132   1129  0 0000 22 7131                 DB    7  7131
      0133   1130  0 0000 30 1140                 CUB      1140
      0134   1131  0 0000 11 0000                 BA       0000
      0135   1132  0 0000 02 5010                 STC   5  5010
      0136   1133  0 0000 00 0000                 NUM     0000000000
      0137   1134  0 0000 20 7120                 CU    7  7120
      0138   1135  0 0000 00 0001                 NUM     0000000001
      0139   1136  0 0000 00 0008                 NUM     0000000008
      0140   1137  0 0000 00 0005                 NUM     0000000005
      0141   1138  0 0000 00 0000                 NUM     0000000000
      0142   1139  0 0000 00 0000                 NUM     0000000000
      0143   1140  0 0000 72 5003                 SB    5  5003
      0144   1141  0 0000 22 7144                 DB    7  7144
      0145   1142  0 0000 21 2000                 CUR      2000
      0146   1143  0 0000 20 7140                 CU    7  7140
      0147   1144  0 0000 11 0000                 BA       0000
      0148   1145  0 0000 02 5003                 STC   5  5003
      0149   1146  1 0000 72 0000          -      SB       0000
      0150   1147  1 0000 20 3130          -      CU       3130
      0151   1148  1 0000 64 3140          -      CAD      3140
      0152   1149  0 0000 03 0410                 PTW      0410
      0153   1150  0 0000 72 5003                 SB    5  5003
      0154   1151  0 0000 22 7154                 DB    7  7154
      0155   1152  0 0000 21 2000                 CUR      2000
      0156   1153  0 0000 20 7150                 CU    7  7150
      0157   1154  0 0000 11 0000                 BA       0000
      0158   1155  0 0000 02 5003                 STC   5  5003
      0159   1156  1 0000 72 0000          -      SB       0000
      0160   1157  1 0000 20 3160          -      CU       3160
      0161   1158  0 0000 00 0000                 NUM     0000000000
      0162   1159  0 0000 00 0000                 NUM     0000000000
      0163   1160  1 0000 64 3150          -      CAD      3150
      0164   1161  0 0000 03 0410                 PTW      0410
      0165   1162  0 0000 64 5012                 CAD   5  5012
      0166   1163  0 0000 03 0404                 PTW      0404
      0167   1164  0 0000 72 5011                 SB    5  5011
      0168   1165  1 0000 64 6002          -      CAD   6  6002
      0169   1166  0 0000 03 0406                 PTW      0406
      0170   1167  1 0000 64 3085          -      CAD      3085
      0171   1168  0 0000 03 0404                 PTW      0404
      0172   1169  0 0000 22 7165                 DB    7  7165
      0173   1170  0 0000 64 5013                 CAD   5  5013
      0174   1171  0 0000 03 0410                 PTW      0410
      0175   1172  0 0000 64 5014                 CAD   5  5014
      0176   1173  0 0000 03 0410                 PTW      0410
      0177   1174  0 0000 64 5014                 CAD   5  5014
      0178   1175  0 0000 03 0410                 PTW      0410
      0179   1176  0 0000 35 3000                 BT5      3000
      0180   1177  0 0000 08 9669                 STOP     9669
      0181   1178  0 0000 30 1000                 CUB      1000
      0182   1179  4 0000 00 2000          4      PTR      2000
      0183
      0184                                        ORG      2000
      0185   2000  0 0000 64 5019                 CAD   5  5019
      0186   2001  0 0000 14 0004                 SL       0004
      0187   2002  0 0000 02 2029                 STC      2029
      0188   2003  0 0000 27 3500                 BF7      3500
      0189   2004  0 0000 30 2005                 CUB      2005
      0190   2005  0 0118 42 0000            0118 MTS      0000
      0191   2006  0 0000 28 7005                 CC    7  7005
      0192   2007  0 0000 72 5018                 SB    5  5018
      0193   2008  0 0000 64 5001                 CAD   5  5001
      0194   2009  0 0000 60 5001                 M     5  5001
      0195   2010  0 0000 14 0005                 SL       0005
      0196   2011  0 0000 12 5001                 ST    5  5001
      0197   2012  0 0000 63 7024                 EX    7  7024
      0198   2013  1 0000 02 4000          -      STC   4  4000
      0199   2014  0 0000 22 7008                 DB    7  7008
      0200   2015  0 9500 24 0000            9500 BF4      0000
      0201   2016  0 0000 64 7015                 CAD   7  7015
      0202   2017  0 0000 74 5016                 AD    5  5016
      0203   2018  0 0000 28 2025                 CC       2025
      0204   2019  0 0000 02 7015                 STC   7  7015
      0205   2020  0 0000 64 7005                 CAD   7  7005
      0206   2021  0 0000 74 5015                 AD    5  5015
      0207   2022  0 0000 02 7005                 STC   7  7005
      0208   2023  0 0000 20 7005                 CU    7  7005
      0209   2024  0 0000 00 0001                 NUM     0000000001
      0210   2025  0 0018 52 0000            0018 MTRW     0000
      0211   2026  0 0000 28 2025                 CC       2025
      0212   2027  0 8008 54 0000            8008 CDW      0000
      0213   2028  0 0000 37 3500                 BT7      3500
      0214   2029  4 0000 00 3000          4      PTR      3000
      0215
      0216                                        ORG      3000
      0217   3000  0 2705 00 0000                 NUM     2705000000
      0218   3001  0 0000 00 0000                 NUM     0000000000
      0219   3002  0 0505 05 3043                 NUM     0505053043
      0220   3003  0 0000 00 1000                 NUM     0000001000
      0221   3004  0 0000 00 0000                 NUM     0000000000
      0222   3005  0 0000 00 0000                 NUM     0000000000
      0223   3006  0 9999 99 9993                 NUM     9999999993
      0224   3007  0 0000 00 0011                 NUM     0000000011
      0225   3008  0 0505 43 3462                 NUM     0505433462
      0226   3009  0 5050 50 3443                 NUM     5050503443
      0227   3010  0 0000 00 0020                 NUM     0000000020
      0228   3011  0 0000 00 0009                 NUM     0000000009
      0229   3012  0 3443 00 0000                 NUM     3443000000
      0230   3013  0 4305 05 0505                 NUM     4305050505
      0231   3014  0 0505 05 0505                 NUM     0505050505
      0232   3015  0 0000 00 0020                 NUM     0000000020
      0233   3016  0 0010 00 0020                 NUM     0010000020
      0234   3017  0 0000 00 0000                 NUM     0000000000
      0235   3018  0 0000 00 0019                 NUM     0000000019
      0236   3019  0 0000 00 0720                 NUM     0000000720
      0237   3020  0 0000 20 7029                 CU    7  7029
      0238   3021  0 0000 20 7036                 CU    7  7036
      0239   3022  0 0000 20 7036                 CU    7  7036
      0240   3023  0 0000 20 7036                 CU    7  7036
      0241   3024  0 0000 20 7029                 CU    7  7029
      0242   3025  0 0000 20 7036                 CU    7  7036
      0243   3026  0 0000 20 7029                 CU    7  7029
      0244   3027  0 0000 20 7036                 CU    7  7036
      0245   3028  0 0000 20 7036                 CU    7  7036
      0246   3029  0 0000 20 7029                 CU    7  7029
      0247   3030  0 3462 33 3443                 NUM     3462333443
      0248   3031  0 3462 34 4300                 NUM     3462344300
      0249   3032  0 3463 34 4300                 NUM     3463344300
      0250   3033  0 3464 34 6300                 NUM     3464346300
      0251   3034  0 3465 34 4300                 NUM     3465344300
      0252   3035  0 3466 34 4300                 NUM     3466344300
      0253   3036  0 3420 34 4300                 NUM     3420344300
      0254   3037  0 3461 34 4300                 NUM     3461344300
      0255   3038  0 3462 36 3443                 NUM     3462363443
      0256   3039  0 3465 33 3443                 NUM     3465333443
      0257   3040  0 0000 72 7076                 SB    7  7076
      0258   3041  0 0000 30 1041                 CUB      1041
      0259   3042  0 0000 30 1041                 CUB      1041
      0260   3043  0 0000 30 1041                 CUB      1041
      0261   3044  0 0000 30 1041                 CUB      1041
      0262   3045  0 0000 30 1041                 CUB      1041
      0263   3046  0 0000 30 1041                 CUB      1041
      0264   3047  0 0000 72 7077                 SB    7  7077
      0265   3048  0 0000 30 1041                 CUB      1041
      0266   3049  0 0000 72 7078                 SB    7  7078
      0267   3050  0 3462 33 0000                 NUM     3462330000
      0268   3051  0 3462 00 0000                 NUM     3462000000
      0269   3052  0 3463 00 0000                 NUM     3463000000
      0270   3053  0 3464 00 0000                 NUM     3464000000
      0271   3054  0 3465 00 0000                 NUM     3465000000
      0272   3055  0 3466 00 0000                 NUM     3466000000
      0273   3056  0 3420 00 0000                 NUM     3420000000
      0274   3057  0 3461 00 0000                 NUM     3461000000
      0275   3058  0 3462 26 0000                 NUM     3462260000
      0276   3059  0 3465 33 0000                 NUM     3465330000
      0277   3060  0 0000 00 0000                 NUM     0000000000
      0278   3061  0 2750 30 0000                 NUM     2750300000
      0279   3062  0 2750 30 0000                 NUM     2750300000
      0280   3063  0 2750 30 0000                 NUM     2750300000
      0281   3064  0 2750 30 0000                 NUM     2750300000
      0282   3065  0 5050 05 0543                 NUM     5050050543
      0283   3066  0 0000 00 0000                 NUM     0000000000
      0284   3067  0 3443 00 0000                 NUM     3443000000
      0285   3068  0 0000 00 0000                 NUM     0000000000
      0286   3069  0 0000 00 0000                 NUM     0000000000
      0287   3070  0 0000 00 0000                 NUM     0000000000
      0288   3071  0 5050 50 3443                 NUM     5050503443
      0289   3072  0 3443 00 0000                 NUM     3443000000
      0290   3073  0 0000 00 0000                 NUM     0000000000
      0291   3074  0 2750 30 0000                 NUM     2750300000
      0292   3075  0 5050 00 0000                 NUM     5050000000
      0293   3076  0 5050 34 4300                 NUM     5050344300
      0294   3077  0 0000 00 0000                 NUM     0000000000
      0295   3078  0 3443 00 0000                 NUM     3443000000
      0296   3079  0 0000 00 0000                 NUM     0000000000
      0297   3080  0 2750 30 0000                 NUM     2750300000
      0298   3081  0 0000 00 0000                 NUM     0000000000
      0299   3082  0 0000 00 0000                 NUM     0000000000
      0300   3083  0 3443 00 0000                 NUM     3443000000
      0301   3084  0 5050 00 0000                 NUM     5050000000
      0302   3085  0 3443 00 0000                 NUM     3443000000
      0303   3086  0 0000 00 0000                 NUM     0000000000
      0304   3087  0 5000 00 0000                 NUM     5000000000
      0305   3088  0 3443 00 0000                 NUM     3443000000
      0306   3089  0 0000 00 0000                 NUM     0000000000
      0307   3090  0 0000 00 0000                 NUM     0000000000
      0308   3091  0 0000 00 0000                 NUM     0000000000
      0309   3092  0 3443 00 0000                 NUM     3443000000
      0310   3093  0 0000 00 0000                 NUM     0000000000
      0311   3094  0 5000 00 0000                 NUM     5000000000
      0312   3095  0 0000 00 0000                 NUM     0000000000
      0313   3096  0 0000 00 0000                 NUM     0000000000
      0314   3097  0 0000 00 0000                 NUM     0000000000
      0315   3098  0 0000 00 0000                 NUM     0000000000
      0316   3099  0 0000 00 0000                 NUM     0000000000
      0317   3100  0 0000 20 7090                 CU    7  7090
      0318   3101  0 0000 20 7090                 CU    7  7090
      0319   3102  0 0000 20 7090                 CU    7  7090
      0320   3103  0 0000 20 7090                 CU    7  7090
      0321   3104  0 0000 20 7090                 CU    7  7090
      0322   3105  0 0000 20 7090                 CU    7  7090
      0323   3106  0 0000 30 1100                 CUB      1100
      0324   3107  0 0000 20 7090                 CU    7  7090
      0325   3108  0 0000 30 1100                 CUB      1100
      0326   3109  0 0000 20 7090                 CU    7  7090
      0327   3110  0 3435 64 3500                 NUM     3435643500
      0328   3111  0 3435 64 3500                 NUM     3435643500
      0329   3112  0 3435 64 3500                 NUM     3435643500
      0330   3113  0 3435 64 3500                 NUM     3435643500
      0331   3114  0 3435 64 3500                 NUM     3435643500
      0332   3115  0 3435 64 3500                 NUM     3435643500
      0333   3116  0 3420 50 5000                 NUM     3420505000
      0334   3117  0 3435 64 3500                 NUM     3435643500
      0335   3118  0 3462 26 5050                 NUM     3462265050
      0336   3119  0 3435 64 3500                 NUM     3435643500
      0337   3120  0 0000 72 7135                 SB    7  7135
      0338   3121  0 0000 30 3104                 CUB      3104
      0339   3122  0 0000 30 3104                 CUB      3104
      0340   3123  0 0000 30 3104                 CUB      3104
      0341   3124  0 0000 30 3104                 CUB      3104
      0342   3125  0 0000 30 3104                 CUB      3104
      0343   3126  0 0000 30 3104                 CUB      3104
      0344   3127  0 0000 72 7136                 SB    7  7136
      0345   3128  0 0000 30 3104                 CUB      3104
      0346   3129  0 0000 72 7137                 SB    7  7137
      0347   3130  0 0000 20 7148                 CU    7  7148
      0348   3131  0 0000 20 7140                 CU    7  7140
      0349   3132  0 0000 20 7148                 CU    7  7148
      0350   3133  0 0000 20 7140                 CU    7  7140
      0351   3134  0 0000 20 7140                 CU    7  7140
      0352   3135  0 0000 20 7148                 CU    7  7148
      0353   3136  0 0000 20 7140                 CU    7  7140
      0354   3137  0 0000 20 7148                 CU    7  7148
      0355   3138  0 0000 20 7140                 CU    7  7140
      0356   3139  0 0000 20 7140                 CU    7  7140
      0357   3140  0 3462 33 3443                 NUM     3462333443
      0358   3141  0 3435 64 3500                 NUM     3435643500
      0359   3142  0 3463 34 4300                 NUM     3463344300
      0360   3143  0 3435 64 3500                 NUM     3435643500
      0361   3144  0 3435 64 3500                 NUM     3435643500
      0362   3145  0 3463 34 4300                 NUM     3463344300
      0363   3146  0 3435 64 3500                 NUM     3435643500
      0364   3147  0 3461 34 4300                 NUM     3461344300
      0365   3148  0 3455 64 3500                 NUM     3455643500
      0366   3149  0 3435 64 3500                 NUM     3435643500
      0367   3150  0 0000 00 0000                 NUM     0000000000
      0368   3151  0 3462 50 5050                 NUM     3462505050
      0369   3152  0 0000 00 0000                 NUM     0000000000
      0370   3153  0 3464 50 5050                 NUM     3464505050
      0371   3154  0 0000 00 0000                 NUM     0000000000
      0372   3155  0 0000 00 0000                 NUM     0000000000
      0373   3156  0 0000 00 0000                 NUM     0000000000
      0374   3157  0 0000 00 0000                 NUM     0000000000
      0375   3158  0 0000 00 0000                 NUM     0000000000
      0376   3159  0 0000 00 0000                 NUM     0000000000
      0377   3160  0 0000 20 7150                 CU    7  7150
      0378   3161  0 0000 30 1160                 CUB      1160
      0379   3162  0 0000 20 7150                 CU    7  7150
      0380   3163  0 0000 30 1160                 CUB      1160
      0381   3164  0 0000 20 7150                 CU    7  7150
      0382   3165  0 0000 20 7150                 CU    7  7150
      0383   3166  0 0000 20 7150                 CU    7  7150
      0384   3167  0 0000 20 7150                 CU    7  7150
      0385   3168  0 0000 20 7150                 CU    7  7150
      0386   3169  0 0000 20 7150                 CU    7  7150
      0387   3170  0 0000 00 0000                 NUM     0000000000
      0388   3171  0 0000 00 0000                 NUM     0000000000
      0389   3172  0 0000 00 0000                 NUM     0000000000
      0390   3173  0 0000 00 0000                 NUM     0000000000
      0391   3174  0 0000 00 0000                 NUM     0000000000
      0392   3175  0 0000 00 0000                 NUM     0000000000
      0393   3176  0 0000 00 0000                 NUM     0000000000
      0394   3177  0 0000 00 0000                 NUM     0000000000
      0395   3178  0 0000 00 0000                 NUM     0000000000
      0396   3179  0 0000 00 0000                 NUM     0000000000
      0397   3180  6 0000 20 1175          6      CU       1175
      0398                                        END
                                               -
