000                                                                        00 00 00
                                               0
      0001                                                LIST ALL C  ODES TO CARDATRON & FLEX %SHEL
      0002                                        ORG      0000
      0003   0000  0 0030 58 0023            0030 CDWF    FMT
      0004   0001  0 0000 72 0020                 SB      N99         INITIALIZE B#99
      0005   0002  0 0000 08 0002                 STOP                THE PAUSE THAT REFRESHES
      0006   0003  0 0000 64 0018   LOOP          CAD     CODE        LOAD CURRENT CODE VALUE
      0007   0004  0 0000 12 0021                 ST      LINE        STORE CODE IN FIRST CARDATRON
      0008   0005  0 0000 12 0022                 ST      LINE &0001  STORE CODE IN SECOND CARDATRON
      0009   0006  0 0000 07 0500                 PTWF     0500       PRINT NEW LINE
      0010   0007  0 0000 01 0007                 CIRA     0007       POSITION DIGITS TO PRINT
      0011   0008  0 0000 03 8302                 PTW      8302       PRINT NUMERIC CODE
      0012   0009  0 0000 07 0800                 PTWF     0800       PRINT SPACE
      0013   0010  0 0000 07 0800                 PTWF     0800       PRINT SPACE
      0014   0011  0 0000 01 0007                 CIRA     0007       POSITION DIGITS TO PRINT
      0015   0012  0 0000 03 8402                 PTW      8402       PRINT ALPHANUMERIC CODE
      0016   0013  0 0000 74 0019                 AD      ONE         INCREMENT CODE VALUE
      0017   0014  0 0000 12 0018                 ST      CODE        STORE NEW CODE VALUE FOR NEXT
      0018   0015  0 0030 54 0021            0030 CDW     LINE        OUTPUT TO CARDATRON UNIT 3
      0019   0016  0 0000 22 0003                 DB      LOOP        DECREMENT B AND LOOP
      0020   0017  0 0000 08 7557                 STOP     7557       DONE WITH CODES -- HALT
      0021
      0022   0018  0 0000 00 0000   CODE          NUM     0000000000  CURRENT CODE VALUE
      0023   0019  0 0000 00 0001   ONE           NUM              1  CONSTANT 1
      0024   0020  0 0000 00 0099   N99           NUM             99  CONSTANT 99
      0025                          LINE          REG         2       CARDATRON BUFFER
      0026   0023  0 0000 00 0000   FMT           WFB                 P8ZNN BB & P8ZA 115B
      0027   0024  0 0000 00 0000
      0028   0025  0 0000 00 0000
      0029   0026  0 0000 00 0000
      0030   0027  0 0000 00 0000
      0031   0028  0 0000 00 0000
      0032   0029  0 0000 00 0000
      0033   0030  0 0000 00 0000
      0034   0031  0 0000 00 0000
      0035   0032  0 0000 00 0000
      0036   0033  0 0000 00 0000
      0037   0034  0 0000 00 0000
      0038   0035  0 0000 00 0000
      0039   0036  0 0000 00 0000
      0040   0037  0 0000 00 0000
      0041   0038  0 0000 00 0000
      0042   0039  0 0000 00 0000
      0043   0040  0 0000 00 0000
      0044   0041  0 0000 00 0000
      0045   0042  0 0000 00 0000
      0046   0043  0 0000 00 0000
      0047   0044  0 0000 00 0000
      0048   0045  0 0000 00 0000
      0049   0046  0 0000 00 0000
      0050   0047  0 0000 00 0000
      0051   0048  0 0000 00 0000
      0052   0049  3 3333 11 0000
      0053   0050  3 2200 00 3333
      0054   0051  0 0333 33 3333
      0055                                        END      0000
                                               0
                                               0
00
01  A
02  9
03  .
04  ¤
05  ¤
06  .
07  ¤
08  8
09  I
10  &
11  J
12  I
13  $
14  *
15  *
16  $
17  *
18  H
19  R
20  -
21  /
22  R
23  ,
24  %
25  %
26  ,
27  %
28  Q
29  Z
30  -
31  1
32  R
33  #
34  @
35  @
36  #
37  @
38  Q
39  9
40  &
41  A
42  B
43  C
44  D
45  E
46  F
47  G
48  H
49  I
50  -
51  J
52  K
53  L
54  M
55  N
56  O
57  P
58  Q
59  R
60  0
61  &
62  S
63  T
64  U
65  V
66  W
67  X
68  Y
69  Z
70  -
71  J
72  K
73  L
74  M
75  N
76  O
77  P
78  Q
79  R
80  0
81  1
82  2
83  3
84  4
85  5
86  6
87  7
88  8
89  9
90  &
91  J
92  B
93  L
94  M
95  N
96  O
97  P
98  H
99  R

================= flex =================

CHECK SUM  5930723308
LOAD
HIGH    51
LOW

  1
  2
  3  .
  4
  5
  6
  7
  8
  9
 10  &
 11
 12
 13  $
 14  &
 15
 16
 17  $
 18  &
 19
 20  -
 21  /
 22
 23  ,
 24  %
 25
 26
 27
 28
 29
 30
 31
 32
 33
 34
 35

 36
 37
 38
 39
 40
 41  A
 42  B
 43  C
 44  D
 45  E
 46  F
 47  G
 48  H
 49  I
 50
 51  J
 52  K
 53  L
 54  M
 55  N
 56  O
 57  P
 58  Q
 59  R
 60
 61
 62  S
 63  T
 64  U
 65  V
 66  W
 67  X
 68  Y
 69  Z
 70  0
 71  1
 72  2
 73  3
 74  4
 75  5
 76  6
 77  7
 78  8
 79  9
 80  0
 81  1
 82  2
 83  3
 84  4
 85  5
 86  6
 87  7
 88  8
 89  9
 90  0
 91  1
 92  2
 93  3
 94  4
 95  5
 96  6
 97  7
 98  8
 99  9
