200            LOC  CTL  OP   TADR  INC  REMARKS                           00 00 00

      0001                                                            CALCULATE 800 DIGITS OF PI
      0002                                                            FROM DIK T. WINTER AT CWI
      0003
      0004                                        ORG      0000
      0005   0000  0 0000 07 0500                 PTWF     0500       START FLEX ON NEW LINE
      0006   0001  0 0000 34 0070                 BT4     A           LOAD SCALARS TO LOOP 4
      0007                                        TAG   4
      0008   0002  0 0000 30 0003                 CUB   X      +0001
      0009   0003  0 0000 64 4078                 CAD     FLIM
      0010   0004  0 0000 12 4072                 ST      C           C=2800
      0011   0005  0 0000 64 4070                 CAD     A
      0012   0006  0 0000 13 0010                 SR       0010       SHIFT DIVIDEND
      0013   0007  0 0000 61 4081                 DIV     FIVE        RA=A DIV 5
      0014   0008  0 0000 72 4078                 SB      FLIM
      0015   0009  1 0000 12 1000          1      ST    X F           F(B)=A DIV 5
      0016   0010  0 0000 22 7009                 DB    7      -0001
      0017   0011  0 0000 30 0012   L1            CUB   X      +0001  BLOCK TO MAIN LOOP
      0018   0012  0 0000 64 4072                 CAD     C
      0019   0013  0 0000 60 4080                 M       TWO         C*2
      0020   0014  0 0000 14 0010                 SL       0010       SHIFT PRODUCT
      0021   0015  0 0000 12 4075                 ST      G           G=C*2
      0022   0016  0 0000 15 0069                 NOR   X ENDL1       G EQL 0, EXIT LOOP
      0023   0017  0 0000 64 4072                 CAD     C
      0024   0018  0 0000 02 4071                 STC     B           B=C
      0025   0019  0 0000 12 4073                 ST      D           D=0
      0026   0020  0 0000 72 4071                 SB      B
      0027   0021  0 0000 30 0022   DO            CUB   X      +0001  BLOCK INNER LOOP
      0028   0022  1 0000 64 1000          1      CAD   X F           LOAD F B
      0029   0023  0 0000 60 4070                 M       A           F(B)*A
      0030   0024  0 0000 14 0010                 SL       0010       SHIFT PRODUCT TO RA
      0031   0025  0 0000 74 4073                 AD      D           D+F(B)*A
      0032   0026  0 0000 12 4073                 ST      D           D=D+F(B)*A
      0033   0027  0 0000 13 0010                 SR       0010       SAVE D IN RR
      0034   0028  0 0000 64 4075                 CAD     G
      0035   0029  0 0000 75 4079                 SU      ONE
      0036   0030  0 0000 02 4075                 STC     G           G=G-1, RA=0
      0037   0031  0 0000 61 4075                 DIV     G           RA=D DIV G,RR=D MOD G
      0038   0032  0 0000 12 4073                 ST      D           D=D DIV G
      0039   0033  0 0000 14 0010                 SL       0010       SHIFT REMAINDER TO RA
      0040   0034  1 0000 12 1000          1      ST    X F           F(B)=D MOD G
      0041   0035  0 0000 30 0036                 CUB   X      +0001  BLOCK MORE INNER
      0042   0036  0 0000 64 4075                 CAD     G
      0043   0037  0 0000 75 4079                 SU      ONE
      0044   0038  0 0000 12 4075                 ST      G           G=G-1
      0045   0039  0 0000 64 4071                 CAD     B
      0046   0040  0 0000 75 4079                 SU      ONE
      0047   0041  0 0000 12 4071                 ST      B           B=B-1
      0048   0042  0 0000 04 7044                 CNZ   7      +0002
      0049   0043  0 0000 20 0048                 CU    X ENDDO       IF B=0, EXIT LOOP
      0050   0044  0 0000 60 4073                 M       D           D*B
      0051   0045  0 0000 14 0010                 SL       0010       SHIFT PRODUCT
      0052   0046  0 0000 12 4073                 ST      D           RA=D=D*B
      0053   0047  0 0000 22 0021                 DB    X DO          DEC RB, BRANCH
      0054   0048  0 0000 64 4072   ENDDO         CAD     C
      0055   0049  0 0000 75 4082                 SU      N14
      0056   0050  0 0000 12 4072                 ST      C           C=C-14
      0057   0051  0 0000 30 0052                 CUB   X      +0001  BLOCK END OF MAIN LOOP
      0058   0052  0 0000 64 4073                 CAD     D
      0059   0053  0 0000 13 0010                 SR       0010
      0060   0054  0 0000 61 4070                 DIV     A
      0061   0055  0 0000 74 4074                 AD      E           RA=E+D DIV A
      0062   0056  0 0000 01 0005                 CIRA     0005       SHIFT FOR OUTPUT
      0063   0057  0 0000 03 8304                 PTW      8304       OUTPUT 4 DIGITS
      0064   0058  0 0000 14 0010                 SL       0010       SHIFT REMAINDER
      0065   0059  0 0000 12 4074                 ST      E           E=D MOD A
      0066   0060  0 0000 64 4076                 CAD     COL
      0067   0061  0 0000 74 4081                 AD      FIVE
      0068   0062  0 0000 12 4076                 ST      COL         COL=COL+1
      0069   0063  0 0000 75 4077                 SU      ECOL        COL EQL ECOL
      0070   0064  0 0000 04 7068                 CNZ   7 NEXT        NO, BRANCH TO CUB
      0071   0065  0 0000 07 0500                 PTWF     0500       YES, PRINT NEW LINE
      0072   0066  0 0000 07 0500                 PTWF     0500       DOUBLE SPACE
      0073   0067  0 0000 12 4076                 ST      COL         COL=0
      0074   0068  0 0000 30 0011   NEXT          CUB   X L1          REPEAT MAIN LOOP
      0075   0069  0 0000 08 7557   ENDL1         STOP     7557
      0076                                                            SCALARS
      0077   0070  0 0000 01 0000   A             NUM          10000
      0078   0071  0 0000 00 0000   B             NUM
      0079   0072  0 0000 00 0000   C             NUM
      0080   0073  0 0000 00 0000   D             NUM
      0081   0074  0 0000 00 0000   E             NUM
      0082   0075  0 0000 00 0000   G             NUM
      0083   0076  0 0000 00 0000   COL           NUM
      0084   0077  0 0000 00 0050   ECOL          NUM             50
      0085   0078  0 0000 00 2800   FLIM          NUM           2800
      0086   0079  0 0000 00 0001   ONE           NUM              1
      0087   0080  0 0000 00 0002   TWO           NUM              2
      0088   0081  0 0000 00 0005   FIVE          NUM              5
      0089   0082  0 0000 00 0014   N14           NUM             14
      0090                                        ORG      1000
      0091                          F             REG      2800       ARRAY F
      0092                                        END      0000





CHECK SUM    24447768
LOAD
HIGH    82
LOW
 3141 5926 5358 9793 2384 6264 3383 2795 0288 4197

 1693 9937 5105 8209 7494 4592 3078 1640 6286 2089

 9862 8034 8253 4211 7067 9821 4808 6513 2823 0664

 7093 8446 0955 0582 2317 2535 9408 1284 8111 7450

 2841 0270 1938 5211 0555 9644 6229 4895 4930 3819

 6442 8810 9756 6593 3446 1284 7564 8233 7867 8316

 5271 2019 0914 5648 5669 2346 0348 6104 5432 6648

 2133 9360 7260 2491 4127 3724 5870 0660 6315 5881

 7488 1520 9209 6282 9254 0917 1536 4367 8925 9036

 0011 3305 3054 8820 4665 2138 4146 9519 4151 1609

 4330 5727 0365 7595 9195 3092 1861 1738 1932 6117

 9310 5118 5480 7446 2379 9627 4956 7351 8857 5272

 4891 2279 3818 3011 9491 2983 3673 3624 4065 6643

 0860 2139 4946 3952 2473 7190 7021 7986 0943 7027

 7053 9217 1762 9317 6752 3846 7481 8467 6694 0513

 2000 5681 2714 5263 5608 2778 5771 3427 5778 9609

 1736 3717 8721 4684 4090 1224 9534 3014 6549 5853

 7105 0792 2796 8925 8923 5420 1995 6112 1290 2196

 0864 0344 1815 9813 6297 7477 1309 9605 1870 7211

 3499 9999 8372 9780 4995 1059 7317 3281 6096 3185

